# JRE version: OpenJDK Runtime Environment Temurin-21.0.11+10 (21.0.11+10) (build 21.0.11+10-LTS)
# Java VM: OpenJDK 64-Bit Server VM Temurin-21.0.11+10 (21.0.11+10-LTS, mixed mode, sharing, tiered, compressed oops, compressed class ptrs, parallel gc, windows-amd64)
GC Precious Log:
 CardTable entry size: 512
 CPUs: 8 total, 8 available
 Memory: 7896M
 Large Page Support: Disabled
 NUMA Support: Disabled
 Compressed Oops: Enabled (32-bit)
 Alignments: Space 512K, Generation 512K, Heap 2M
 Heap Min Capacity: 100M
 Heap Initial Capacity: 100M
 Heap Max Capacity: 2G
 Pre-touch: Disabled
 Parallel Workers: 8
Heap:
 PSYoungGen      total 12288K, used 2365K [0x00000000d5580000, 0x00000000d6400000, 0x0000000100000000)
  eden space 11776K, 15% used [0x00000000d5580000,0x00000000d5750608,0x00000000d6100000)
  from space 512K, 99% used [0x00000000d6280000,0x00000000d62ff0d8,0x00000000d6300000)
  to   space 1024K, 0% used [0x00000000d6300000,0x00000000d6300000,0x00000000d6400000)
 ParOldGen       total 68608K, used 55082K [0x0000000080000000, 0x0000000084300000, 0x00000000d5580000)
  object space 68608K, 80% used [0x0000000080000000,0x00000000835cab40,0x0000000084300000)
 Metaspace       used 60321K, committed 61696K, reserved 1114112K
  class space    used 6440K, committed 7040K, reserved 1048576K
GC Heap History (20 events):
Event: 33.922 GC heap before
{Heap before GC invocations=45 (full 2):
 PSYoungGen      total 14848K, used 14576K [0x00000000d5580000, 0x00000000d6580000, 0x0000000100000000)
  eden space 13312K, 100% used [0x00000000d5580000,0x00000000d6280000,0x00000000d6280000)
  from space 1536K, 82% used [0x00000000d6400000,0x00000000d653c010,0x00000000d6580000)
  to   space 1536K, 0% used [0x00000000d6280000,0x00000000d6280000,0x00000000d6400000)
 ParOldGen       total 68608K, used 58484K [0x0000000080000000, 0x0000000084300000, 0x00000000d5580000)
  object space 68608K, 85% used [0x0000000080000000,0x000000008391d0c0,0x0000000084300000)
 Metaspace       used 58144K, committed 59520K, reserved 1114112K
  class space    used 6273K, committed 6912K, reserved 1048576K
}
Event: 33.925 GC heap after
{Heap after GC invocations=45 (full 2):
 PSYoungGen      total 14336K, used 864K [0x00000000d5580000, 0x00000000d6480000, 0x0000000100000000)
  eden space 13312K, 0% used [0x00000000d5580000,0x00000000d5580000,0x00000000d6280000)
  from space 1024K, 84% used [0x00000000d6280000,0x00000000d6358000,0x00000000d6380000)
  to   space 1024K, 0% used [0x00000000d6380000,0x00000000d6380000,0x00000000d6480000)
 ParOldGen       total 68608K, used 59523K [0x0000000080000000, 0x0000000084300000, 0x00000000d5580000)
  object space 68608K, 86% used [0x0000000080000000,0x0000000083a20dd0,0x0000000084300000)
 Metaspace       used 58144K, committed 59520K, reserved 1114112K
  class space    used 6273K, committed 6912K, reserved 1048576K
}
Event: 34.240 GC heap before
{Heap before GC invocations=46 (full 2):
 PSYoungGen      total 14336K, used 14176K [0x00000000d5580000, 0x00000000d6480000, 0x0000000100000000)
  eden space 13312K, 100% used [0x00000000d5580000,0x00000000d6280000,0x00000000d6280000)
  from space 1024K, 84% used [0x00000000d6280000,0x00000000d6358000,0x00000000d6380000)
  to   space 1024K, 0% used [0x00000000d6380000,0x00000000d6380000,0x00000000d6480000)
 ParOldGen       total 68608K, used 59523K [0x0000000080000000, 0x0000000084300000, 0x00000000d5580000)
  object space 68608K, 86% used [0x0000000080000000,0x0000000083a20dd0,0x0000000084300000)
 Metaspace       used 58342K, committed 59776K, reserved 1114112K
  class space    used 6274K, committed 6912K, reserved 1048576K
}
Event: 34.242 GC heap after
{Heap after GC invocations=46 (full 2):
 PSYoungGen      total 12800K, used 1008K [0x00000000d5580000, 0x00000000d6780000, 0x0000000100000000)
  eden space 11776K, 0% used [0x00000000d5580000,0x00000000d5580000,0x00000000d6100000)
  from space 1024K, 98% used [0x00000000d6380000,0x00000000d647c010,0x00000000d6480000)
  to   space 2560K, 0% used [0x00000000d6100000,0x00000000d6100000,0x00000000d6380000)
 ParOldGen       total 68608K, used 60451K [0x0000000080000000, 0x0000000084300000, 0x00000000d5580000)
  object space 68608K, 88% used [0x0000000080000000,0x0000000083b08dd0,0x0000000084300000)
 Metaspace       used 58342K, committed 59776K, reserved 1114112K
  class space    used 6274K, committed 6912K, reserved 1048576K
}
Event: 34.286 GC heap before
{Heap before GC invocations=47 (full 2):
 PSYoungGen      total 12800K, used 3800K [0x00000000d5580000, 0x00000000d6780000, 0x0000000100000000)
  eden space 11776K, 23% used [0x00000000d5580000,0x00000000d583a328,0x00000000d6100000)
  from space 1024K, 98% used [0x00000000d6380000,0x00000000d647c010,0x00000000d6480000)
  to   space 2560K, 0% used [0x00000000d6100000,0x00000000d6100000,0x00000000d6380000)
 ParOldGen       total 68608K, used 60451K [0x0000000080000000, 0x0000000084300000, 0x00000000d5580000)
  object space 68608K, 88% used [0x0000000080000000,0x0000000083b08dd0,0x0000000084300000)
 Metaspace       used 58389K, committed 59776K, reserved 1114112K
  class space    used 6274K, committed 6912K, reserved 1048576K
}
Event: 34.287 GC heap after
{Heap after GC invocations=47 (full 2):
 PSYoungGen      total 14336K, used 448K [0x00000000d5580000, 0x00000000d6480000, 0x0000000100000000)
  eden space 11776K, 0% used [0x00000000d5580000,0x00000000d5580000,0x00000000d6100000)
  from space 2560K, 17% used [0x00000000d6100000,0x00000000d6170000,0x00000000d6380000)
  to   space 1024K, 0% used [0x00000000d6380000,0x00000000d6380000,0x00000000d6480000)
 ParOldGen       total 68608K, used 61091K [0x0000000080000000, 0x0000000084300000, 0x00000000d5580000)
  object space 68608K, 89% used [0x0000000080000000,0x0000000083ba8dd0,0x0000000084300000)
 Metaspace       used 58389K, committed 59776K, reserved 1114112K
  class space    used 6274K, committed 6912K, reserved 1048576K
}
Event: 34.287 GC heap before
{Heap before GC invocations=48 (full 3):
 PSYoungGen      total 14336K, used 448K [0x00000000d5580000, 0x00000000d6480000, 0x0000000100000000)
  eden space 11776K, 0% used [0x00000000d5580000,0x00000000d5580000,0x00000000d6100000)
  from space 2560K, 17% used [0x00000000d6100000,0x00000000d6170000,0x00000000d6380000)
  to   space 1024K, 0% used [0x00000000d6380000,0x00000000d6380000,0x00000000d6480000)
 ParOldGen       total 68608K, used 61091K [0x0000000080000000, 0x0000000084300000, 0x00000000d5580000)
  object space 68608K, 89% used [0x0000000080000000,0x0000000083ba8dd0,0x0000000084300000)
 Metaspace       used 58389K, committed 59776K, reserved 1114112K
  class space    used 6274K, committed 6912K, reserved 1048576K
}
Event: 34.369 GC heap after
{Heap after GC invocations=48 (full 3):
 PSYoungGen      total 14336K, used 0K [0x00000000d5580000, 0x00000000d6480000, 0x0000000100000000)
  eden space 11776K, 0% used [0x00000000d5580000,0x00000000d5580000,0x00000000d6100000)
  from space 2560K, 0% used [0x00000000d6100000,0x00000000d6100000,0x00000000d6380000)
  to   space 1024K, 0% used [0x00000000d6380000,0x00000000d6380000,0x00000000d6480000)
 ParOldGen       total 68608K, used 52768K [0x0000000080000000, 0x0000000084300000, 0x00000000d5580000)
  object space 68608K, 76% used [0x0000000080000000,0x0000000083388188,0x0000000084300000)
 Metaspace       used 58382K, committed 59776K, reserved 1114112K
  class space    used 6272K, committed 6912K, reserved 1048576K
}
Event: 34.662 GC heap before
{Heap before GC invocations=49 (full 3):
 PSYoungGen      total 14336K, used 11772K [0x00000000d5580000, 0x00000000d6480000, 0x0000000100000000)
  eden space 11776K, 99% used [0x00000000d5580000,0x00000000d60ff180,0x00000000d6100000)
  from space 2560K, 0% used [0x00000000d6100000,0x00000000d6100000,0x00000000d6380000)
  to   space 1024K, 0% used [0x00000000d6380000,0x00000000d6380000,0x00000000d6480000)
 ParOldGen       total 68608K, used 52768K [0x0000000080000000, 0x0000000084300000, 0x00000000d5580000)
  object space 68608K, 76% used [0x0000000080000000,0x0000000083388188,0x0000000084300000)
 Metaspace       used 58482K, committed 59904K, reserved 1114112K
  class space    used 6273K, committed 6912K, reserved 1048576K
}
Event: 34.663 GC heap after
{Heap after GC invocations=49 (full 3):
 PSYoungGen      total 12800K, used 704K [0x00000000d5580000, 0x00000000d6480000, 0x0000000100000000)
  eden space 11776K, 0% used [0x00000000d5580000,0x00000000d5580000,0x00000000d6100000)
  from space 1024K, 68% used [0x00000000d6380000,0x00000000d6430000,0x00000000d6480000)
  to   space 1024K, 0% used [0x00000000d6280000,0x00000000d6280000,0x00000000d6380000)
 ParOldGen       total 68608K, used 52776K [0x0000000080000000, 0x0000000084300000, 0x00000000d5580000)
  object space 68608K, 76% used [0x0000000080000000,0x000000008338a188,0x0000000084300000)
 Metaspace       used 58482K, committed 59904K, reserved 1114112K
  class space    used 6273K, committed 6912K, reserved 1048576K
}
Event: 34.852 GC heap before
{Heap before GC invocations=50 (full 3):
 PSYoungGen      total 12800K, used 12480K [0x00000000d5580000, 0x00000000d6480000, 0x0000000100000000)
  eden space 11776K, 100% used [0x00000000d5580000,0x00000000d6100000,0x00000000d6100000)
  from space 1024K, 68% used [0x00000000d6380000,0x00000000d6430000,0x00000000d6480000)
  to   space 1024K, 0% used [0x00000000d6280000,0x00000000d6280000,0x00000000d6380000)
 ParOldGen       total 68608K, used 52776K [0x0000000080000000, 0x0000000084300000, 0x00000000d5580000)
  object space 68608K, 76% used [0x0000000080000000,0x000000008338a188,0x0000000084300000)
 Metaspace       used 58544K, committed 59968K, reserved 1114112K
  class space    used 6277K, committed 6912K, reserved 1048576K
}
Event: 34.853 GC heap after
{Heap after GC invocations=50 (full 3):
 PSYoungGen      total 12800K, used 1024K [0x00000000d5580000, 0x00000000d6500000, 0x0000000100000000)
  eden space 11776K, 0% used [0x00000000d5580000,0x00000000d5580000,0x00000000d6100000)
  from space 1024K, 100% used [0x00000000d6280000,0x00000000d6380000,0x00000000d6380000)
  to   space 1536K, 0% used [0x00000000d6380000,0x00000000d6380000,0x00000000d6500000)
 ParOldGen       total 68608K, used 53344K [0x0000000080000000, 0x0000000084300000, 0x00000000d5580000)
  object space 68608K, 77% used [0x0000000080000000,0x0000000083418188,0x0000000084300000)
 Metaspace       used 58544K, committed 59968K, reserved 1114112K
  class space    used 6277K, committed 6912K, reserved 1048576K
}
Event: 35.291 GC heap before
{Heap before GC invocations=51 (full 3):
 PSYoungGen      total 12800K, used 12800K [0x00000000d5580000, 0x00000000d6500000, 0x0000000100000000)
  eden space 11776K, 100% used [0x00000000d5580000,0x00000000d6100000,0x00000000d6100000)
  from space 1024K, 100% used [0x00000000d6280000,0x00000000d6380000,0x00000000d6380000)
  to   space 1536K, 0% used [0x00000000d6380000,0x00000000d6380000,0x00000000d6500000)
 ParOldGen       total 68608K, used 53344K [0x0000000080000000, 0x0000000084300000, 0x00000000d5580000)
  object space 68608K, 77% used [0x0000000080000000,0x0000000083418188,0x0000000084300000)
 Metaspace       used 58597K, committed 59968K, reserved 1114112K
  class space    used 6277K, committed 6912K, reserved 1048576K
}
Event: 35.294 GC heap after
{Heap after GC invocations=51 (full 3):
 PSYoungGen      total 12800K, used 800K [0x00000000d5580000, 0x00000000d6480000, 0x0000000100000000)
  eden space 11776K, 0% used [0x00000000d5580000,0x00000000d5580000,0x00000000d6100000)
  from space 1024K, 78% used [0x00000000d6380000,0x00000000d6448000,0x00000000d6480000)
  to   space 1536K, 0% used [0x00000000d6180000,0x00000000d6180000,0x00000000d6300000)
 ParOldGen       total 68608K, used 53894K [0x0000000080000000, 0x0000000084300000, 0x00000000d5580000)
  object space 68608K, 78% used [0x0000000080000000,0x00000000834a18a0,0x0000000084300000)
 Metaspace       used 58597K, committed 59968K, reserved 1114112K
  class space    used 6277K, committed 6912K, reserved 1048576K
}
Event: 35.494 GC heap before
{Heap before GC invocations=52 (full 3):
 PSYoungGen      total 12800K, used 12576K [0x00000000d5580000, 0x00000000d6480000, 0x0000000100000000)
  eden space 11776K, 100% used [0x00000000d5580000,0x00000000d6100000,0x00000000d6100000)
  from space 1024K, 78% used [0x00000000d6380000,0x00000000d6448000,0x00000000d6480000)
  to   space 1536K, 0% used [0x00000000d6180000,0x00000000d6180000,0x00000000d6300000)
 ParOldGen       total 68608K, used 53894K [0x0000000080000000, 0x0000000084300000, 0x00000000d5580000)
  object space 68608K, 78% used [0x0000000080000000,0x00000000834a18a0,0x0000000084300000)
 Metaspace       used 59027K, committed 60352K, reserved 1114112K
  class space    used 6312K, committed 6912K, reserved 1048576K
}
Event: 35.496 GC heap after
{Heap after GC invocations=52 (full 3):
 PSYoungGen      total 13312K, used 480K [0x00000000d5580000, 0x00000000d6400000, 0x0000000100000000)
  eden space 11776K, 0% used [0x00000000d5580000,0x00000000d5580000,0x00000000d6100000)
  from space 1536K, 31% used [0x00000000d6180000,0x00000000d61f8000,0x00000000d6300000)
  to   space 1024K, 0% used [0x00000000d6300000,0x00000000d6300000,0x00000000d6400000)
 ParOldGen       total 68608K, used 54310K [0x0000000080000000, 0x0000000084300000, 0x00000000d5580000)
  object space 68608K, 79% used [0x0000000080000000,0x00000000835098a0,0x0000000084300000)
 Metaspace       used 59027K, committed 60352K, reserved 1114112K
  class space    used 6312K, committed 6912K, reserved 1048576K
}
Event: 60.649 GC heap before
{Heap before GC invocations=53 (full 3):
 PSYoungGen      total 13312K, used 12256K [0x00000000d5580000, 0x00000000d6400000, 0x0000000100000000)
  eden space 11776K, 100% used [0x00000000d5580000,0x00000000d6100000,0x00000000d6100000)
  from space 1536K, 31% used [0x00000000d6180000,0x00000000d61f8000,0x00000000d6300000)
  to   space 1024K, 0% used [0x00000000d6300000,0x00000000d6300000,0x00000000d6400000)
 ParOldGen       total 68608K, used 54310K [0x0000000080000000, 0x0000000084300000, 0x00000000d5580000)
  object space 68608K, 79% used [0x0000000080000000,0x00000000835098a0,0x0000000084300000)
 Metaspace       used 59105K, committed 60480K, reserved 1114112K
  class space    used 6316K, committed 6912K, reserved 1048576K
}
Event: 60.651 GC heap after
{Heap after GC invocations=53 (full 3):
 PSYoungGen      total 12288K, used 192K [0x00000000d5580000, 0x00000000d6380000, 0x0000000100000000)
  eden space 11776K, 0% used [0x00000000d5580000,0x00000000d5580000,0x00000000d6100000)
  from space 512K, 37% used [0x00000000d6300000,0x00000000d6330000,0x00000000d6380000)
  to   space 512K, 0% used [0x00000000d6280000,0x00000000d6280000,0x00000000d6300000)
 ParOldGen       total 68608K, used 54690K [0x0000000080000000, 0x0000000084300000, 0x00000000d5580000)
  object space 68608K, 79% used [0x0000000080000000,0x0000000083568b10,0x0000000084300000)
 Metaspace       used 59105K, committed 60480K, reserved 1114112K
  class space    used 6316K, committed 6912K, reserved 1048576K
}
Event: 306.795 GC heap before
{Heap before GC invocations=54 (full 3):
 PSYoungGen      total 12288K, used 11968K [0x00000000d5580000, 0x00000000d6380000, 0x0000000100000000)
  eden space 11776K, 100% used [0x00000000d5580000,0x00000000d6100000,0x00000000d6100000)
  from space 512K, 37% used [0x00000000d6300000,0x00000000d6330000,0x00000000d6380000)
  to   space 512K, 0% used [0x00000000d6280000,0x00000000d6280000,0x00000000d6300000)
 ParOldGen       total 68608K, used 54690K [0x0000000080000000, 0x0000000084300000, 0x00000000d5580000)
  object space 68608K, 79% used [0x0000000080000000,0x0000000083568b10,0x0000000084300000)
 Metaspace       used 60082K, committed 61440K, reserved 1114112K
  class space    used 6407K, committed 6976K, reserved 1048576K
}
Event: 306.796 GC heap after
{Heap after GC invocations=54 (full 3):
 PSYoungGen      total 12288K, used 508K [0x00000000d5580000, 0x00000000d6400000, 0x0000000100000000)
  eden space 11776K, 0% used [0x00000000d5580000,0x00000000d5580000,0x00000000d6100000)
  from space 512K, 99% used [0x00000000d6280000,0x00000000d62ff0d8,0x00000000d6300000)
  to   space 1024K, 0% used [0x00000000d6300000,0x00000000d6300000,0x00000000d6400000)
 ParOldGen       total 68608K, used 55082K [0x0000000080000000, 0x0000000084300000, 0x00000000d5580000)
  object space 68608K, 80% used [0x0000000080000000,0x00000000835cab40,0x0000000084300000)
 Metaspace       used 60082K, committed 61440K, reserved 1114112K
  class space    used 6407K, committed 6976K, reserved 1048576K
}

