# JRE version: OpenJDK Runtime Environment Temurin-21.0.11+10 (21.0.11+10) (build 21.0.11+10-LTS)
# Java VM: OpenJDK 64-Bit Server VM Temurin-21.0.11+10 (21.0.11+10-LTS, mixed mode, sharing, tiered, compressed oops, compressed class ptrs, parallel gc, windows-amd64)
GC Precious Log:
 CardTable entry size: 512
 CPUs: 8 total, 8 available
 Memory: 7896M
 Large Page Support: Disabled
 NUMA Support: Disabled
 Compressed Oops: Enabled (32-bit)
 Alignments: Space 512K, Generation 512K, Heap 2M
 Heap Min Capacity: 100M
 Heap Initial Capacity: 100M
 Heap Max Capacity: 2G
 Pre-touch: Disabled
 Parallel Workers: 8
Heap:
 PSYoungGen      total 22528K, used 19934K [0x00000000d5580000, 0x00000000d7000000, 0x0000000100000000)
  eden space 22016K, 88% used [0x00000000d5580000,0x00000000d687a2b0,0x00000000d6b00000)
  from space 512K, 98% used [0x00000000d6f00000,0x00000000d6f7d910,0x00000000d6f80000)
  to   space 2560K, 0% used [0x00000000d6b00000,0x00000000d6b00000,0x00000000d6d80000)
 ParOldGen       total 68608K, used 20705K [0x0000000080000000, 0x0000000084300000, 0x00000000d5580000)
  object space 68608K, 30% used [0x0000000080000000,0x00000000814387b0,0x0000000084300000)
 Metaspace       used 39494K, committed 40768K, reserved 1114112K
  class space    used 4225K, committed 4800K, reserved 1048576K
GC Heap History (20 events):
Event: 9.068 GC heap before
{Heap before GC invocations=9 (full 1):
 PSYoungGen      total 28672K, used 24576K [0x00000000d5580000, 0x00000000d7580000, 0x0000000100000000)
  eden space 24576K, 100% used [0x00000000d5580000,0x00000000d6d80000,0x00000000d6d80000)
  from space 4096K, 0% used [0x00000000d6e80000,0x00000000d6e80000,0x00000000d7280000)
  to   space 3072K, 0% used [0x00000000d7280000,0x00000000d7280000,0x00000000d7580000)
 ParOldGen       total 68608K, used 12944K [0x0000000080000000, 0x0000000084300000, 0x00000000d5580000)
  object space 68608K, 18% used [0x0000000080000000,0x0000000080ca4328,0x0000000084300000)
 Metaspace       used 22484K, committed 23424K, reserved 1114112K
  class space    used 2373K, committed 2752K, reserved 1048576K
}
Event: 9.071 GC heap after
{Heap after GC invocations=9 (full 1):
 PSYoungGen      total 27136K, used 2964K [0x00000000d5580000, 0x00000000d7580000, 0x0000000100000000)
  eden space 24064K, 0% used [0x00000000d5580000,0x00000000d5580000,0x00000000d6d00000)
  from space 3072K, 96% used [0x00000000d7280000,0x00000000d7565200,0x00000000d7580000)
  to   space 3584K, 0% used [0x00000000d6e80000,0x00000000d6e80000,0x00000000d7200000)
 ParOldGen       total 68608K, used 12952K [0x0000000080000000, 0x0000000084300000, 0x00000000d5580000)
  object space 68608K, 18% used [0x0000000080000000,0x0000000080ca6328,0x0000000084300000)
 Metaspace       used 22484K, committed 23424K, reserved 1114112K
  class space    used 2373K, committed 2752K, reserved 1048576K
}
Event: 9.587 GC heap before
{Heap before GC invocations=10 (full 1):
 PSYoungGen      total 27136K, used 27028K [0x00000000d5580000, 0x00000000d7580000, 0x0000000100000000)
  eden space 24064K, 100% used [0x00000000d5580000,0x00000000d6d00000,0x00000000d6d00000)
  from space 3072K, 96% used [0x00000000d7280000,0x00000000d7565200,0x00000000d7580000)
  to   space 3584K, 0% used [0x00000000d6e80000,0x00000000d6e80000,0x00000000d7200000)
 ParOldGen       total 68608K, used 12952K [0x0000000080000000, 0x0000000084300000, 0x00000000d5580000)
  object space 68608K, 18% used [0x0000000080000000,0x0000000080ca6328,0x0000000084300000)
 Metaspace       used 26372K, committed 27328K, reserved 1114112K
  class space    used 2656K, committed 3072K, reserved 1048576K
}
Event: 9.591 GC heap after
{Heap after GC invocations=10 (full 1):
 PSYoungGen      total 25088K, used 1532K [0x00000000d5580000, 0x00000000d7300000, 0x0000000100000000)
  eden space 23552K, 0% used [0x00000000d5580000,0x00000000d5580000,0x00000000d6c80000)
  from space 1536K, 99% used [0x00000000d6e80000,0x00000000d6fff378,0x00000000d7000000)
  to   space 2560K, 0% used [0x00000000d7080000,0x00000000d7080000,0x00000000d7300000)
 ParOldGen       total 68608K, used 12960K [0x0000000080000000, 0x0000000084300000, 0x00000000d5580000)
  object space 68608K, 18% used [0x0000000080000000,0x0000000080ca8328,0x0000000084300000)
 Metaspace       used 26372K, committed 27328K, reserved 1114112K
  class space    used 2656K, committed 3072K, reserved 1048576K
}
Event: 9.915 GC heap before
{Heap before GC invocations=11 (full 1):
 PSYoungGen      total 25088K, used 25084K [0x00000000d5580000, 0x00000000d7300000, 0x0000000100000000)
  eden space 23552K, 100% used [0x00000000d5580000,0x00000000d6c80000,0x00000000d6c80000)
  from space 1536K, 99% used [0x00000000d6e80000,0x00000000d6fff378,0x00000000d7000000)
  to   space 2560K, 0% used [0x00000000d7080000,0x00000000d7080000,0x00000000d7300000)
 ParOldGen       total 68608K, used 12960K [0x0000000080000000, 0x0000000084300000, 0x00000000d5580000)
  object space 68608K, 18% used [0x0000000080000000,0x0000000080ca8328,0x0000000084300000)
 Metaspace       used 27843K, committed 28928K, reserved 1114112K
  class space    used 2789K, committed 3264K, reserved 1048576K
}
Event: 9.920 GC heap after
{Heap after GC invocations=11 (full 1):
 PSYoungGen      total 25600K, used 2197K [0x00000000d5580000, 0x00000000d7300000, 0x0000000100000000)
  eden space 23040K, 0% used [0x00000000d5580000,0x00000000d5580000,0x00000000d6c00000)
  from space 2560K, 85% used [0x00000000d7080000,0x00000000d72a54e0,0x00000000d7300000)
  to   space 2560K, 0% used [0x00000000d6e00000,0x00000000d6e00000,0x00000000d7080000)
 ParOldGen       total 68608K, used 14696K [0x0000000080000000, 0x0000000084300000, 0x00000000d5580000)
  object space 68608K, 21% used [0x0000000080000000,0x0000000080e5a278,0x0000000084300000)
 Metaspace       used 27843K, committed 28928K, reserved 1114112K
  class space    used 2789K, committed 3264K, reserved 1048576K
}
Event: 10.903 GC heap before
{Heap before GC invocations=12 (full 1):
 PSYoungGen      total 25600K, used 25223K [0x00000000d5580000, 0x00000000d7300000, 0x0000000100000000)
  eden space 23040K, 99% used [0x00000000d5580000,0x00000000d6bfca98,0x00000000d6c00000)
  from space 2560K, 85% used [0x00000000d7080000,0x00000000d72a54e0,0x00000000d7300000)
  to   space 2560K, 0% used [0x00000000d6e00000,0x00000000d6e00000,0x00000000d7080000)
 ParOldGen       total 68608K, used 14696K [0x0000000080000000, 0x0000000084300000, 0x00000000d5580000)
  object space 68608K, 21% used [0x0000000080000000,0x0000000080e5a278,0x0000000084300000)
 Metaspace       used 30967K, committed 32064K, reserved 1114112K
  class space    used 3168K, committed 3648K, reserved 1048576K
}
Event: 10.911 GC heap after
{Heap after GC invocations=12 (full 1):
 PSYoungGen      total 24064K, used 1420K [0x00000000d5580000, 0x00000000d7100000, 0x0000000100000000)
  eden space 22528K, 0% used [0x00000000d5580000,0x00000000d5580000,0x00000000d6b80000)
  from space 1536K, 92% used [0x00000000d6e00000,0x00000000d6f632e8,0x00000000d6f80000)
  to   space 1536K, 0% used [0x00000000d6f80000,0x00000000d6f80000,0x00000000d7100000)
 ParOldGen       total 68608K, used 16354K [0x0000000080000000, 0x0000000084300000, 0x00000000d5580000)
  object space 68608K, 23% used [0x0000000080000000,0x0000000080ff89f8,0x0000000084300000)
 Metaspace       used 30967K, committed 32064K, reserved 1114112K
  class space    used 3168K, committed 3648K, reserved 1048576K
}
Event: 12.097 GC heap before
{Heap before GC invocations=13 (full 1):
 PSYoungGen      total 24064K, used 23948K [0x00000000d5580000, 0x00000000d7100000, 0x0000000100000000)
  eden space 22528K, 100% used [0x00000000d5580000,0x00000000d6b80000,0x00000000d6b80000)
  from space 1536K, 92% used [0x00000000d6e00000,0x00000000d6f632e8,0x00000000d6f80000)
  to   space 1536K, 0% used [0x00000000d6f80000,0x00000000d6f80000,0x00000000d7100000)
 ParOldGen       total 68608K, used 16354K [0x0000000080000000, 0x0000000084300000, 0x00000000d5580000)
  object space 68608K, 23% used [0x0000000080000000,0x0000000080ff89f8,0x0000000084300000)
 Metaspace       used 33292K, committed 34432K, reserved 1114112K
  class space    used 3447K, committed 3968K, reserved 1048576K
}
Event: 12.103 GC heap after
{Heap after GC invocations=13 (full 1):
 PSYoungGen      total 23040K, used 992K [0x00000000d5580000, 0x00000000d7080000, 0x0000000100000000)
  eden space 22016K, 0% used [0x00000000d5580000,0x00000000d5580000,0x00000000d6b00000)
  from space 1024K, 96% used [0x00000000d6f80000,0x00000000d7078000,0x00000000d7080000)
  to   space 1536K, 0% used [0x00000000d6d80000,0x00000000d6d80000,0x00000000d6f00000)
 ParOldGen       total 68608K, used 17522K [0x0000000080000000, 0x0000000084300000, 0x00000000d5580000)
  object space 68608K, 25% used [0x0000000080000000,0x000000008111c9d0,0x0000000084300000)
 Metaspace       used 33292K, committed 34432K, reserved 1114112K
  class space    used 3447K, committed 3968K, reserved 1048576K
}
Event: 12.947 GC heap before
{Heap before GC invocations=14 (full 1):
 PSYoungGen      total 23040K, used 16634K [0x00000000d5580000, 0x00000000d7080000, 0x0000000100000000)
  eden space 22016K, 71% used [0x00000000d5580000,0x00000000d64c6ba0,0x00000000d6b00000)
  from space 1024K, 96% used [0x00000000d6f80000,0x00000000d7078000,0x00000000d7080000)
  to   space 1536K, 0% used [0x00000000d6d80000,0x00000000d6d80000,0x00000000d6f00000)
 ParOldGen       total 68608K, used 17522K [0x0000000080000000, 0x0000000084300000, 0x00000000d5580000)
  object space 68608K, 25% used [0x0000000080000000,0x000000008111c9d0,0x0000000084300000)
 Metaspace       used 34759K, committed 35968K, reserved 1114112K
  class space    used 3623K, committed 4160K, reserved 1048576K
}
Event: 12.953 GC heap after
{Heap after GC invocations=14 (full 1):
 PSYoungGen      total 23552K, used 1465K [0x00000000d5580000, 0x00000000d7000000, 0x0000000100000000)
  eden space 22016K, 0% used [0x00000000d5580000,0x00000000d5580000,0x00000000d6b00000)
  from space 1536K, 95% used [0x00000000d6d80000,0x00000000d6eee540,0x00000000d6f00000)
  to   space 1024K, 0% used [0x00000000d6f00000,0x00000000d6f00000,0x00000000d7000000)
 ParOldGen       total 68608K, used 18397K [0x0000000080000000, 0x0000000084300000, 0x00000000d5580000)
  object space 68608K, 26% used [0x0000000080000000,0x00000000811f76d0,0x0000000084300000)
 Metaspace       used 34759K, committed 35968K, reserved 1114112K
  class space    used 3623K, committed 4160K, reserved 1048576K
}
Event: 12.989 GC heap before
{Heap before GC invocations=15 (full 1):
 PSYoungGen      total 23552K, used 3847K [0x00000000d5580000, 0x00000000d7000000, 0x0000000100000000)
  eden space 22016K, 10% used [0x00000000d5580000,0x00000000d57d37d0,0x00000000d6b00000)
  from space 1536K, 95% used [0x00000000d6d80000,0x00000000d6eee540,0x00000000d6f00000)
  to   space 1024K, 0% used [0x00000000d6f00000,0x00000000d6f00000,0x00000000d7000000)
 ParOldGen       total 68608K, used 18397K [0x0000000080000000, 0x0000000084300000, 0x00000000d5580000)
  object space 68608K, 26% used [0x0000000080000000,0x00000000811f76d0,0x0000000084300000)
 Metaspace       used 35027K, committed 36224K, reserved 1114112K
  class space    used 3651K, committed 4160K, reserved 1048576K
}
Event: 12.992 GC heap after
{Heap after GC invocations=15 (full 1):
 PSYoungGen      total 22528K, used 321K [0x00000000d5580000, 0x00000000d6f80000, 0x0000000100000000)
  eden space 22016K, 0% used [0x00000000d5580000,0x00000000d5580000,0x00000000d6b00000)
  from space 512K, 62% used [0x00000000d6f00000,0x00000000d6f50508,0x00000000d6f80000)
  to   space 1024K, 0% used [0x00000000d6d80000,0x00000000d6d80000,0x00000000d6e80000)
 ParOldGen       total 68608K, used 19675K [0x0000000080000000, 0x0000000084300000, 0x00000000d5580000)
  object space 68608K, 28% used [0x0000000080000000,0x0000000081336f30,0x0000000084300000)
 Metaspace       used 35027K, committed 36224K, reserved 1114112K
  class space    used 3651K, committed 4160K, reserved 1048576K
}
Event: 13.019 GC heap before
{Heap before GC invocations=16 (full 1):
 PSYoungGen      total 22528K, used 3351K [0x00000000d5580000, 0x00000000d6f80000, 0x0000000100000000)
  eden space 22016K, 13% used [0x00000000d5580000,0x00000000d5875a08,0x00000000d6b00000)
  from space 512K, 62% used [0x00000000d6f00000,0x00000000d6f50508,0x00000000d6f80000)
  to   space 1024K, 0% used [0x00000000d6d80000,0x00000000d6d80000,0x00000000d6e80000)
 ParOldGen       total 68608K, used 19675K [0x0000000080000000, 0x0000000084300000, 0x00000000d5580000)
  object space 68608K, 28% used [0x0000000080000000,0x0000000081336f30,0x0000000084300000)
 Metaspace       used 35349K, committed 36480K, reserved 1114112K
  class space    used 3690K, committed 4224K, reserved 1048576K
}
Event: 13.020 GC heap after
{Heap after GC invocations=16 (full 1):
 PSYoungGen      total 23040K, used 291K [0x00000000d5580000, 0x00000000d6f80000, 0x0000000100000000)
  eden space 22016K, 0% used [0x00000000d5580000,0x00000000d5580000,0x00000000d6b00000)
  from space 1024K, 28% used [0x00000000d6d80000,0x00000000d6dc8dd0,0x00000000d6e80000)
  to   space 512K, 0% used [0x00000000d6f00000,0x00000000d6f00000,0x00000000d6f80000)
 ParOldGen       total 68608K, used 19747K [0x0000000080000000, 0x0000000084300000, 0x00000000d5580000)
  object space 68608K, 28% used [0x0000000080000000,0x0000000081348f30,0x0000000084300000)
 Metaspace       used 35349K, committed 36480K, reserved 1114112K
  class space    used 3690K, committed 4224K, reserved 1048576K
}
Event: 13.020 GC heap before
{Heap before GC invocations=17 (full 2):
 PSYoungGen      total 23040K, used 291K [0x00000000d5580000, 0x00000000d6f80000, 0x0000000100000000)
  eden space 22016K, 0% used [0x00000000d5580000,0x00000000d5580000,0x00000000d6b00000)
  from space 1024K, 28% used [0x00000000d6d80000,0x00000000d6dc8dd0,0x00000000d6e80000)
  to   space 512K, 0% used [0x00000000d6f00000,0x00000000d6f00000,0x00000000d6f80000)
 ParOldGen       total 68608K, used 19747K [0x0000000080000000, 0x0000000084300000, 0x00000000d5580000)
  object space 68608K, 28% used [0x0000000080000000,0x0000000081348f30,0x0000000084300000)
 Metaspace       used 35349K, committed 36480K, reserved 1114112K
  class space    used 3690K, committed 4224K, reserved 1048576K
}
Event: 13.096 GC heap after
{Heap after GC invocations=17 (full 2):
 PSYoungGen      total 23040K, used 0K [0x00000000d5580000, 0x00000000d6f80000, 0x0000000100000000)
  eden space 22016K, 0% used [0x00000000d5580000,0x00000000d5580000,0x00000000d6b00000)
  from space 1024K, 0% used [0x00000000d6d80000,0x00000000d6d80000,0x00000000d6e80000)
  to   space 512K, 0% used [0x00000000d6f00000,0x00000000d6f00000,0x00000000d6f80000)
 ParOldGen       total 68608K, used 19017K [0x0000000080000000, 0x0000000084300000, 0x00000000d5580000)
  object space 68608K, 27% used [0x0000000080000000,0x0000000081292790,0x0000000084300000)
 Metaspace       used 35349K, committed 36480K, reserved 1114112K
  class space    used 3690K, committed 4224K, reserved 1048576K
}
Event: 13.671 GC heap before
{Heap before GC invocations=18 (full 2):
 PSYoungGen      total 23040K, used 21978K [0x00000000d5580000, 0x00000000d6f80000, 0x0000000100000000)
  eden space 22016K, 99% used [0x00000000d5580000,0x00000000d6af68e8,0x00000000d6b00000)
  from space 1024K, 0% used [0x00000000d6d80000,0x00000000d6d80000,0x00000000d6e80000)
  to   space 512K, 0% used [0x00000000d6f00000,0x00000000d6f00000,0x00000000d6f80000)
 ParOldGen       total 68608K, used 19017K [0x0000000080000000, 0x0000000084300000, 0x00000000d5580000)
  object space 68608K, 27% used [0x0000000080000000,0x0000000081292790,0x0000000084300000)
 Metaspace       used 37484K, committed 38720K, reserved 1114112K
  class space    used 3970K, committed 4544K, reserved 1048576K
}
Event: 13.674 GC heap after
{Heap after GC invocations=18 (full 2):
 PSYoungGen      total 22528K, used 502K [0x00000000d5580000, 0x00000000d7000000, 0x0000000100000000)
  eden space 22016K, 0% used [0x00000000d5580000,0x00000000d5580000,0x00000000d6b00000)
  from space 512K, 98% used [0x00000000d6f00000,0x00000000d6f7d910,0x00000000d6f80000)
  to   space 2560K, 0% used [0x00000000d6b00000,0x00000000d6b00000,0x00000000d6d80000)
 ParOldGen       total 68608K, used 20705K [0x0000000080000000, 0x0000000084300000, 0x00000000d5580000)
  object space 68608K, 30% used [0x0000000080000000,0x00000000814387b0,0x0000000084300000)
 Metaspace       used 37484K, committed 38720K, reserved 1114112K
  class space    used 3970K, committed 4544K, reserved 1048576K
}

