# JRE version: OpenJDK Runtime Environment Temurin-21.0.11+10 (21.0.11+10) (build 21.0.11+10-LTS)
# Java VM: OpenJDK 64-Bit Server VM Temurin-21.0.11+10 (21.0.11+10-LTS, mixed mode, sharing, tiered, compressed oops, compressed class ptrs, parallel gc, windows-amd64)
GC Precious Log:
 CardTable entry size: 512
 CPUs: 8 total, 8 available
 Memory: 7896M
 Large Page Support: Disabled
 NUMA Support: Disabled
 Compressed Oops: Enabled (32-bit)
 Alignments: Space 512K, Generation 512K, Heap 2M
 Heap Min Capacity: 100M
 Heap Initial Capacity: 100M
 Heap Max Capacity: 2G
 Pre-touch: Disabled
 Parallel Workers: 8
Heap:
 PSYoungGen      total 18944K, used 17585K [0x00000000d5580000, 0x00000000d6900000, 0x0000000100000000)
  eden space 17920K, 94% used [0x00000000d5580000,0x00000000d66044e8,0x00000000d6700000)
  from space 1024K, 65% used [0x00000000d6800000,0x00000000d68a8000,0x00000000d6900000)
  to   space 1024K, 0% used [0x00000000d6700000,0x00000000d6700000,0x00000000d6800000)
 ParOldGen       total 68608K, used 65219K [0x0000000080000000, 0x0000000084300000, 0x00000000d5580000)
  object space 68608K, 95% used [0x0000000080000000,0x0000000083fb0d50,0x0000000084300000)
 Metaspace       used 59456K, committed 60864K, reserved 1114112K
  class space    used 6397K, committed 6976K, reserved 1048576K
GC Heap History (20 events):
Event: 16.765 GC heap before
{Heap before GC invocations=57 (full 3):
 PSYoungGen      total 19456K, used 19440K [0x00000000d5580000, 0x00000000d6a80000, 0x0000000100000000)
  eden space 18432K, 100% used [0x00000000d5580000,0x00000000d6780000,0x00000000d6780000)
  from space 1024K, 98% used [0x00000000d6800000,0x00000000d68fc010,0x00000000d6900000)
  to   space 1536K, 0% used [0x00000000d6900000,0x00000000d6900000,0x00000000d6a80000)
 ParOldGen       total 68608K, used 60540K [0x0000000080000000, 0x0000000084300000, 0x00000000d5580000)
  object space 68608K, 88% used [0x0000000080000000,0x0000000083b1f208,0x0000000084300000)
 Metaspace       used 59064K, committed 60480K, reserved 1114112K
  class space    used 6375K, committed 6976K, reserved 1048576K
}
Event: 16.767 GC heap after
{Heap after GC invocations=57 (full 3):
 PSYoungGen      total 19456K, used 672K [0x00000000d5580000, 0x00000000d6a00000, 0x0000000100000000)
  eden space 18432K, 0% used [0x00000000d5580000,0x00000000d5580000,0x00000000d6780000)
  from space 1024K, 65% used [0x00000000d6900000,0x00000000d69a8000,0x00000000d6a00000)
  to   space 1024K, 0% used [0x00000000d6800000,0x00000000d6800000,0x00000000d6900000)
 ParOldGen       total 68608K, used 61116K [0x0000000080000000, 0x0000000084300000, 0x00000000d5580000)
  object space 68608K, 89% used [0x0000000080000000,0x0000000083baf208,0x0000000084300000)
 Metaspace       used 59064K, committed 60480K, reserved 1114112K
  class space    used 6375K, committed 6976K, reserved 1048576K
}
Event: 16.788 GC heap before
{Heap before GC invocations=58 (full 3):
 PSYoungGen      total 19456K, used 19104K [0x00000000d5580000, 0x00000000d6a00000, 0x0000000100000000)
  eden space 18432K, 100% used [0x00000000d5580000,0x00000000d6780000,0x00000000d6780000)
  from space 1024K, 65% used [0x00000000d6900000,0x00000000d69a8000,0x00000000d6a00000)
  to   space 1024K, 0% used [0x00000000d6800000,0x00000000d6800000,0x00000000d6900000)
 ParOldGen       total 68608K, used 61116K [0x0000000080000000, 0x0000000084300000, 0x00000000d5580000)
  object space 68608K, 89% used [0x0000000080000000,0x0000000083baf208,0x0000000084300000)
 Metaspace       used 59105K, committed 60480K, reserved 1114112K
  class space    used 6375K, committed 6976K, reserved 1048576K
}
Event: 16.790 GC heap after
{Heap after GC invocations=58 (full 3):
 PSYoungGen      total 19456K, used 960K [0x00000000d5580000, 0x00000000d6980000, 0x0000000100000000)
  eden space 18432K, 0% used [0x00000000d5580000,0x00000000d5580000,0x00000000d6780000)
  from space 1024K, 93% used [0x00000000d6800000,0x00000000d68f0000,0x00000000d6900000)
  to   space 512K, 0% used [0x00000000d6900000,0x00000000d6900000,0x00000000d6980000)
 ParOldGen       total 68608K, used 61564K [0x0000000080000000, 0x0000000084300000, 0x00000000d5580000)
  object space 68608K, 89% used [0x0000000080000000,0x0000000083c1f208,0x0000000084300000)
 Metaspace       used 59105K, committed 60480K, reserved 1114112K
  class space    used 6375K, committed 6976K, reserved 1048576K
}
Event: 16.808 GC heap before
{Heap before GC invocations=59 (full 3):
 PSYoungGen      total 19456K, used 19392K [0x00000000d5580000, 0x00000000d6980000, 0x0000000100000000)
  eden space 18432K, 100% used [0x00000000d5580000,0x00000000d6780000,0x00000000d6780000)
  from space 1024K, 93% used [0x00000000d6800000,0x00000000d68f0000,0x00000000d6900000)
  to   space 512K, 0% used [0x00000000d6900000,0x00000000d6900000,0x00000000d6980000)
 ParOldGen       total 68608K, used 61564K [0x0000000080000000, 0x0000000084300000, 0x00000000d5580000)
  object space 68608K, 89% used [0x0000000080000000,0x0000000083c1f208,0x0000000084300000)
 Metaspace       used 59119K, committed 60544K, reserved 1114112K
  class space    used 6375K, committed 6976K, reserved 1048576K
}
Event: 16.810 GC heap after
{Heap after GC invocations=59 (full 3):
 PSYoungGen      total 18432K, used 512K [0x00000000d5580000, 0x00000000d6b80000, 0x0000000100000000)
  eden space 17920K, 0% used [0x00000000d5580000,0x00000000d5580000,0x00000000d6700000)
  from space 512K, 100% used [0x00000000d6900000,0x00000000d6980000,0x00000000d6980000)
  to   space 2048K, 0% used [0x00000000d6700000,0x00000000d6700000,0x00000000d6900000)
 ParOldGen       total 68608K, used 62570K [0x0000000080000000, 0x0000000084300000, 0x00000000d5580000)
  object space 68608K, 91% used [0x0000000080000000,0x0000000083d1a920,0x0000000084300000)
 Metaspace       used 59119K, committed 60544K, reserved 1114112K
  class space    used 6375K, committed 6976K, reserved 1048576K
}
Event: 16.819 GC heap before
{Heap before GC invocations=60 (full 3):
 PSYoungGen      total 18432K, used 18432K [0x00000000d5580000, 0x00000000d6b80000, 0x0000000100000000)
  eden space 17920K, 100% used [0x00000000d5580000,0x00000000d6700000,0x00000000d6700000)
  from space 512K, 100% used [0x00000000d6900000,0x00000000d6980000,0x00000000d6980000)
  to   space 2048K, 0% used [0x00000000d6700000,0x00000000d6700000,0x00000000d6900000)
 ParOldGen       total 68608K, used 62570K [0x0000000080000000, 0x0000000084300000, 0x00000000d5580000)
  object space 68608K, 91% used [0x0000000080000000,0x0000000083d1a920,0x0000000084300000)
 Metaspace       used 59131K, committed 60544K, reserved 1114112K
  class space    used 6375K, committed 6976K, reserved 1048576K
}
Event: 16.821 GC heap after
{Heap after GC invocations=60 (full 3):
 PSYoungGen      total 18944K, used 608K [0x00000000d5580000, 0x00000000d6980000, 0x0000000100000000)
  eden space 17920K, 0% used [0x00000000d5580000,0x00000000d5580000,0x00000000d6700000)
  from space 1024K, 59% used [0x00000000d6700000,0x00000000d6798000,0x00000000d6800000)
  to   space 1024K, 0% used [0x00000000d6880000,0x00000000d6880000,0x00000000d6980000)
 ParOldGen       total 68608K, used 63090K [0x0000000080000000, 0x0000000084300000, 0x00000000d5580000)
  object space 68608K, 91% used [0x0000000080000000,0x0000000083d9c920,0x0000000084300000)
 Metaspace       used 59131K, committed 60544K, reserved 1114112K
  class space    used 6375K, committed 6976K, reserved 1048576K
}
Event: 16.841 GC heap before
{Heap before GC invocations=61 (full 3):
 PSYoungGen      total 18944K, used 18528K [0x00000000d5580000, 0x00000000d6980000, 0x0000000100000000)
  eden space 17920K, 100% used [0x00000000d5580000,0x00000000d6700000,0x00000000d6700000)
  from space 1024K, 59% used [0x00000000d6700000,0x00000000d6798000,0x00000000d6800000)
  to   space 1024K, 0% used [0x00000000d6880000,0x00000000d6880000,0x00000000d6980000)
 ParOldGen       total 68608K, used 63090K [0x0000000080000000, 0x0000000084300000, 0x00000000d5580000)
  object space 68608K, 91% used [0x0000000080000000,0x0000000083d9c920,0x0000000084300000)
 Metaspace       used 59145K, committed 60544K, reserved 1114112K
  class space    used 6375K, committed 6976K, reserved 1048576K
}
Event: 16.842 GC heap after
{Heap after GC invocations=61 (full 3):
 PSYoungGen      total 18432K, used 352K [0x00000000d5580000, 0x00000000d6900000, 0x0000000100000000)
  eden space 17920K, 0% used [0x00000000d5580000,0x00000000d5580000,0x00000000d6700000)
  from space 512K, 68% used [0x00000000d6880000,0x00000000d68d8000,0x00000000d6900000)
  to   space 512K, 0% used [0x00000000d6800000,0x00000000d6800000,0x00000000d6880000)
 ParOldGen       total 68608K, used 63562K [0x0000000080000000, 0x0000000084300000, 0x00000000d5580000)
  object space 68608K, 92% used [0x0000000080000000,0x0000000083e12920,0x0000000084300000)
 Metaspace       used 59145K, committed 60544K, reserved 1114112K
  class space    used 6375K, committed 6976K, reserved 1048576K
}
Event: 16.859 GC heap before
{Heap before GC invocations=62 (full 3):
 PSYoungGen      total 18432K, used 18272K [0x00000000d5580000, 0x00000000d6900000, 0x0000000100000000)
  eden space 17920K, 100% used [0x00000000d5580000,0x00000000d6700000,0x00000000d6700000)
  from space 512K, 68% used [0x00000000d6880000,0x00000000d68d8000,0x00000000d6900000)
  to   space 512K, 0% used [0x00000000d6800000,0x00000000d6800000,0x00000000d6880000)
 ParOldGen       total 68608K, used 63562K [0x0000000080000000, 0x0000000084300000, 0x00000000d5580000)
  object space 68608K, 92% used [0x0000000080000000,0x0000000083e12920,0x0000000084300000)
 Metaspace       used 59194K, committed 60608K, reserved 1114112K
  class space    used 6378K, committed 6976K, reserved 1048576K
}
Event: 16.860 GC heap after
{Heap after GC invocations=62 (full 3):
 PSYoungGen      total 18432K, used 512K [0x00000000d5580000, 0x00000000d6900000, 0x0000000100000000)
  eden space 17920K, 0% used [0x00000000d5580000,0x00000000d5580000,0x00000000d6700000)
  from space 512K, 100% used [0x00000000d6800000,0x00000000d6880000,0x00000000d6880000)
  to   space 512K, 0% used [0x00000000d6880000,0x00000000d6880000,0x00000000d6900000)
 ParOldGen       total 68608K, used 63834K [0x0000000080000000, 0x0000000084300000, 0x00000000d5580000)
  object space 68608K, 93% used [0x0000000080000000,0x0000000083e56920,0x0000000084300000)
 Metaspace       used 59194K, committed 60608K, reserved 1114112K
  class space    used 6378K, committed 6976K, reserved 1048576K
}
Event: 16.876 GC heap before
{Heap before GC invocations=63 (full 3):
 PSYoungGen      total 18432K, used 18432K [0x00000000d5580000, 0x00000000d6900000, 0x0000000100000000)
  eden space 17920K, 100% used [0x00000000d5580000,0x00000000d6700000,0x00000000d6700000)
  from space 512K, 100% used [0x00000000d6800000,0x00000000d6880000,0x00000000d6880000)
  to   space 512K, 0% used [0x00000000d6880000,0x00000000d6880000,0x00000000d6900000)
 ParOldGen       total 68608K, used 63834K [0x0000000080000000, 0x0000000084300000, 0x00000000d5580000)
  object space 68608K, 93% used [0x0000000080000000,0x0000000083e56920,0x0000000084300000)
 Metaspace       used 59209K, committed 60608K, reserved 1114112K
  class space    used 6378K, committed 6976K, reserved 1048576K
}
Event: 16.877 GC heap after
{Heap after GC invocations=63 (full 3):
 PSYoungGen      total 18432K, used 480K [0x00000000d5580000, 0x00000000d6900000, 0x0000000100000000)
  eden space 17920K, 0% used [0x00000000d5580000,0x00000000d5580000,0x00000000d6700000)
  from space 512K, 93% used [0x00000000d6880000,0x00000000d68f8000,0x00000000d6900000)
  to   space 1024K, 0% used [0x00000000d6700000,0x00000000d6700000,0x00000000d6800000)
 ParOldGen       total 68608K, used 64274K [0x0000000080000000, 0x0000000084300000, 0x00000000d5580000)
  object space 68608K, 93% used [0x0000000080000000,0x0000000083ec4940,0x0000000084300000)
 Metaspace       used 59209K, committed 60608K, reserved 1114112K
  class space    used 6378K, committed 6976K, reserved 1048576K
}
Event: 16.893 GC heap before
{Heap before GC invocations=64 (full 3):
 PSYoungGen      total 18432K, used 18400K [0x00000000d5580000, 0x00000000d6900000, 0x0000000100000000)
  eden space 17920K, 100% used [0x00000000d5580000,0x00000000d6700000,0x00000000d6700000)
  from space 512K, 93% used [0x00000000d6880000,0x00000000d68f8000,0x00000000d6900000)
  to   space 1024K, 0% used [0x00000000d6700000,0x00000000d6700000,0x00000000d6800000)
 ParOldGen       total 68608K, used 64274K [0x0000000080000000, 0x0000000084300000, 0x00000000d5580000)
  object space 68608K, 93% used [0x0000000080000000,0x0000000083ec4940,0x0000000084300000)
 Metaspace       used 59236K, committed 60672K, reserved 1114112K
  class space    used 6378K, committed 6976K, reserved 1048576K
}
Event: 16.894 GC heap after
{Heap after GC invocations=64 (full 3):
 PSYoungGen      total 18944K, used 448K [0x00000000d5580000, 0x00000000d6900000, 0x0000000100000000)
  eden space 17920K, 0% used [0x00000000d5580000,0x00000000d5580000,0x00000000d6700000)
  from space 1024K, 43% used [0x00000000d6700000,0x00000000d6770000,0x00000000d6800000)
  to   space 512K, 0% used [0x00000000d6880000,0x00000000d6880000,0x00000000d6900000)
 ParOldGen       total 68608K, used 64498K [0x0000000080000000, 0x0000000084300000, 0x00000000d5580000)
  object space 68608K, 94% used [0x0000000080000000,0x0000000083efc950,0x0000000084300000)
 Metaspace       used 59236K, committed 60672K, reserved 1114112K
  class space    used 6378K, committed 6976K, reserved 1048576K
}
Event: 16.913 GC heap before
{Heap before GC invocations=65 (full 3):
 PSYoungGen      total 18944K, used 18368K [0x00000000d5580000, 0x00000000d6900000, 0x0000000100000000)
  eden space 17920K, 100% used [0x00000000d5580000,0x00000000d6700000,0x00000000d6700000)
  from space 1024K, 43% used [0x00000000d6700000,0x00000000d6770000,0x00000000d6800000)
  to   space 512K, 0% used [0x00000000d6880000,0x00000000d6880000,0x00000000d6900000)
 ParOldGen       total 68608K, used 64498K [0x0000000080000000, 0x0000000084300000, 0x00000000d5580000)
  object space 68608K, 94% used [0x0000000080000000,0x0000000083efc950,0x0000000084300000)
 Metaspace       used 59246K, committed 60672K, reserved 1114112K
  class space    used 6378K, committed 6976K, reserved 1048576K
}
Event: 16.914 GC heap after
{Heap after GC invocations=65 (full 3):
 PSYoungGen      total 18432K, used 497K [0x00000000d5580000, 0x00000000d6900000, 0x0000000100000000)
  eden space 17920K, 0% used [0x00000000d5580000,0x00000000d5580000,0x00000000d6700000)
  from space 512K, 97% used [0x00000000d6880000,0x00000000d68fc400,0x00000000d6900000)
  to   space 1024K, 0% used [0x00000000d6700000,0x00000000d6700000,0x00000000d6800000)
 ParOldGen       total 68608K, used 64722K [0x0000000080000000, 0x0000000084300000, 0x00000000d5580000)
  object space 68608K, 94% used [0x0000000080000000,0x0000000083f34950,0x0000000084300000)
 Metaspace       used 59246K, committed 60672K, reserved 1114112K
  class space    used 6378K, committed 6976K, reserved 1048576K
}
Event: 16.930 GC heap before
{Heap before GC invocations=66 (full 3):
 PSYoungGen      total 18432K, used 18417K [0x00000000d5580000, 0x00000000d6900000, 0x0000000100000000)
  eden space 17920K, 100% used [0x00000000d5580000,0x00000000d6700000,0x00000000d6700000)
  from space 512K, 97% used [0x00000000d6880000,0x00000000d68fc400,0x00000000d6900000)
  to   space 1024K, 0% used [0x00000000d6700000,0x00000000d6700000,0x00000000d6800000)
 ParOldGen       total 68608K, used 64722K [0x0000000080000000, 0x0000000084300000, 0x00000000d5580000)
  object space 68608K, 94% used [0x0000000080000000,0x0000000083f34950,0x0000000084300000)
 Metaspace       used 59254K, committed 60672K, reserved 1114112K
  class space    used 6378K, committed 6976K, reserved 1048576K
}
Event: 16.931 GC heap after
{Heap after GC invocations=66 (full 3):
 PSYoungGen      total 18944K, used 448K [0x00000000d5580000, 0x00000000d6900000, 0x0000000100000000)
  eden space 17920K, 0% used [0x00000000d5580000,0x00000000d5580000,0x00000000d6700000)
  from space 1024K, 43% used [0x00000000d6700000,0x00000000d6770000,0x00000000d6800000)
  to   space 1024K, 0% used [0x00000000d6800000,0x00000000d6800000,0x00000000d6900000)
 ParOldGen       total 68608K, used 64995K [0x0000000080000000, 0x0000000084300000, 0x00000000d5580000)
  object space 68608K, 94% used [0x0000000080000000,0x0000000083f78d50,0x0000000084300000)
 Metaspace       used 59254K, committed 60672K, reserved 1114112K
  class space    used 6378K, committed 6976K, reserved 1048576K
}

