# JRE version: OpenJDK Runtime Environment Temurin-21.0.11+10 (21.0.11+10) (build 21.0.11+10-LTS)
# Java VM: OpenJDK 64-Bit Server VM Temurin-21.0.11+10 (21.0.11+10-LTS, mixed mode, sharing, tiered, compressed oops, compressed class ptrs, parallel gc, windows-amd64)
GC Precious Log:
 CardTable entry size: 512
 CPUs: 8 total, 8 available
 Memory: 7896M
 Large Page Support: Disabled
 NUMA Support: Disabled
 Compressed Oops: Enabled (32-bit)
 Alignments: Space 512K, Generation 512K, Heap 2M
 Heap Min Capacity: 100M
 Heap Initial Capacity: 100M
 Heap Max Capacity: 2G
 Pre-touch: Disabled
 Parallel Workers: 8
Heap:
 PSYoungGen      total 16896K, used 7449K [0x00000000d5580000, 0x00000000d6900000, 0x0000000100000000)
  eden space 13824K, 33% used [0x00000000d5580000,0x00000000d59fee98,0x00000000d6300000)
  from space 3072K, 92% used [0x00000000d6600000,0x00000000d68c7958,0x00000000d6900000)
  to   space 3072K, 0% used [0x00000000d6300000,0x00000000d6300000,0x00000000d6600000)
 ParOldGen       total 72192K, used 71918K [0x0000000080000000, 0x0000000084680000, 0x00000000d5580000)
  object space 72192K, 99% used [0x0000000080000000,0x000000008463b918,0x0000000084680000)
 Metaspace       used 63239K, committed 64704K, reserved 1114112K
  class space    used 6622K, committed 7232K, reserved 1048576K
GC Heap History (20 events):
Event: 53.487 GC heap before
{Heap before GC invocations=70 (full 3):
 PSYoungGen      total 15360K, used 15328K [0x00000000d5580000, 0x00000000d6580000, 0x0000000100000000)
  eden space 14848K, 100% used [0x00000000d5580000,0x00000000d6400000,0x00000000d6400000)
  from space 512K, 93% used [0x00000000d6500000,0x00000000d6578000,0x00000000d6580000)
  to   space 512K, 0% used [0x00000000d6480000,0x00000000d6480000,0x00000000d6500000)
 ParOldGen       total 68608K, used 64399K [0x0000000080000000, 0x0000000084300000, 0x00000000d5580000)
  object space 68608K, 93% used [0x0000000080000000,0x0000000083ee3d88,0x0000000084300000)
 Metaspace       used 60042K, committed 61504K, reserved 1114112K
  class space    used 6394K, committed 7040K, reserved 1048576K
}
Event: 53.490 GC heap after
{Heap after GC invocations=70 (full 3):
 PSYoungGen      total 15360K, used 480K [0x00000000d5580000, 0x00000000d6580000, 0x0000000100000000)
  eden space 14848K, 0% used [0x00000000d5580000,0x00000000d5580000,0x00000000d6400000)
  from space 512K, 93% used [0x00000000d6480000,0x00000000d64f8000,0x00000000d6500000)
  to   space 512K, 0% used [0x00000000d6500000,0x00000000d6500000,0x00000000d6580000)
 ParOldGen       total 68608K, used 64751K [0x0000000080000000, 0x0000000084300000, 0x00000000d5580000)
  object space 68608K, 94% used [0x0000000080000000,0x0000000083f3bd88,0x0000000084300000)
 Metaspace       used 60042K, committed 61504K, reserved 1114112K
  class space    used 6394K, committed 7040K, reserved 1048576K
}
Event: 53.569 GC heap before
{Heap before GC invocations=71 (full 3):
 PSYoungGen      total 15360K, used 15328K [0x00000000d5580000, 0x00000000d6580000, 0x0000000100000000)
  eden space 14848K, 100% used [0x00000000d5580000,0x00000000d6400000,0x00000000d6400000)
  from space 512K, 93% used [0x00000000d6480000,0x00000000d64f8000,0x00000000d6500000)
  to   space 512K, 0% used [0x00000000d6500000,0x00000000d6500000,0x00000000d6580000)
 ParOldGen       total 68608K, used 64751K [0x0000000080000000, 0x0000000084300000, 0x00000000d5580000)
  object space 68608K, 94% used [0x0000000080000000,0x0000000083f3bd88,0x0000000084300000)
 Metaspace       used 60051K, committed 61504K, reserved 1114112K
  class space    used 6394K, committed 7040K, reserved 1048576K
}
Event: 53.571 GC heap after
{Heap after GC invocations=71 (full 3):
 PSYoungGen      total 15360K, used 480K [0x00000000d5580000, 0x00000000d6580000, 0x0000000100000000)
  eden space 14848K, 0% used [0x00000000d5580000,0x00000000d5580000,0x00000000d6400000)
  from space 512K, 93% used [0x00000000d6500000,0x00000000d6578000,0x00000000d6580000)
  to   space 512K, 0% used [0x00000000d6480000,0x00000000d6480000,0x00000000d6500000)
 ParOldGen       total 68608K, used 65095K [0x0000000080000000, 0x0000000084300000, 0x00000000d5580000)
  object space 68608K, 94% used [0x0000000080000000,0x0000000083f91d88,0x0000000084300000)
 Metaspace       used 60051K, committed 61504K, reserved 1114112K
  class space    used 6394K, committed 7040K, reserved 1048576K
}
Event: 53.633 GC heap before
{Heap before GC invocations=72 (full 3):
 PSYoungGen      total 15360K, used 15328K [0x00000000d5580000, 0x00000000d6580000, 0x0000000100000000)
  eden space 14848K, 100% used [0x00000000d5580000,0x00000000d6400000,0x00000000d6400000)
  from space 512K, 93% used [0x00000000d6500000,0x00000000d6578000,0x00000000d6580000)
  to   space 512K, 0% used [0x00000000d6480000,0x00000000d6480000,0x00000000d6500000)
 ParOldGen       total 68608K, used 65095K [0x0000000080000000, 0x0000000084300000, 0x00000000d5580000)
  object space 68608K, 94% used [0x0000000080000000,0x0000000083f91d88,0x0000000084300000)
 Metaspace       used 60055K, committed 61504K, reserved 1114112K
  class space    used 6394K, committed 7040K, reserved 1048576K
}
Event: 53.637 GC heap after
{Heap after GC invocations=72 (full 3):
 PSYoungGen      total 15360K, used 488K [0x00000000d5580000, 0x00000000d6800000, 0x0000000100000000)
  eden space 14848K, 0% used [0x00000000d5580000,0x00000000d5580000,0x00000000d6400000)
  from space 512K, 95% used [0x00000000d6480000,0x00000000d64fa368,0x00000000d6500000)
  to   space 2048K, 0% used [0x00000000d6600000,0x00000000d6600000,0x00000000d6800000)
 ParOldGen       total 68608K, used 66183K [0x0000000080000000, 0x0000000084300000, 0x00000000d5580000)
  object space 68608K, 96% used [0x0000000080000000,0x00000000840a1d88,0x0000000084300000)
 Metaspace       used 60055K, committed 61504K, reserved 1114112K
  class space    used 6394K, committed 7040K, reserved 1048576K
}
Event: 53.707 GC heap before
{Heap before GC invocations=73 (full 3):
 PSYoungGen      total 15360K, used 15336K [0x00000000d5580000, 0x00000000d6800000, 0x0000000100000000)
  eden space 14848K, 100% used [0x00000000d5580000,0x00000000d6400000,0x00000000d6400000)
  from space 512K, 95% used [0x00000000d6480000,0x00000000d64fa368,0x00000000d6500000)
  to   space 2048K, 0% used [0x00000000d6600000,0x00000000d6600000,0x00000000d6800000)
 ParOldGen       total 68608K, used 66183K [0x0000000080000000, 0x0000000084300000, 0x00000000d5580000)
  object space 68608K, 96% used [0x0000000080000000,0x00000000840a1d88,0x0000000084300000)
 Metaspace       used 60057K, committed 61504K, reserved 1114112K
  class space    used 6394K, committed 7040K, reserved 1048576K
}
Event: 53.710 GC heap after
{Heap after GC invocations=73 (full 3):
 PSYoungGen      total 15360K, used 512K [0x00000000d5580000, 0x00000000d6680000, 0x0000000100000000)
  eden space 14848K, 0% used [0x00000000d5580000,0x00000000d5580000,0x00000000d6400000)
  from space 512K, 100% used [0x00000000d6600000,0x00000000d6680000,0x00000000d6680000)
  to   space 1024K, 0% used [0x00000000d6480000,0x00000000d6480000,0x00000000d6580000)
 ParOldGen       total 68608K, used 66597K [0x0000000080000000, 0x0000000084300000, 0x00000000d5580000)
  object space 68608K, 97% used [0x0000000080000000,0x0000000084109580,0x0000000084300000)
 Metaspace       used 60057K, committed 61504K, reserved 1114112K
  class space    used 6394K, committed 7040K, reserved 1048576K
}
Event: 53.807 GC heap before
{Heap before GC invocations=74 (full 3):
 PSYoungGen      total 15360K, used 15360K [0x00000000d5580000, 0x00000000d6680000, 0x0000000100000000)
  eden space 14848K, 100% used [0x00000000d5580000,0x00000000d6400000,0x00000000d6400000)
  from space 512K, 100% used [0x00000000d6600000,0x00000000d6680000,0x00000000d6680000)
  to   space 1024K, 0% used [0x00000000d6480000,0x00000000d6480000,0x00000000d6580000)
 ParOldGen       total 68608K, used 66597K [0x0000000080000000, 0x0000000084300000, 0x00000000d5580000)
  object space 68608K, 97% used [0x0000000080000000,0x0000000084109580,0x0000000084300000)
 Metaspace       used 60061K, committed 61504K, reserved 1114112K
  class space    used 6395K, committed 7040K, reserved 1048576K
}
Event: 53.810 GC heap after
{Heap after GC invocations=74 (full 3):
 PSYoungGen      total 15872K, used 845K [0x00000000d5580000, 0x00000000d6680000, 0x0000000100000000)
  eden space 14848K, 0% used [0x00000000d5580000,0x00000000d5580000,0x00000000d6400000)
  from space 1024K, 82% used [0x00000000d6480000,0x00000000d65535e0,0x00000000d6580000)
  to   space 1024K, 0% used [0x00000000d6580000,0x00000000d6580000,0x00000000d6680000)
 ParOldGen       total 68608K, used 66908K [0x0000000080000000, 0x0000000084300000, 0x00000000d5580000)
  object space 68608K, 97% used [0x0000000080000000,0x0000000084157178,0x0000000084300000)
 Metaspace       used 60061K, committed 61504K, reserved 1114112K
  class space    used 6395K, committed 7040K, reserved 1048576K
}
Event: 55.798 GC heap before
{Heap before GC invocations=75 (full 3):
 PSYoungGen      total 15872K, used 15693K [0x00000000d5580000, 0x00000000d6680000, 0x0000000100000000)
  eden space 14848K, 100% used [0x00000000d5580000,0x00000000d6400000,0x00000000d6400000)
  from space 1024K, 82% used [0x00000000d6480000,0x00000000d65535e0,0x00000000d6580000)
  to   space 1024K, 0% used [0x00000000d6580000,0x00000000d6580000,0x00000000d6680000)
 ParOldGen       total 68608K, used 66908K [0x0000000080000000, 0x0000000084300000, 0x00000000d5580000)
  object space 68608K, 97% used [0x0000000080000000,0x0000000084157178,0x0000000084300000)
 Metaspace       used 60067K, committed 61504K, reserved 1114112K
  class space    used 6395K, committed 7040K, reserved 1048576K
}
Event: 55.802 GC heap after
{Heap after GC invocations=75 (full 3):
 PSYoungGen      total 15872K, used 704K [0x00000000d5580000, 0x00000000d6680000, 0x0000000100000000)
  eden space 14848K, 0% used [0x00000000d5580000,0x00000000d5580000,0x00000000d6400000)
  from space 1024K, 68% used [0x00000000d6580000,0x00000000d6630020,0x00000000d6680000)
  to   space 1024K, 0% used [0x00000000d6480000,0x00000000d6480000,0x00000000d6580000)
 ParOldGen       total 68608K, used 67585K [0x0000000080000000, 0x0000000084300000, 0x00000000d5580000)
  object space 68608K, 98% used [0x0000000080000000,0x0000000084200528,0x0000000084300000)
 Metaspace       used 60067K, committed 61504K, reserved 1114112K
  class space    used 6395K, committed 7040K, reserved 1048576K
}
Event: 56.150 GC heap before
{Heap before GC invocations=76 (full 3):
 PSYoungGen      total 15872K, used 15552K [0x00000000d5580000, 0x00000000d6680000, 0x0000000100000000)
  eden space 14848K, 100% used [0x00000000d5580000,0x00000000d6400000,0x00000000d6400000)
  from space 1024K, 68% used [0x00000000d6580000,0x00000000d6630020,0x00000000d6680000)
  to   space 1024K, 0% used [0x00000000d6480000,0x00000000d6480000,0x00000000d6580000)
 ParOldGen       total 68608K, used 67585K [0x0000000080000000, 0x0000000084300000, 0x00000000d5580000)
  object space 68608K, 98% used [0x0000000080000000,0x0000000084200528,0x0000000084300000)
 Metaspace       used 60837K, committed 62272K, reserved 1114112K
  class space    used 6484K, committed 7104K, reserved 1048576K
}
Event: 56.155 GC heap after
{Heap after GC invocations=76 (full 3):
 PSYoungGen      total 15872K, used 1007K [0x00000000d5580000, 0x00000000d6800000, 0x0000000100000000)
  eden space 14848K, 0% used [0x00000000d5580000,0x00000000d5580000,0x00000000d6400000)
  from space 1024K, 98% used [0x00000000d6480000,0x00000000d657bf80,0x00000000d6580000)
  to   space 2048K, 0% used [0x00000000d6600000,0x00000000d6600000,0x00000000d6800000)
 ParOldGen       total 68608K, used 68127K [0x0000000080000000, 0x0000000084300000, 0x00000000d5580000)
  object space 68608K, 99% used [0x0000000080000000,0x0000000084287f18,0x0000000084300000)
 Metaspace       used 60837K, committed 62272K, reserved 1114112K
  class space    used 6484K, committed 7104K, reserved 1048576K
}
Event: 56.924 GC heap before
{Heap before GC invocations=77 (full 3):
 PSYoungGen      total 15872K, used 15855K [0x00000000d5580000, 0x00000000d6800000, 0x0000000100000000)
  eden space 14848K, 100% used [0x00000000d5580000,0x00000000d6400000,0x00000000d6400000)
  from space 1024K, 98% used [0x00000000d6480000,0x00000000d657bf80,0x00000000d6580000)
  to   space 2048K, 0% used [0x00000000d6600000,0x00000000d6600000,0x00000000d6800000)
 ParOldGen       total 68608K, used 68127K [0x0000000080000000, 0x0000000084300000, 0x00000000d5580000)
  object space 68608K, 99% used [0x0000000080000000,0x0000000084287f18,0x0000000084300000)
 Metaspace       used 61876K, committed 63360K, reserved 1114112K
  class space    used 6565K, committed 7232K, reserved 1048576K
}
Event: 56.931 GC heap after
{Heap after GC invocations=77 (full 3):
 PSYoungGen      total 15872K, used 2028K [0x00000000d5580000, 0x00000000d6a00000, 0x0000000100000000)
  eden space 13824K, 0% used [0x00000000d5580000,0x00000000d5580000,0x00000000d6300000)
  from space 2048K, 99% used [0x00000000d6600000,0x00000000d67fb388,0x00000000d6800000)
  to   space 3072K, 0% used [0x00000000d6300000,0x00000000d6300000,0x00000000d6600000)
 ParOldGen       total 69120K, used 68719K [0x0000000080000000, 0x0000000084380000, 0x00000000d5580000)
  object space 69120K, 99% used [0x0000000080000000,0x000000008431bf38,0x0000000084380000)
 Metaspace       used 61876K, committed 63360K, reserved 1114112K
  class space    used 6565K, committed 7232K, reserved 1048576K
}
Event: 57.665 GC heap before
{Heap before GC invocations=78 (full 3):
 PSYoungGen      total 15872K, used 15852K [0x00000000d5580000, 0x00000000d6a00000, 0x0000000100000000)
  eden space 13824K, 100% used [0x00000000d5580000,0x00000000d6300000,0x00000000d6300000)
  from space 2048K, 99% used [0x00000000d6600000,0x00000000d67fb388,0x00000000d6800000)
  to   space 3072K, 0% used [0x00000000d6300000,0x00000000d6300000,0x00000000d6600000)
 ParOldGen       total 69120K, used 68719K [0x0000000080000000, 0x0000000084380000, 0x00000000d5580000)
  object space 69120K, 99% used [0x0000000080000000,0x000000008431bf38,0x0000000084380000)
 Metaspace       used 62298K, committed 63808K, reserved 1114112K
  class space    used 6597K, committed 7232K, reserved 1048576K
}
Event: 57.674 GC heap after
{Heap after GC invocations=78 (full 3):
 PSYoungGen      total 16896K, used 2868K [0x00000000d5580000, 0x00000000d6900000, 0x0000000100000000)
  eden space 13824K, 0% used [0x00000000d5580000,0x00000000d5580000,0x00000000d6300000)
  from space 3072K, 93% used [0x00000000d6300000,0x00000000d65cd2a0,0x00000000d6600000)
  to   space 3072K, 0% used [0x00000000d6600000,0x00000000d6600000,0x00000000d6900000)
 ParOldGen       total 70656K, used 70431K [0x0000000080000000, 0x0000000084500000, 0x00000000d5580000)
  object space 70656K, 99% used [0x0000000080000000,0x00000000844c7ea8,0x0000000084500000)
 Metaspace       used 62298K, committed 63808K, reserved 1114112K
  class space    used 6597K, committed 7232K, reserved 1048576K
}
Event: 58.815 GC heap before
{Heap before GC invocations=79 (full 3):
 PSYoungGen      total 16896K, used 16692K [0x00000000d5580000, 0x00000000d6900000, 0x0000000100000000)
  eden space 13824K, 100% used [0x00000000d5580000,0x00000000d6300000,0x00000000d6300000)
  from space 3072K, 93% used [0x00000000d6300000,0x00000000d65cd2a0,0x00000000d6600000)
  to   space 3072K, 0% used [0x00000000d6600000,0x00000000d6600000,0x00000000d6900000)
 ParOldGen       total 70656K, used 70431K [0x0000000080000000, 0x0000000084500000, 0x00000000d5580000)
  object space 70656K, 99% used [0x0000000080000000,0x00000000844c7ea8,0x0000000084500000)
 Metaspace       used 63052K, committed 64512K, reserved 1114112K
  class space    used 6620K, committed 7232K, reserved 1048576K
}
Event: 58.826 GC heap after
{Heap after GC invocations=79 (full 3):
 PSYoungGen      total 16896K, used 2846K [0x00000000d5580000, 0x00000000d6900000, 0x0000000100000000)
  eden space 13824K, 0% used [0x00000000d5580000,0x00000000d5580000,0x00000000d6300000)
  from space 3072K, 92% used [0x00000000d6600000,0x00000000d68c7958,0x00000000d6900000)
  to   space 3072K, 0% used [0x00000000d6300000,0x00000000d6300000,0x00000000d6600000)
 ParOldGen       total 72192K, used 71918K [0x0000000080000000, 0x0000000084680000, 0x00000000d5580000)
  object space 72192K, 99% used [0x0000000080000000,0x000000008463b918,0x0000000084680000)
 Metaspace       used 63052K, committed 64512K, reserved 1114112K
  class space    used 6620K, committed 7232K, reserved 1048576K
}

