# JRE version: OpenJDK Runtime Environment Temurin-21.0.11+10 (21.0.11+10) (build 21.0.11+10-LTS)
# Java VM: OpenJDK 64-Bit Server VM Temurin-21.0.11+10 (21.0.11+10-LTS, mixed mode, sharing, tiered, compressed oops, compressed class ptrs, parallel gc, windows-amd64)
GC Precious Log:
 CardTable entry size: 512
 CPUs: 8 total, 8 available
 Memory: 7896M
 Large Page Support: Disabled
 NUMA Support: Disabled
 Compressed Oops: Enabled (32-bit)
 Alignments: Space 512K, Generation 512K, Heap 2M
 Heap Min Capacity: 100M
 Heap Initial Capacity: 100M
 Heap Max Capacity: 2G
 Pre-touch: Disabled
 Parallel Workers: 8
Heap:
 PSYoungGen      total 26112K, used 14774K [0x00000000d5580000, 0x00000000d7480000, 0x0000000100000000)
  eden space 22016K, 60% used [0x00000000d5580000,0x00000000d626ec38,0x00000000d6b00000)
  from space 4096K, 37% used [0x00000000d6d80000,0x00000000d6efeea8,0x00000000d7180000)
  to   space 2048K, 0% used [0x00000000d7280000,0x00000000d7280000,0x00000000d7480000)
 ParOldGen       total 68608K, used 31469K [0x0000000080000000, 0x0000000084300000, 0x00000000d5580000)
  object space 68608K, 45% used [0x0000000080000000,0x0000000081ebb698,0x0000000084300000)
 Metaspace       used 47015K, committed 48192K, reserved 1114112K
  class space    used 5149K, committed 5632K, reserved 1048576K
GC Heap History (20 events):
Event: 10.527 GC heap before
{Heap before GC invocations=12 (full 1):
 PSYoungGen      total 25088K, used 25051K [0x00000000d5580000, 0x00000000d7280000, 0x0000000100000000)
  eden space 23040K, 100% used [0x00000000d5580000,0x00000000d6c00000,0x00000000d6c00000)
  from space 2048K, 98% used [0x00000000d7080000,0x00000000d7276da0,0x00000000d7280000)
  to   space 2560K, 0% used [0x00000000d6d80000,0x00000000d6d80000,0x00000000d7000000)
 ParOldGen       total 68608K, used 14740K [0x0000000080000000, 0x0000000084300000, 0x00000000d5580000)
  object space 68608K, 21% used [0x0000000080000000,0x0000000080e65050,0x0000000084300000)
 Metaspace       used 31196K, committed 32384K, reserved 1114112K
  class space    used 3161K, committed 3648K, reserved 1048576K
}
Event: 10.530 GC heap after
{Heap after GC invocations=12 (full 1):
 PSYoungGen      total 24576K, used 1609K [0x00000000d5580000, 0x00000000d7100000, 0x0000000100000000)
  eden space 22528K, 0% used [0x00000000d5580000,0x00000000d5580000,0x00000000d6b80000)
  from space 2048K, 78% used [0x00000000d6d80000,0x00000000d6f127d0,0x00000000d6f80000)
  to   space 1536K, 0% used [0x00000000d6f80000,0x00000000d6f80000,0x00000000d7100000)
 ParOldGen       total 68608K, used 16589K [0x0000000080000000, 0x0000000084300000, 0x00000000d5580000)
  object space 68608K, 24% used [0x0000000080000000,0x00000000810336d8,0x0000000084300000)
 Metaspace       used 31196K, committed 32384K, reserved 1114112K
  class space    used 3161K, committed 3648K, reserved 1048576K
}
Event: 10.752 GC heap before
{Heap before GC invocations=13 (full 1):
 PSYoungGen      total 24576K, used 24137K [0x00000000d5580000, 0x00000000d7100000, 0x0000000100000000)
  eden space 22528K, 100% used [0x00000000d5580000,0x00000000d6b80000,0x00000000d6b80000)
  from space 2048K, 78% used [0x00000000d6d80000,0x00000000d6f127d0,0x00000000d6f80000)
  to   space 1536K, 0% used [0x00000000d6f80000,0x00000000d6f80000,0x00000000d7100000)
 ParOldGen       total 68608K, used 16589K [0x0000000080000000, 0x0000000084300000, 0x00000000d5580000)
  object space 68608K, 24% used [0x0000000080000000,0x00000000810336d8,0x0000000084300000)
 Metaspace       used 34134K, committed 35200K, reserved 1114112K
  class space    used 3533K, committed 3968K, reserved 1048576K
}
Event: 10.755 GC heap after
{Heap after GC invocations=13 (full 1):
 PSYoungGen      total 23552K, used 1408K [0x00000000d5580000, 0x00000000d7100000, 0x0000000100000000)
  eden space 22016K, 0% used [0x00000000d5580000,0x00000000d5580000,0x00000000d6b00000)
  from space 1536K, 91% used [0x00000000d6f80000,0x00000000d70e0390,0x00000000d7100000)
  to   space 1536K, 0% used [0x00000000d6e00000,0x00000000d6e00000,0x00000000d6f80000)
 ParOldGen       total 68608K, used 18052K [0x0000000080000000, 0x0000000084300000, 0x00000000d5580000)
  object space 68608K, 26% used [0x0000000080000000,0x00000000811a1070,0x0000000084300000)
 Metaspace       used 34134K, committed 35200K, reserved 1114112K
  class space    used 3533K, committed 3968K, reserved 1048576K
}
Event: 10.795 GC heap before
{Heap before GC invocations=14 (full 1):
 PSYoungGen      total 23552K, used 5730K [0x00000000d5580000, 0x00000000d7100000, 0x0000000100000000)
  eden space 22016K, 19% used [0x00000000d5580000,0x00000000d59b8538,0x00000000d6b00000)
  from space 1536K, 91% used [0x00000000d6f80000,0x00000000d70e0390,0x00000000d7100000)
  to   space 1536K, 0% used [0x00000000d6e00000,0x00000000d6e00000,0x00000000d6f80000)
 ParOldGen       total 68608K, used 18052K [0x0000000080000000, 0x0000000084300000, 0x00000000d5580000)
  object space 68608K, 26% used [0x0000000080000000,0x00000000811a1070,0x0000000084300000)
 Metaspace       used 34733K, committed 35840K, reserved 1114112K
  class space    used 3599K, committed 4096K, reserved 1048576K
}
Event: 10.797 GC heap after
{Heap after GC invocations=14 (full 1):
 PSYoungGen      total 22528K, used 416K [0x00000000d5580000, 0x00000000d7000000, 0x0000000100000000)
  eden space 22016K, 0% used [0x00000000d5580000,0x00000000d5580000,0x00000000d6b00000)
  from space 512K, 81% used [0x00000000d6e00000,0x00000000d6e68350,0x00000000d6e80000)
  to   space 1024K, 0% used [0x00000000d6f00000,0x00000000d6f00000,0x00000000d7000000)
 ParOldGen       total 68608K, used 19296K [0x0000000080000000, 0x0000000084300000, 0x00000000d5580000)
  object space 68608K, 28% used [0x0000000080000000,0x00000000812d8008,0x0000000084300000)
 Metaspace       used 34733K, committed 35840K, reserved 1114112K
  class space    used 3599K, committed 4096K, reserved 1048576K
}
Event: 10.797 GC heap before
{Heap before GC invocations=15 (full 2):
 PSYoungGen      total 22528K, used 416K [0x00000000d5580000, 0x00000000d7000000, 0x0000000100000000)
  eden space 22016K, 0% used [0x00000000d5580000,0x00000000d5580000,0x00000000d6b00000)
  from space 512K, 81% used [0x00000000d6e00000,0x00000000d6e68350,0x00000000d6e80000)
  to   space 1024K, 0% used [0x00000000d6f00000,0x00000000d6f00000,0x00000000d7000000)
 ParOldGen       total 68608K, used 19296K [0x0000000080000000, 0x0000000084300000, 0x00000000d5580000)
  object space 68608K, 28% used [0x0000000080000000,0x00000000812d8008,0x0000000084300000)
 Metaspace       used 34733K, committed 35840K, reserved 1114112K
  class space    used 3599K, committed 4096K, reserved 1048576K
}
Event: 10.830 GC heap after
{Heap after GC invocations=15 (full 2):
 PSYoungGen      total 22528K, used 0K [0x00000000d5580000, 0x00000000d7000000, 0x0000000100000000)
  eden space 22016K, 0% used [0x00000000d5580000,0x00000000d5580000,0x00000000d6b00000)
  from space 512K, 0% used [0x00000000d6e00000,0x00000000d6e00000,0x00000000d6e80000)
  to   space 1024K, 0% used [0x00000000d6f00000,0x00000000d6f00000,0x00000000d7000000)
 ParOldGen       total 68608K, used 18748K [0x0000000080000000, 0x0000000084300000, 0x00000000d5580000)
  object space 68608K, 27% used [0x0000000080000000,0x000000008124f250,0x0000000084300000)
 Metaspace       used 34733K, committed 35840K, reserved 1114112K
  class space    used 3599K, committed 4096K, reserved 1048576K
}
Event: 11.084 GC heap before
{Heap before GC invocations=16 (full 2):
 PSYoungGen      total 22528K, used 22016K [0x00000000d5580000, 0x00000000d7000000, 0x0000000100000000)
  eden space 22016K, 100% used [0x00000000d5580000,0x00000000d6b00000,0x00000000d6b00000)
  from space 512K, 0% used [0x00000000d6e00000,0x00000000d6e00000,0x00000000d6e80000)
  to   space 1024K, 0% used [0x00000000d6f00000,0x00000000d6f00000,0x00000000d7000000)
 ParOldGen       total 68608K, used 18748K [0x0000000080000000, 0x0000000084300000, 0x00000000d5580000)
  object space 68608K, 27% used [0x0000000080000000,0x000000008124f250,0x0000000084300000)
 Metaspace       used 36379K, committed 37504K, reserved 1114112K
  class space    used 3856K, committed 4352K, reserved 1048576K
}
Event: 11.087 GC heap after
{Heap after GC invocations=16 (full 2):
 PSYoungGen      total 23040K, used 1024K [0x00000000d5580000, 0x00000000d7100000, 0x0000000100000000)
  eden space 22016K, 0% used [0x00000000d5580000,0x00000000d5580000,0x00000000d6b00000)
  from space 1024K, 100% used [0x00000000d6f00000,0x00000000d7000000,0x00000000d7000000)
  to   space 3072K, 0% used [0x00000000d6b00000,0x00000000d6b00000,0x00000000d6e00000)
 ParOldGen       total 68608K, used 20390K [0x0000000080000000, 0x0000000084300000, 0x00000000d5580000)
  object space 68608K, 29% used [0x0000000080000000,0x00000000813e9910,0x0000000084300000)
 Metaspace       used 36379K, committed 37504K, reserved 1114112K
  class space    used 3856K, committed 4352K, reserved 1048576K
}
Event: 11.333 GC heap before
{Heap before GC invocations=17 (full 2):
 PSYoungGen      total 23040K, used 23040K [0x00000000d5580000, 0x00000000d7100000, 0x0000000100000000)
  eden space 22016K, 100% used [0x00000000d5580000,0x00000000d6b00000,0x00000000d6b00000)
  from space 1024K, 100% used [0x00000000d6f00000,0x00000000d7000000,0x00000000d7000000)
  to   space 3072K, 0% used [0x00000000d6b00000,0x00000000d6b00000,0x00000000d6e00000)
 ParOldGen       total 68608K, used 20390K [0x0000000080000000, 0x0000000084300000, 0x00000000d5580000)
  object space 68608K, 29% used [0x0000000080000000,0x00000000813e9910,0x0000000084300000)
 Metaspace       used 38305K, committed 39552K, reserved 1114112K
  class space    used 4061K, committed 4608K, reserved 1048576K
}
Event: 11.336 GC heap after
{Heap after GC invocations=17 (full 2):
 PSYoungGen      total 24064K, used 1548K [0x00000000d5580000, 0x00000000d6f80000, 0x0000000100000000)
  eden space 22016K, 0% used [0x00000000d5580000,0x00000000d5580000,0x00000000d6b00000)
  from space 2048K, 75% used [0x00000000d6b00000,0x00000000d6c83088,0x00000000d6d00000)
  to   space 2048K, 0% used [0x00000000d6d80000,0x00000000d6d80000,0x00000000d6f80000)
 ParOldGen       total 68608K, used 21368K [0x0000000080000000, 0x0000000084300000, 0x00000000d5580000)
  object space 68608K, 31% used [0x0000000080000000,0x00000000814de2c8,0x0000000084300000)
 Metaspace       used 38305K, committed 39552K, reserved 1114112K
  class space    used 4061K, committed 4608K, reserved 1048576K
}
Event: 11.699 GC heap before
{Heap before GC invocations=18 (full 2):
 PSYoungGen      total 24064K, used 23519K [0x00000000d5580000, 0x00000000d6f80000, 0x0000000100000000)
  eden space 22016K, 99% used [0x00000000d5580000,0x00000000d6af4cd8,0x00000000d6b00000)
  from space 2048K, 75% used [0x00000000d6b00000,0x00000000d6c83088,0x00000000d6d00000)
  to   space 2048K, 0% used [0x00000000d6d80000,0x00000000d6d80000,0x00000000d6f80000)
 ParOldGen       total 68608K, used 21368K [0x0000000080000000, 0x0000000084300000, 0x00000000d5580000)
  object space 68608K, 31% used [0x0000000080000000,0x00000000814de2c8,0x0000000084300000)
 Metaspace       used 39971K, committed 41216K, reserved 1114112K
  class space    used 4272K, committed 4800K, reserved 1048576K
}
Event: 11.703 GC heap after
{Heap after GC invocations=18 (full 2):
 PSYoungGen      total 23552K, used 1376K [0x00000000d5580000, 0x00000000d6f00000, 0x0000000100000000)
  eden space 22016K, 0% used [0x00000000d5580000,0x00000000d5580000,0x00000000d6b00000)
  from space 1536K, 89% used [0x00000000d6d80000,0x00000000d6ed8000,0x00000000d6f00000)
  to   space 1536K, 0% used [0x00000000d6c00000,0x00000000d6c00000,0x00000000d6d80000)
 ParOldGen       total 68608K, used 22328K [0x0000000080000000, 0x0000000084300000, 0x00000000d5580000)
  object space 68608K, 32% used [0x0000000080000000,0x00000000815ce2d8,0x0000000084300000)
 Metaspace       used 39971K, committed 41216K, reserved 1114112K
  class space    used 4272K, committed 4800K, reserved 1048576K
}
Event: 12.090 GC heap before
{Heap before GC invocations=19 (full 2):
 PSYoungGen      total 23552K, used 23392K [0x00000000d5580000, 0x00000000d6f00000, 0x0000000100000000)
  eden space 22016K, 100% used [0x00000000d5580000,0x00000000d6b00000,0x00000000d6b00000)
  from space 1536K, 89% used [0x00000000d6d80000,0x00000000d6ed8000,0x00000000d6f00000)
  to   space 1536K, 0% used [0x00000000d6c00000,0x00000000d6c00000,0x00000000d6d80000)
 ParOldGen       total 68608K, used 22328K [0x0000000080000000, 0x0000000084300000, 0x00000000d5580000)
  object space 68608K, 32% used [0x0000000080000000,0x00000000815ce2d8,0x0000000084300000)
 Metaspace       used 41311K, committed 42496K, reserved 1114112K
  class space    used 4443K, committed 4992K, reserved 1048576K
}
Event: 12.095 GC heap after
{Heap after GC invocations=19 (full 2):
 PSYoungGen      total 23552K, used 1524K [0x00000000d5580000, 0x00000000d7d00000, 0x0000000100000000)
  eden space 22016K, 0% used [0x00000000d5580000,0x00000000d5580000,0x00000000d6b00000)
  from space 1536K, 99% used [0x00000000d6c00000,0x00000000d6d7d040,0x00000000d6d80000)
  to   space 9216K, 0% used [0x00000000d7400000,0x00000000d7400000,0x00000000d7d00000)
 ParOldGen       total 68608K, used 28791K [0x0000000080000000, 0x0000000084300000, 0x00000000d5580000)
  object space 68608K, 41% used [0x0000000080000000,0x0000000081c1dc30,0x0000000084300000)
 Metaspace       used 41311K, committed 42496K, reserved 1114112K
  class space    used 4443K, committed 4992K, reserved 1048576K
}
Event: 14.822 GC heap before
{Heap before GC invocations=20 (full 2):
 PSYoungGen      total 23552K, used 23540K [0x00000000d5580000, 0x00000000d7d00000, 0x0000000100000000)
  eden space 22016K, 100% used [0x00000000d5580000,0x00000000d6b00000,0x00000000d6b00000)
  from space 1536K, 99% used [0x00000000d6c00000,0x00000000d6d7d040,0x00000000d6d80000)
  to   space 9216K, 0% used [0x00000000d7400000,0x00000000d7400000,0x00000000d7d00000)
 ParOldGen       total 68608K, used 28791K [0x0000000080000000, 0x0000000084300000, 0x00000000d5580000)
  object space 68608K, 41% used [0x0000000080000000,0x0000000081c1dc30,0x0000000084300000)
 Metaspace       used 43827K, committed 45056K, reserved 1114112K
  class space    used 4763K, committed 5312K, reserved 1048576K
}
Event: 14.825 GC heap after
{Heap after GC invocations=20 (full 2):
 PSYoungGen      total 23552K, used 1408K [0x00000000d5580000, 0x00000000d7580000, 0x0000000100000000)
  eden space 22016K, 0% used [0x00000000d5580000,0x00000000d5580000,0x00000000d6b00000)
  from space 1536K, 91% used [0x00000000d7400000,0x00000000d7560000,0x00000000d7580000)
  to   space 4096K, 0% used [0x00000000d6d80000,0x00000000d6d80000,0x00000000d7180000)
 ParOldGen       total 68608K, used 30289K [0x0000000080000000, 0x0000000084300000, 0x00000000d5580000)
  object space 68608K, 44% used [0x0000000080000000,0x0000000081d94688,0x0000000084300000)
 Metaspace       used 43827K, committed 45056K, reserved 1114112K
  class space    used 4763K, committed 5312K, reserved 1048576K
}
Event: 15.555 GC heap before
{Heap before GC invocations=21 (full 2):
 PSYoungGen      total 23552K, used 23424K [0x00000000d5580000, 0x00000000d7580000, 0x0000000100000000)
  eden space 22016K, 100% used [0x00000000d5580000,0x00000000d6b00000,0x00000000d6b00000)
  from space 1536K, 91% used [0x00000000d7400000,0x00000000d7560000,0x00000000d7580000)
  to   space 4096K, 0% used [0x00000000d6d80000,0x00000000d6d80000,0x00000000d7180000)
 ParOldGen       total 68608K, used 30289K [0x0000000080000000, 0x0000000084300000, 0x00000000d5580000)
  object space 68608K, 44% used [0x0000000080000000,0x0000000081d94688,0x0000000084300000)
 Metaspace       used 46394K, committed 47616K, reserved 1114112K
  class space    used 5100K, committed 5632K, reserved 1048576K
}
Event: 15.558 GC heap after
{Heap after GC invocations=21 (full 2):
 PSYoungGen      total 26112K, used 1531K [0x00000000d5580000, 0x00000000d7480000, 0x0000000100000000)
  eden space 22016K, 0% used [0x00000000d5580000,0x00000000d5580000,0x00000000d6b00000)
  from space 4096K, 37% used [0x00000000d6d80000,0x00000000d6efeea8,0x00000000d7180000)
  to   space 2048K, 0% used [0x00000000d7280000,0x00000000d7280000,0x00000000d7480000)
 ParOldGen       total 68608K, used 31469K [0x0000000080000000, 0x0000000084300000, 0x00000000d5580000)
  object space 68608K, 45% used [0x0000000080000000,0x0000000081ebb698,0x0000000084300000)
 Metaspace       used 46394K, committed 47616K, reserved 1114112K
  class space    used 5100K, committed 5632K, reserved 1048576K
}

