# JRE version: OpenJDK Runtime Environment Temurin-21.0.11+10 (21.0.11+10) (build 21.0.11+10-LTS)
# Java VM: OpenJDK 64-Bit Server VM Temurin-21.0.11+10 (21.0.11+10-LTS, mixed mode, sharing, tiered, compressed oops, compressed class ptrs, parallel gc, windows-amd64)
GC Precious Log:
 CardTable entry size: 512
 CPUs: 8 total, 8 available
 Memory: 7896M
 Large Page Support: Disabled
 NUMA Support: Disabled
 Compressed Oops: Enabled (32-bit)
 Alignments: Space 512K, Generation 512K, Heap 2M
 Heap Min Capacity: 100M
 Heap Initial Capacity: 100M
 Heap Max Capacity: 2G
 Pre-touch: Disabled
 Parallel Workers: 8
Heap:
 PSYoungGen      total 21504K, used 9536K [0x00000000d5580000, 0x00000000d6e80000, 0x0000000100000000)
  eden space 19456K, 38% used [0x00000000d5580000,0x00000000d5cd8040,0x00000000d6880000)
  from space 2048K, 98% used [0x00000000d6c80000,0x00000000d6e78010,0x00000000d6e80000)
  to   space 3072K, 0% used [0x00000000d6900000,0x00000000d6900000,0x00000000d6c00000)
 ParOldGen       total 68608K, used 62907K [0x0000000080000000, 0x0000000084300000, 0x00000000d5580000)
  object space 68608K, 91% used [0x0000000080000000,0x0000000083d6ed80,0x0000000084300000)
 Metaspace       used 55531K, committed 56960K, reserved 1114112K
  class space    used 6015K, committed 6656K, reserved 1048576K
GC Heap History (20 events):
Event: 9.672 GC heap before
{Heap before GC invocations=37 (full 2):
 PSYoungGen      total 20480K, used 20455K [0x00000000d5580000, 0x00000000d7180000, 0x0000000100000000)
  eden space 19456K, 100% used [0x00000000d5580000,0x00000000d6880000,0x00000000d6880000)
  from space 1024K, 97% used [0x00000000d7080000,0x00000000d7179cc0,0x00000000d7180000)
  to   space 2560K, 0% used [0x00000000d6c80000,0x00000000d6c80000,0x00000000d6f00000)
 ParOldGen       total 68608K, used 51620K [0x0000000080000000, 0x0000000084300000, 0x00000000d5580000)
  object space 68608K, 75% used [0x0000000080000000,0x0000000083269000,0x0000000084300000)
 Metaspace       used 53594K, committed 55104K, reserved 1114112K
  class space    used 5845K, committed 6528K, reserved 1048576K
}
Event: 9.674 GC heap after
{Heap after GC invocations=37 (full 2):
 PSYoungGen      total 22016K, used 1226K [0x00000000d5580000, 0x00000000d7100000, 0x0000000100000000)
  eden space 19456K, 0% used [0x00000000d5580000,0x00000000d5580000,0x00000000d6880000)
  from space 2560K, 47% used [0x00000000d6c80000,0x00000000d6db2838,0x00000000d6f00000)
  to   space 1536K, 0% used [0x00000000d6f80000,0x00000000d6f80000,0x00000000d7100000)
 ParOldGen       total 68608K, used 52500K [0x0000000080000000, 0x0000000084300000, 0x00000000d5580000)
  object space 68608K, 76% used [0x0000000080000000,0x00000000833452b8,0x0000000084300000)
 Metaspace       used 53594K, committed 55104K, reserved 1114112K
  class space    used 5845K, committed 6528K, reserved 1048576K
}
Event: 9.750 GC heap before
{Heap before GC invocations=38 (full 2):
 PSYoungGen      total 22016K, used 20682K [0x00000000d5580000, 0x00000000d7100000, 0x0000000100000000)
  eden space 19456K, 100% used [0x00000000d5580000,0x00000000d6880000,0x00000000d6880000)
  from space 2560K, 47% used [0x00000000d6c80000,0x00000000d6db2838,0x00000000d6f00000)
  to   space 1536K, 0% used [0x00000000d6f80000,0x00000000d6f80000,0x00000000d7100000)
 ParOldGen       total 68608K, used 52500K [0x0000000080000000, 0x0000000084300000, 0x00000000d5580000)
  object space 68608K, 76% used [0x0000000080000000,0x00000000833452b8,0x0000000084300000)
 Metaspace       used 53609K, committed 55104K, reserved 1114112K
  class space    used 5845K, committed 6528K, reserved 1048576K
}
Event: 9.753 GC heap after
{Heap after GC invocations=38 (full 2):
 PSYoungGen      total 20992K, used 1027K [0x00000000d5580000, 0x00000000d7100000, 0x0000000100000000)
  eden space 19456K, 0% used [0x00000000d5580000,0x00000000d5580000,0x00000000d6880000)
  from space 1536K, 66% used [0x00000000d6f80000,0x00000000d7080e70,0x00000000d7100000)
  to   space 1536K, 0% used [0x00000000d6e00000,0x00000000d6e00000,0x00000000d6f80000)
 ParOldGen       total 68608K, used 53552K [0x0000000080000000, 0x0000000084300000, 0x00000000d5580000)
  object space 68608K, 78% used [0x0000000080000000,0x000000008344c170,0x0000000084300000)
 Metaspace       used 53609K, committed 55104K, reserved 1114112K
  class space    used 5845K, committed 6528K, reserved 1048576K
}
Event: 9.816 GC heap before
{Heap before GC invocations=39 (full 2):
 PSYoungGen      total 20992K, used 20483K [0x00000000d5580000, 0x00000000d7100000, 0x0000000100000000)
  eden space 19456K, 100% used [0x00000000d5580000,0x00000000d6880000,0x00000000d6880000)
  from space 1536K, 66% used [0x00000000d6f80000,0x00000000d7080e70,0x00000000d7100000)
  to   space 1536K, 0% used [0x00000000d6e00000,0x00000000d6e00000,0x00000000d6f80000)
 ParOldGen       total 68608K, used 53552K [0x0000000080000000, 0x0000000084300000, 0x00000000d5580000)
  object space 68608K, 78% used [0x0000000080000000,0x000000008344c170,0x0000000084300000)
 Metaspace       used 53635K, committed 55104K, reserved 1114112K
  class space    used 5845K, committed 6528K, reserved 1048576K
}
Event: 9.818 GC heap after
{Heap after GC invocations=39 (full 2):
 PSYoungGen      total 20992K, used 1121K [0x00000000d5580000, 0x00000000d7000000, 0x0000000100000000)
  eden space 19456K, 0% used [0x00000000d5580000,0x00000000d5580000,0x00000000d6880000)
  from space 1536K, 72% used [0x00000000d6e00000,0x00000000d6f18508,0x00000000d6f80000)
  to   space 512K, 0% used [0x00000000d6f80000,0x00000000d6f80000,0x00000000d7000000)
 ParOldGen       total 68608K, used 54420K [0x0000000080000000, 0x0000000084300000, 0x00000000d5580000)
  object space 68608K, 79% used [0x0000000080000000,0x0000000083525038,0x0000000084300000)
 Metaspace       used 53635K, committed 55104K, reserved 1114112K
  class space    used 5845K, committed 6528K, reserved 1048576K
}
Event: 9.869 GC heap before
{Heap before GC invocations=40 (full 2):
 PSYoungGen      total 20992K, used 20577K [0x00000000d5580000, 0x00000000d7000000, 0x0000000100000000)
  eden space 19456K, 100% used [0x00000000d5580000,0x00000000d6880000,0x00000000d6880000)
  from space 1536K, 72% used [0x00000000d6e00000,0x00000000d6f18508,0x00000000d6f80000)
  to   space 512K, 0% used [0x00000000d6f80000,0x00000000d6f80000,0x00000000d7000000)
 ParOldGen       total 68608K, used 54420K [0x0000000080000000, 0x0000000084300000, 0x00000000d5580000)
  object space 68608K, 79% used [0x0000000080000000,0x0000000083525038,0x0000000084300000)
 Metaspace       used 53658K, committed 55104K, reserved 1114112K
  class space    used 5845K, committed 6528K, reserved 1048576K
}
Event: 9.871 GC heap after
{Heap after GC invocations=40 (full 2):
 PSYoungGen      total 19968K, used 489K [0x00000000d5580000, 0x00000000d7000000, 0x0000000100000000)
  eden space 19456K, 0% used [0x00000000d5580000,0x00000000d5580000,0x00000000d6880000)
  from space 512K, 95% used [0x00000000d6f80000,0x00000000d6ffa6b8,0x00000000d7000000)
  to   space 2048K, 0% used [0x00000000d6c00000,0x00000000d6c00000,0x00000000d6e00000)
 ParOldGen       total 68608K, used 55718K [0x0000000080000000, 0x0000000084300000, 0x00000000d5580000)
  object space 68608K, 81% used [0x0000000080000000,0x0000000083669ae0,0x0000000084300000)
 Metaspace       used 53658K, committed 55104K, reserved 1114112K
  class space    used 5845K, committed 6528K, reserved 1048576K
}
Event: 9.934 GC heap before
{Heap before GC invocations=41 (full 2):
 PSYoungGen      total 19968K, used 19945K [0x00000000d5580000, 0x00000000d7000000, 0x0000000100000000)
  eden space 19456K, 100% used [0x00000000d5580000,0x00000000d6880000,0x00000000d6880000)
  from space 512K, 95% used [0x00000000d6f80000,0x00000000d6ffa6b8,0x00000000d7000000)
  to   space 2048K, 0% used [0x00000000d6c00000,0x00000000d6c00000,0x00000000d6e00000)
 ParOldGen       total 68608K, used 55718K [0x0000000080000000, 0x0000000084300000, 0x00000000d5580000)
  object space 68608K, 81% used [0x0000000080000000,0x0000000083669ae0,0x0000000084300000)
 Metaspace       used 53675K, committed 55168K, reserved 1114112K
  class space    used 5845K, committed 6528K, reserved 1048576K
}
Event: 9.936 GC heap after
{Heap after GC invocations=41 (full 2):
 PSYoungGen      total 21504K, used 968K [0x00000000d5580000, 0x00000000d7000000, 0x0000000100000000)
  eden space 19456K, 0% used [0x00000000d5580000,0x00000000d5580000,0x00000000d6880000)
  from space 2048K, 47% used [0x00000000d6c00000,0x00000000d6cf20f0,0x00000000d6e00000)
  to   space 1536K, 0% used [0x00000000d6e80000,0x00000000d6e80000,0x00000000d7000000)
 ParOldGen       total 68608K, used 56244K [0x0000000080000000, 0x0000000084300000, 0x00000000d5580000)
  object space 68608K, 81% used [0x0000000080000000,0x00000000836ed348,0x0000000084300000)
 Metaspace       used 53675K, committed 55168K, reserved 1114112K
  class space    used 5845K, committed 6528K, reserved 1048576K
}
Event: 10.033 GC heap before
{Heap before GC invocations=42 (full 2):
 PSYoungGen      total 21504K, used 19990K [0x00000000d5580000, 0x00000000d7000000, 0x0000000100000000)
  eden space 19456K, 97% used [0x00000000d5580000,0x00000000d68137f8,0x00000000d6880000)
  from space 2048K, 47% used [0x00000000d6c00000,0x00000000d6cf20f0,0x00000000d6e00000)
  to   space 1536K, 0% used [0x00000000d6e80000,0x00000000d6e80000,0x00000000d7000000)
 ParOldGen       total 68608K, used 56244K [0x0000000080000000, 0x0000000084300000, 0x00000000d5580000)
  object space 68608K, 81% used [0x0000000080000000,0x00000000836ed348,0x0000000084300000)
 Metaspace       used 53688K, committed 55168K, reserved 1114112K
  class space    used 5845K, committed 6528K, reserved 1048576K
}
Event: 10.035 GC heap after
{Heap after GC invocations=42 (full 2):
 PSYoungGen      total 20480K, used 1005K [0x00000000d5580000, 0x00000000d6f80000, 0x0000000100000000)
  eden space 19456K, 0% used [0x00000000d5580000,0x00000000d5580000,0x00000000d6880000)
  from space 1024K, 98% used [0x00000000d6e80000,0x00000000d6f7b608,0x00000000d6f80000)
  to   space 1536K, 0% used [0x00000000d6c80000,0x00000000d6c80000,0x00000000d6e00000)
 ParOldGen       total 68608K, used 57090K [0x0000000080000000, 0x0000000084300000, 0x00000000d5580000)
  object space 68608K, 83% used [0x0000000080000000,0x00000000837c0858,0x0000000084300000)
 Metaspace       used 53688K, committed 55168K, reserved 1114112K
  class space    used 5845K, committed 6528K, reserved 1048576K
}
Event: 10.127 GC heap before
{Heap before GC invocations=43 (full 2):
 PSYoungGen      total 20480K, used 20461K [0x00000000d5580000, 0x00000000d6f80000, 0x0000000100000000)
  eden space 19456K, 100% used [0x00000000d5580000,0x00000000d6880000,0x00000000d6880000)
  from space 1024K, 98% used [0x00000000d6e80000,0x00000000d6f7b608,0x00000000d6f80000)
  to   space 1536K, 0% used [0x00000000d6c80000,0x00000000d6c80000,0x00000000d6e00000)
 ParOldGen       total 68608K, used 57090K [0x0000000080000000, 0x0000000084300000, 0x00000000d5580000)
  object space 68608K, 83% used [0x0000000080000000,0x00000000837c0858,0x0000000084300000)
 Metaspace       used 53696K, committed 55168K, reserved 1114112K
  class space    used 5846K, committed 6528K, reserved 1048576K
}
Event: 10.131 GC heap after
{Heap after GC invocations=43 (full 2):
 PSYoungGen      total 20992K, used 1509K [0x00000000d5580000, 0x00000000d6f00000, 0x0000000100000000)
  eden space 19456K, 0% used [0x00000000d5580000,0x00000000d5580000,0x00000000d6880000)
  from space 1536K, 98% used [0x00000000d6c80000,0x00000000d6df95a8,0x00000000d6e00000)
  to   space 1024K, 0% used [0x00000000d6e00000,0x00000000d6e00000,0x00000000d6f00000)
 ParOldGen       total 68608K, used 58079K [0x0000000080000000, 0x0000000084300000, 0x00000000d5580000)
  object space 68608K, 84% used [0x0000000080000000,0x00000000838b7ff8,0x0000000084300000)
 Metaspace       used 53696K, committed 55168K, reserved 1114112K
  class space    used 5846K, committed 6528K, reserved 1048576K
}
Event: 10.254 GC heap before
{Heap before GC invocations=44 (full 2):
 PSYoungGen      total 20992K, used 20965K [0x00000000d5580000, 0x00000000d6f00000, 0x0000000100000000)
  eden space 19456K, 100% used [0x00000000d5580000,0x00000000d6880000,0x00000000d6880000)
  from space 1536K, 98% used [0x00000000d6c80000,0x00000000d6df95a8,0x00000000d6e00000)
  to   space 1024K, 0% used [0x00000000d6e00000,0x00000000d6e00000,0x00000000d6f00000)
 ParOldGen       total 68608K, used 58079K [0x0000000080000000, 0x0000000084300000, 0x00000000d5580000)
  object space 68608K, 84% used [0x0000000080000000,0x00000000838b7ff8,0x0000000084300000)
 Metaspace       used 53713K, committed 55168K, reserved 1114112K
  class space    used 5846K, committed 6528K, reserved 1048576K
}
Event: 10.257 GC heap after
{Heap after GC invocations=44 (full 2):
 PSYoungGen      total 20480K, used 1012K [0x00000000d5580000, 0x00000000d6f00000, 0x0000000100000000)
  eden space 19456K, 0% used [0x00000000d5580000,0x00000000d5580000,0x00000000d6880000)
  from space 1024K, 98% used [0x00000000d6e00000,0x00000000d6efd3d8,0x00000000d6f00000)
  to   space 3072K, 0% used [0x00000000d6900000,0x00000000d6900000,0x00000000d6c00000)
 ParOldGen       total 68608K, used 59620K [0x0000000080000000, 0x0000000084300000, 0x00000000d5580000)
  object space 68608K, 86% used [0x0000000080000000,0x0000000083a39240,0x0000000084300000)
 Metaspace       used 53713K, committed 55168K, reserved 1114112K
  class space    used 5846K, committed 6528K, reserved 1048576K
}
Event: 10.508 GC heap before
{Heap before GC invocations=45 (full 2):
 PSYoungGen      total 20480K, used 20468K [0x00000000d5580000, 0x00000000d6f00000, 0x0000000100000000)
  eden space 19456K, 100% used [0x00000000d5580000,0x00000000d6880000,0x00000000d6880000)
  from space 1024K, 98% used [0x00000000d6e00000,0x00000000d6efd3d8,0x00000000d6f00000)
  to   space 3072K, 0% used [0x00000000d6900000,0x00000000d6900000,0x00000000d6c00000)
 ParOldGen       total 68608K, used 59620K [0x0000000080000000, 0x0000000084300000, 0x00000000d5580000)
  object space 68608K, 86% used [0x0000000080000000,0x0000000083a39240,0x0000000084300000)
 Metaspace       used 54320K, committed 55808K, reserved 1114112K
  class space    used 5899K, committed 6592K, reserved 1048576K
}
Event: 10.510 GC heap after
{Heap after GC invocations=45 (full 2):
 PSYoungGen      total 22528K, used 1007K [0x00000000d5580000, 0x00000000d6e80000, 0x0000000100000000)
  eden space 19456K, 0% used [0x00000000d5580000,0x00000000d5580000,0x00000000d6880000)
  from space 3072K, 32% used [0x00000000d6900000,0x00000000d69fbe58,0x00000000d6c00000)
  to   space 2048K, 0% used [0x00000000d6c80000,0x00000000d6c80000,0x00000000d6e80000)
 ParOldGen       total 68608K, used 60572K [0x0000000080000000, 0x0000000084300000, 0x00000000d5580000)
  object space 68608K, 88% used [0x0000000080000000,0x0000000083b27360,0x0000000084300000)
 Metaspace       used 54320K, committed 55808K, reserved 1114112K
  class space    used 5899K, committed 6592K, reserved 1048576K
}
Event: 11.994 GC heap before
{Heap before GC invocations=46 (full 2):
 PSYoungGen      total 22528K, used 20463K [0x00000000d5580000, 0x00000000d6e80000, 0x0000000100000000)
  eden space 19456K, 100% used [0x00000000d5580000,0x00000000d6880000,0x00000000d6880000)
  from space 3072K, 32% used [0x00000000d6900000,0x00000000d69fbe58,0x00000000d6c00000)
  to   space 2048K, 0% used [0x00000000d6c80000,0x00000000d6c80000,0x00000000d6e80000)
 ParOldGen       total 68608K, used 60572K [0x0000000080000000, 0x0000000084300000, 0x00000000d5580000)
  object space 68608K, 88% used [0x0000000080000000,0x0000000083b27360,0x0000000084300000)
 Metaspace       used 54925K, committed 56448K, reserved 1114112K
  class space    used 5958K, committed 6656K, reserved 1048576K
}
Event: 14.018 GC heap after
{Heap after GC invocations=46 (full 2):
 PSYoungGen      total 21504K, used 2016K [0x00000000d5580000, 0x00000000d6e80000, 0x0000000100000000)
  eden space 19456K, 0% used [0x00000000d5580000,0x00000000d5580000,0x00000000d6880000)
  from space 2048K, 98% used [0x00000000d6c80000,0x00000000d6e78010,0x00000000d6e80000)
  to   space 3072K, 0% used [0x00000000d6900000,0x00000000d6900000,0x00000000d6c00000)
 ParOldGen       total 68608K, used 62907K [0x0000000080000000, 0x0000000084300000, 0x00000000d5580000)
  object space 68608K, 91% used [0x0000000080000000,0x0000000083d6ed80,0x0000000084300000)
 Metaspace       used 54925K, committed 56448K, reserved 1114112K
  class space    used 5958K, committed 6656K, reserved 1048576K
}

