# JRE version: OpenJDK Runtime Environment Temurin-21.0.11+10 (21.0.11+10) (build 21.0.11+10-LTS)
# Java VM: OpenJDK 64-Bit Server VM Temurin-21.0.11+10 (21.0.11+10-LTS, mixed mode, sharing, tiered, compressed oops, compressed class ptrs, parallel gc, windows-amd64)
GC Precious Log:
 CardTable entry size: 512
 CPUs: 8 total, 8 available
 Memory: 7896M
 Large Page Support: Disabled
 NUMA Support: Disabled
 Compressed Oops: Enabled (32-bit)
 Alignments: Space 512K, Generation 512K, Heap 2M
 Heap Min Capacity: 100M
 Heap Initial Capacity: 100M
 Heap Max Capacity: 2G
 Pre-touch: Disabled
 Parallel Workers: 8
Heap:
 PSYoungGen      total 17920K, used 6719K [0x00000000d5580000, 0x00000000d6a00000, 0x0000000100000000)
  eden space 16896K, 33% used [0x00000000d5580000,0x00000000d5b156f0,0x00000000d6600000)
  from space 1024K, 97% used [0x00000000d6900000,0x00000000d69fa740,0x00000000d6a00000)
  to   space 1536K, 0% used [0x00000000d6700000,0x00000000d6700000,0x00000000d6880000)
 ParOldGen       total 68608K, used 49399K [0x0000000080000000, 0x0000000084300000, 0x00000000d5580000)
  object space 68608K, 72% used [0x0000000080000000,0x000000008303dd18,0x0000000084300000)
 Metaspace       used 59405K, committed 60800K, reserved 1114112K
  class space    used 6507K, committed 7040K, reserved 1048576K
GC Heap History (20 events):
Event: 40.902 GC heap before
{Heap before GC invocations=32 (full 2):
 PSYoungGen      total 18944K, used 18500K [0x00000000d5580000, 0x00000000d6c00000, 0x0000000100000000)
  eden space 16896K, 100% used [0x00000000d5580000,0x00000000d6600000,0x00000000d6600000)
  from space 2048K, 78% used [0x00000000d6980000,0x00000000d6b11000,0x00000000d6b80000)
  to   space 512K, 0% used [0x00000000d6b80000,0x00000000d6b80000,0x00000000d6c00000)
 ParOldGen       total 68608K, used 49168K [0x0000000080000000, 0x0000000084300000, 0x00000000d5580000)
  object space 68608K, 71% used [0x0000000080000000,0x00000000830043b8,0x0000000084300000)
 Metaspace       used 54099K, committed 55424K, reserved 1114112K
  class space    used 5950K, committed 6464K, reserved 1048576K
}
Event: 40.906 GC heap after
{Heap after GC invocations=32 (full 2):
 PSYoungGen      total 17408K, used 512K [0x00000000d5580000, 0x00000000d6d00000, 0x0000000100000000)
  eden space 16896K, 0% used [0x00000000d5580000,0x00000000d5580000,0x00000000d6600000)
  from space 512K, 100% used [0x00000000d6b80000,0x00000000d6c00000,0x00000000d6c00000)
  to   space 3584K, 0% used [0x00000000d6600000,0x00000000d6600000,0x00000000d6980000)
 ParOldGen       total 68608K, used 51574K [0x0000000080000000, 0x0000000084300000, 0x00000000d5580000)
  object space 68608K, 75% used [0x0000000080000000,0x000000008325d9e0,0x0000000084300000)
 Metaspace       used 54099K, committed 55424K, reserved 1114112K
  class space    used 5950K, committed 6464K, reserved 1048576K
}
Event: 41.070 GC heap before
{Heap before GC invocations=33 (full 2):
 PSYoungGen      total 17408K, used 17408K [0x00000000d5580000, 0x00000000d6d00000, 0x0000000100000000)
  eden space 16896K, 100% used [0x00000000d5580000,0x00000000d6600000,0x00000000d6600000)
  from space 512K, 100% used [0x00000000d6b80000,0x00000000d6c00000,0x00000000d6c00000)
  to   space 3584K, 0% used [0x00000000d6600000,0x00000000d6600000,0x00000000d6980000)
 ParOldGen       total 68608K, used 51574K [0x0000000080000000, 0x0000000084300000, 0x00000000d5580000)
  object space 68608K, 75% used [0x0000000080000000,0x000000008325d9e0,0x0000000084300000)
 Metaspace       used 54146K, committed 55488K, reserved 1114112K
  class space    used 5953K, committed 6528K, reserved 1048576K
}
Event: 41.076 GC heap after
{Heap after GC invocations=33 (full 2):
 PSYoungGen      total 20480K, used 1696K [0x00000000d5580000, 0x00000000d6c00000, 0x0000000100000000)
  eden space 16896K, 0% used [0x00000000d5580000,0x00000000d5580000,0x00000000d6600000)
  from space 3584K, 47% used [0x00000000d6600000,0x00000000d67a8010,0x00000000d6980000)
  to   space 2560K, 0% used [0x00000000d6980000,0x00000000d6980000,0x00000000d6c00000)
 ParOldGen       total 68608K, used 52118K [0x0000000080000000, 0x0000000084300000, 0x00000000d5580000)
  object space 68608K, 75% used [0x0000000080000000,0x00000000832e59e0,0x0000000084300000)
 Metaspace       used 54146K, committed 55488K, reserved 1114112K
  class space    used 5953K, committed 6528K, reserved 1048576K
}
Event: 41.155 GC heap before
{Heap before GC invocations=34 (full 2):
 PSYoungGen      total 20480K, used 18591K [0x00000000d5580000, 0x00000000d6c00000, 0x0000000100000000)
  eden space 16896K, 99% used [0x00000000d5580000,0x00000000d65fffe8,0x00000000d6600000)
  from space 3584K, 47% used [0x00000000d6600000,0x00000000d67a8010,0x00000000d6980000)
  to   space 2560K, 0% used [0x00000000d6980000,0x00000000d6980000,0x00000000d6c00000)
 ParOldGen       total 68608K, used 52118K [0x0000000080000000, 0x0000000084300000, 0x00000000d5580000)
  object space 68608K, 75% used [0x0000000080000000,0x00000000832e59e0,0x0000000084300000)
 Metaspace       used 54155K, committed 55488K, reserved 1114112K
  class space    used 5953K, committed 6528K, reserved 1048576K
}
Event: 41.160 GC heap after
{Heap after GC invocations=34 (full 2):
 PSYoungGen      total 18944K, used 1560K [0x00000000d5580000, 0x00000000d6b80000, 0x0000000100000000)
  eden space 16896K, 0% used [0x00000000d5580000,0x00000000d5580000,0x00000000d6600000)
  from space 2048K, 76% used [0x00000000d6980000,0x00000000d6b06200,0x00000000d6b80000)
  to   space 2048K, 0% used [0x00000000d6780000,0x00000000d6780000,0x00000000d6980000)
 ParOldGen       total 68608K, used 53718K [0x0000000080000000, 0x0000000084300000, 0x00000000d5580000)
  object space 68608K, 78% used [0x0000000080000000,0x00000000834759f0,0x0000000084300000)
 Metaspace       used 54155K, committed 55488K, reserved 1114112K
  class space    used 5953K, committed 6528K, reserved 1048576K
}
Event: 41.590 GC heap before
{Heap before GC invocations=35 (full 2):
 PSYoungGen      total 18944K, used 18456K [0x00000000d5580000, 0x00000000d6b80000, 0x0000000100000000)
  eden space 16896K, 100% used [0x00000000d5580000,0x00000000d6600000,0x00000000d6600000)
  from space 2048K, 76% used [0x00000000d6980000,0x00000000d6b06200,0x00000000d6b80000)
  to   space 2048K, 0% used [0x00000000d6780000,0x00000000d6780000,0x00000000d6980000)
 ParOldGen       total 68608K, used 53718K [0x0000000080000000, 0x0000000084300000, 0x00000000d5580000)
  object space 68608K, 78% used [0x0000000080000000,0x00000000834759f0,0x0000000084300000)
 Metaspace       used 55220K, committed 56576K, reserved 1114112K
  class space    used 6100K, committed 6656K, reserved 1048576K
}
Event: 41.592 GC heap after
{Heap after GC invocations=35 (full 2):
 PSYoungGen      total 18432K, used 1307K [0x00000000d5580000, 0x00000000d6a00000, 0x0000000100000000)
  eden space 16896K, 0% used [0x00000000d5580000,0x00000000d5580000,0x00000000d6600000)
  from space 1536K, 85% used [0x00000000d6780000,0x00000000d68c6e78,0x00000000d6900000)
  to   space 1024K, 0% used [0x00000000d6900000,0x00000000d6900000,0x00000000d6a00000)
 ParOldGen       total 68608K, used 55118K [0x0000000080000000, 0x0000000084300000, 0x00000000d5580000)
  object space 68608K, 80% used [0x0000000080000000,0x00000000835d3bf0,0x0000000084300000)
 Metaspace       used 55220K, committed 56576K, reserved 1114112K
  class space    used 6100K, committed 6656K, reserved 1048576K
}
Event: 42.109 GC heap before
{Heap before GC invocations=36 (full 2):
 PSYoungGen      total 18432K, used 18203K [0x00000000d5580000, 0x00000000d6a00000, 0x0000000100000000)
  eden space 16896K, 100% used [0x00000000d5580000,0x00000000d6600000,0x00000000d6600000)
  from space 1536K, 85% used [0x00000000d6780000,0x00000000d68c6e78,0x00000000d6900000)
  to   space 1024K, 0% used [0x00000000d6900000,0x00000000d6900000,0x00000000d6a00000)
 ParOldGen       total 68608K, used 55118K [0x0000000080000000, 0x0000000084300000, 0x00000000d5580000)
  object space 68608K, 80% used [0x0000000080000000,0x00000000835d3bf0,0x0000000084300000)
 Metaspace       used 56192K, committed 57536K, reserved 1114112K
  class space    used 6240K, committed 6784K, reserved 1048576K
}
Event: 42.111 GC heap after
{Heap after GC invocations=36 (full 2):
 PSYoungGen      total 17920K, used 600K [0x00000000d5580000, 0x00000000d6a00000, 0x0000000100000000)
  eden space 16896K, 0% used [0x00000000d5580000,0x00000000d5580000,0x00000000d6600000)
  from space 1024K, 58% used [0x00000000d6900000,0x00000000d69962e8,0x00000000d6a00000)
  to   space 1024K, 0% used [0x00000000d6800000,0x00000000d6800000,0x00000000d6900000)
 ParOldGen       total 68608K, used 56003K [0x0000000080000000, 0x0000000084300000, 0x00000000d5580000)
  object space 68608K, 81% used [0x0000000080000000,0x00000000836b0ec0,0x0000000084300000)
 Metaspace       used 56192K, committed 57536K, reserved 1114112K
  class space    used 6240K, committed 6784K, reserved 1048576K
}
Event: 42.459 GC heap before
{Heap before GC invocations=37 (full 2):
 PSYoungGen      total 17920K, used 17496K [0x00000000d5580000, 0x00000000d6a00000, 0x0000000100000000)
  eden space 16896K, 100% used [0x00000000d5580000,0x00000000d6600000,0x00000000d6600000)
  from space 1024K, 58% used [0x00000000d6900000,0x00000000d69962e8,0x00000000d6a00000)
  to   space 1024K, 0% used [0x00000000d6800000,0x00000000d6800000,0x00000000d6900000)
 ParOldGen       total 68608K, used 56003K [0x0000000080000000, 0x0000000084300000, 0x00000000d5580000)
  object space 68608K, 81% used [0x0000000080000000,0x00000000836b0ec0,0x0000000084300000)
 Metaspace       used 57259K, committed 58560K, reserved 1114112K
  class space    used 6334K, committed 6848K, reserved 1048576K
}
Event: 42.460 GC heap after
{Heap after GC invocations=37 (full 2):
 PSYoungGen      total 17920K, used 320K [0x00000000d5580000, 0x00000000d6980000, 0x0000000100000000)
  eden space 16896K, 0% used [0x00000000d5580000,0x00000000d5580000,0x00000000d6600000)
  from space 1024K, 31% used [0x00000000d6800000,0x00000000d6850000,0x00000000d6900000)
  to   space 512K, 0% used [0x00000000d6900000,0x00000000d6900000,0x00000000d6980000)
 ParOldGen       total 68608K, used 56475K [0x0000000080000000, 0x0000000084300000, 0x00000000d5580000)
  object space 68608K, 82% used [0x0000000080000000,0x0000000083726c50,0x0000000084300000)
 Metaspace       used 57259K, committed 58560K, reserved 1114112K
  class space    used 6334K, committed 6848K, reserved 1048576K
}
Event: 43.613 GC heap before
{Heap before GC invocations=38 (full 2):
 PSYoungGen      total 17920K, used 7167K [0x00000000d5580000, 0x00000000d6980000, 0x0000000100000000)
  eden space 16896K, 40% used [0x00000000d5580000,0x00000000d5c2fdc8,0x00000000d6600000)
  from space 1024K, 31% used [0x00000000d6800000,0x00000000d6850000,0x00000000d6900000)
  to   space 512K, 0% used [0x00000000d6900000,0x00000000d6900000,0x00000000d6980000)
 ParOldGen       total 68608K, used 56475K [0x0000000080000000, 0x0000000084300000, 0x00000000d5580000)
  object space 68608K, 82% used [0x0000000080000000,0x0000000083726c50,0x0000000084300000)
 Metaspace       used 58473K, committed 59776K, reserved 1114112K
  class space    used 6427K, committed 6976K, reserved 1048576K
}
Event: 43.615 GC heap after
{Heap after GC invocations=38 (full 2):
 PSYoungGen      total 17408K, used 384K [0x00000000d5580000, 0x00000000d6980000, 0x0000000100000000)
  eden space 16896K, 0% used [0x00000000d5580000,0x00000000d5580000,0x00000000d6600000)
  from space 512K, 75% used [0x00000000d6900000,0x00000000d6960100,0x00000000d6980000)
  to   space 512K, 0% used [0x00000000d6880000,0x00000000d6880000,0x00000000d6900000)
 ParOldGen       total 68608K, used 56683K [0x0000000080000000, 0x0000000084300000, 0x00000000d5580000)
  object space 68608K, 82% used [0x0000000080000000,0x000000008375ac50,0x0000000084300000)
 Metaspace       used 58473K, committed 59776K, reserved 1114112K
  class space    used 6427K, committed 6976K, reserved 1048576K
}
Event: 43.615 GC heap before
{Heap before GC invocations=39 (full 3):
 PSYoungGen      total 17408K, used 384K [0x00000000d5580000, 0x00000000d6980000, 0x0000000100000000)
  eden space 16896K, 0% used [0x00000000d5580000,0x00000000d5580000,0x00000000d6600000)
  from space 512K, 75% used [0x00000000d6900000,0x00000000d6960100,0x00000000d6980000)
  to   space 512K, 0% used [0x00000000d6880000,0x00000000d6880000,0x00000000d6900000)
 ParOldGen       total 68608K, used 56683K [0x0000000080000000, 0x0000000084300000, 0x00000000d5580000)
  object space 68608K, 82% used [0x0000000080000000,0x000000008375ac50,0x0000000084300000)
 Metaspace       used 58473K, committed 59776K, reserved 1114112K
  class space    used 6427K, committed 6976K, reserved 1048576K
}
Event: 43.829 GC heap after
{Heap after GC invocations=39 (full 3):
 PSYoungGen      total 17408K, used 0K [0x00000000d5580000, 0x00000000d6980000, 0x0000000100000000)
  eden space 16896K, 0% used [0x00000000d5580000,0x00000000d5580000,0x00000000d6600000)
  from space 512K, 0% used [0x00000000d6900000,0x00000000d6900000,0x00000000d6980000)
  to   space 512K, 0% used [0x00000000d6880000,0x00000000d6880000,0x00000000d6900000)
 ParOldGen       total 68608K, used 47999K [0x0000000080000000, 0x0000000084300000, 0x00000000d5580000)
  object space 68608K, 69% used [0x0000000080000000,0x0000000082edfee8,0x0000000084300000)
 Metaspace       used 58473K, committed 59776K, reserved 1114112K
  class space    used 6427K, committed 6976K, reserved 1048576K
}
Event: 44.766 GC heap before
{Heap before GC invocations=40 (full 3):
 PSYoungGen      total 17408K, used 16896K [0x00000000d5580000, 0x00000000d6980000, 0x0000000100000000)
  eden space 16896K, 100% used [0x00000000d5580000,0x00000000d6600000,0x00000000d6600000)
  from space 512K, 0% used [0x00000000d6900000,0x00000000d6900000,0x00000000d6980000)
  to   space 512K, 0% used [0x00000000d6880000,0x00000000d6880000,0x00000000d6900000)
 ParOldGen       total 68608K, used 47999K [0x0000000080000000, 0x0000000084300000, 0x00000000d5580000)
  object space 68608K, 69% used [0x0000000080000000,0x0000000082edfee8,0x0000000084300000)
 Metaspace       used 59202K, committed 60608K, reserved 1114112K
  class space    used 6498K, committed 7040K, reserved 1048576K
}
Event: 44.770 GC heap after
{Heap after GC invocations=40 (full 3):
 PSYoungGen      total 17408K, used 483K [0x00000000d5580000, 0x00000000d6a00000, 0x0000000100000000)
  eden space 16896K, 0% used [0x00000000d5580000,0x00000000d5580000,0x00000000d6600000)
  from space 512K, 94% used [0x00000000d6880000,0x00000000d68f8e90,0x00000000d6900000)
  to   space 1024K, 0% used [0x00000000d6900000,0x00000000d6900000,0x00000000d6a00000)
 ParOldGen       total 68608K, used 49188K [0x0000000080000000, 0x0000000084300000, 0x00000000d5580000)
  object space 68608K, 71% used [0x0000000080000000,0x0000000083009198,0x0000000084300000)
 Metaspace       used 59202K, committed 60608K, reserved 1114112K
  class space    used 6498K, committed 7040K, reserved 1048576K
}
Event: 45.889 GC heap before
{Heap before GC invocations=41 (full 3):
 PSYoungGen      total 17408K, used 17379K [0x00000000d5580000, 0x00000000d6a00000, 0x0000000100000000)
  eden space 16896K, 100% used [0x00000000d5580000,0x00000000d6600000,0x00000000d6600000)
  from space 512K, 94% used [0x00000000d6880000,0x00000000d68f8e90,0x00000000d6900000)
  to   space 1024K, 0% used [0x00000000d6900000,0x00000000d6900000,0x00000000d6a00000)
 ParOldGen       total 68608K, used 49188K [0x0000000080000000, 0x0000000084300000, 0x00000000d5580000)
  object space 68608K, 71% used [0x0000000080000000,0x0000000083009198,0x0000000084300000)
 Metaspace       used 59386K, committed 60800K, reserved 1114112K
  class space    used 6506K, committed 7040K, reserved 1048576K
}
Event: 45.892 GC heap after
{Heap after GC invocations=41 (full 3):
 PSYoungGen      total 17920K, used 1001K [0x00000000d5580000, 0x00000000d6a00000, 0x0000000100000000)
  eden space 16896K, 0% used [0x00000000d5580000,0x00000000d5580000,0x00000000d6600000)
  from space 1024K, 97% used [0x00000000d6900000,0x00000000d69fa740,0x00000000d6a00000)
  to   space 1536K, 0% used [0x00000000d6700000,0x00000000d6700000,0x00000000d6880000)
 ParOldGen       total 68608K, used 49399K [0x0000000080000000, 0x0000000084300000, 0x00000000d5580000)
  object space 68608K, 72% used [0x0000000080000000,0x000000008303dd18,0x0000000084300000)
 Metaspace       used 59386K, committed 60800K, reserved 1114112K
  class space    used 6506K, committed 7040K, reserved 1048576K
}

