# JRE version: OpenJDK Runtime Environment Temurin-21.0.11+10 (21.0.11+10) (build 21.0.11+10-LTS)
# Java VM: OpenJDK 64-Bit Server VM Temurin-21.0.11+10 (21.0.11+10-LTS, mixed mode, sharing, tiered, compressed oops, compressed class ptrs, parallel gc, windows-amd64)
GC Precious Log:
 CardTable entry size: 512
 CPUs: 8 total, 8 available
 Memory: 7896M
 Large Page Support: Disabled
 NUMA Support: Disabled
 Compressed Oops: Enabled (32-bit)
 Alignments: Space 512K, Generation 512K, Heap 2M
 Heap Min Capacity: 100M
 Heap Initial Capacity: 100M
 Heap Max Capacity: 2G
 Pre-touch: Disabled
 Parallel Workers: 8
Heap:
 PSYoungGen      total 17920K, used 12102K [0x00000000d5580000, 0x00000000d6980000, 0x0000000100000000)
  eden space 14848K, 73% used [0x00000000d5580000,0x00000000d6018b60,0x00000000d6400000)
  from space 3072K, 40% used [0x00000000d6680000,0x00000000d67b9018,0x00000000d6980000)
  to   space 2560K, 0% used [0x00000000d6400000,0x00000000d6400000,0x00000000d6680000)
 ParOldGen       total 70144K, used 69692K [0x0000000080000000, 0x0000000084480000, 0x00000000d5580000)
  object space 70144K, 99% used [0x0000000080000000,0x000000008440f0d0,0x0000000084480000)
 Metaspace       used 58193K, committed 59648K, reserved 1114112K
  class space    used 6308K, committed 6976K, reserved 1048576K
GC Heap History (20 events):
Event: 8.675 GC heap before
{Heap before GC invocations=49 (full 2):
 PSYoungGen      total 13312K, used 13300K [0x00000000d5580000, 0x00000000d6600000, 0x0000000100000000)
  eden space 12800K, 100% used [0x00000000d5580000,0x00000000d6200000,0x00000000d6200000)
  from space 512K, 97% used [0x00000000d6580000,0x00000000d65fd2b0,0x00000000d6600000)
  to   space 1536K, 0% used [0x00000000d6300000,0x00000000d6300000,0x00000000d6480000)
 ParOldGen       total 68608K, used 58006K [0x0000000080000000, 0x0000000084300000, 0x00000000d5580000)
  object space 68608K, 84% used [0x0000000080000000,0x00000000838a5a28,0x0000000084300000)
 Metaspace       used 54194K, committed 55616K, reserved 1114112K
  class space    used 5921K, committed 6528K, reserved 1048576K
}
Event: 8.677 GC heap after
{Heap after GC invocations=49 (full 2):
 PSYoungGen      total 14336K, used 1529K [0x00000000d5580000, 0x00000000d6600000, 0x0000000100000000)
  eden space 12800K, 0% used [0x00000000d5580000,0x00000000d5580000,0x00000000d6200000)
  from space 1536K, 99% used [0x00000000d6300000,0x00000000d647e5f0,0x00000000d6480000)
  to   space 1536K, 0% used [0x00000000d6480000,0x00000000d6480000,0x00000000d6600000)
 ParOldGen       total 68608K, used 58466K [0x0000000080000000, 0x0000000084300000, 0x00000000d5580000)
  object space 68608K, 85% used [0x0000000080000000,0x0000000083918840,0x0000000084300000)
 Metaspace       used 54194K, committed 55616K, reserved 1114112K
  class space    used 5921K, committed 6528K, reserved 1048576K
}
Event: 8.737 GC heap before
{Heap before GC invocations=50 (full 2):
 PSYoungGen      total 14336K, used 14329K [0x00000000d5580000, 0x00000000d6600000, 0x0000000100000000)
  eden space 12800K, 100% used [0x00000000d5580000,0x00000000d6200000,0x00000000d6200000)
  from space 1536K, 99% used [0x00000000d6300000,0x00000000d647e5f0,0x00000000d6480000)
  to   space 1536K, 0% used [0x00000000d6480000,0x00000000d6480000,0x00000000d6600000)
 ParOldGen       total 68608K, used 58466K [0x0000000080000000, 0x0000000084300000, 0x00000000d5580000)
  object space 68608K, 85% used [0x0000000080000000,0x0000000083918840,0x0000000084300000)
 Metaspace       used 54605K, committed 56064K, reserved 1114112K
  class space    used 5954K, committed 6592K, reserved 1048576K
}
Event: 8.739 GC heap after
{Heap after GC invocations=50 (full 2):
 PSYoungGen      total 13824K, used 603K [0x00000000d5580000, 0x00000000d6580000, 0x0000000100000000)
  eden space 12800K, 0% used [0x00000000d5580000,0x00000000d5580000,0x00000000d6200000)
  from space 1024K, 58% used [0x00000000d6480000,0x00000000d6516f38,0x00000000d6580000)
  to   space 1024K, 0% used [0x00000000d6380000,0x00000000d6380000,0x00000000d6480000)
 ParOldGen       total 68608K, used 59880K [0x0000000080000000, 0x0000000084300000, 0x00000000d5580000)
  object space 68608K, 87% used [0x0000000080000000,0x0000000083a7a050,0x0000000084300000)
 Metaspace       used 54605K, committed 56064K, reserved 1114112K
  class space    used 5954K, committed 6592K, reserved 1048576K
}
Event: 8.774 GC heap before
{Heap before GC invocations=51 (full 2):
 PSYoungGen      total 13824K, used 13403K [0x00000000d5580000, 0x00000000d6580000, 0x0000000100000000)
  eden space 12800K, 100% used [0x00000000d5580000,0x00000000d6200000,0x00000000d6200000)
  from space 1024K, 58% used [0x00000000d6480000,0x00000000d6516f38,0x00000000d6580000)
  to   space 1024K, 0% used [0x00000000d6380000,0x00000000d6380000,0x00000000d6480000)
 ParOldGen       total 68608K, used 59880K [0x0000000080000000, 0x0000000084300000, 0x00000000d5580000)
  object space 68608K, 87% used [0x0000000080000000,0x0000000083a7a050,0x0000000084300000)
 Metaspace       used 54898K, committed 56320K, reserved 1114112K
  class space    used 5992K, committed 6592K, reserved 1048576K
}
Event: 8.776 GC heap after
{Heap after GC invocations=51 (full 2):
 PSYoungGen      total 13824K, used 868K [0x00000000d5580000, 0x00000000d6500000, 0x0000000100000000)
  eden space 12800K, 0% used [0x00000000d5580000,0x00000000d5580000,0x00000000d6200000)
  from space 1024K, 84% used [0x00000000d6380000,0x00000000d6459138,0x00000000d6480000)
  to   space 512K, 0% used [0x00000000d6480000,0x00000000d6480000,0x00000000d6500000)
 ParOldGen       total 68608K, used 60300K [0x0000000080000000, 0x0000000084300000, 0x00000000d5580000)
  object space 68608K, 87% used [0x0000000080000000,0x0000000083ae30e0,0x0000000084300000)
 Metaspace       used 54898K, committed 56320K, reserved 1114112K
  class space    used 5992K, committed 6592K, reserved 1048576K
}
Event: 8.813 GC heap before
{Heap before GC invocations=52 (full 2):
 PSYoungGen      total 13824K, used 13668K [0x00000000d5580000, 0x00000000d6500000, 0x0000000100000000)
  eden space 12800K, 100% used [0x00000000d5580000,0x00000000d6200000,0x00000000d6200000)
  from space 1024K, 84% used [0x00000000d6380000,0x00000000d6459138,0x00000000d6480000)
  to   space 512K, 0% used [0x00000000d6480000,0x00000000d6480000,0x00000000d6500000)
 ParOldGen       total 68608K, used 60300K [0x0000000080000000, 0x0000000084300000, 0x00000000d5580000)
  object space 68608K, 87% used [0x0000000080000000,0x0000000083ae30e0,0x0000000084300000)
 Metaspace       used 54976K, committed 56448K, reserved 1114112K
  class space    used 6000K, committed 6656K, reserved 1048576K
}
Event: 8.815 GC heap after
{Heap after GC invocations=52 (full 2):
 PSYoungGen      total 13312K, used 495K [0x00000000d5580000, 0x00000000d6500000, 0x0000000100000000)
  eden space 12800K, 0% used [0x00000000d5580000,0x00000000d5580000,0x00000000d6200000)
  from space 512K, 96% used [0x00000000d6480000,0x00000000d64fbdb0,0x00000000d6500000)
  to   space 1536K, 0% used [0x00000000d6200000,0x00000000d6200000,0x00000000d6380000)
 ParOldGen       total 68608K, used 61067K [0x0000000080000000, 0x0000000084300000, 0x00000000d5580000)
  object space 68608K, 89% used [0x0000000080000000,0x0000000083ba2ea8,0x0000000084300000)
 Metaspace       used 54976K, committed 56448K, reserved 1114112K
  class space    used 6000K, committed 6656K, reserved 1048576K
}
Event: 8.846 GC heap before
{Heap before GC invocations=53 (full 2):
 PSYoungGen      total 13312K, used 13295K [0x00000000d5580000, 0x00000000d6500000, 0x0000000100000000)
  eden space 12800K, 100% used [0x00000000d5580000,0x00000000d6200000,0x00000000d6200000)
  from space 512K, 96% used [0x00000000d6480000,0x00000000d64fbdb0,0x00000000d6500000)
  to   space 1536K, 0% used [0x00000000d6200000,0x00000000d6200000,0x00000000d6380000)
 ParOldGen       total 68608K, used 61067K [0x0000000080000000, 0x0000000084300000, 0x00000000d5580000)
  object space 68608K, 89% used [0x0000000080000000,0x0000000083ba2ea8,0x0000000084300000)
 Metaspace       used 54981K, committed 56448K, reserved 1114112K
  class space    used 6000K, committed 6656K, reserved 1048576K
}
Event: 8.848 GC heap after
{Heap after GC invocations=53 (full 2):
 PSYoungGen      total 14336K, used 733K [0x00000000d5580000, 0x00000000d6500000, 0x0000000100000000)
  eden space 12800K, 0% used [0x00000000d5580000,0x00000000d5580000,0x00000000d6200000)
  from space 1536K, 47% used [0x00000000d6200000,0x00000000d62b75a8,0x00000000d6380000)
  to   space 1024K, 0% used [0x00000000d6400000,0x00000000d6400000,0x00000000d6500000)
 ParOldGen       total 68608K, used 61597K [0x0000000080000000, 0x0000000084300000, 0x00000000d5580000)
  object space 68608K, 89% used [0x0000000080000000,0x0000000083c277d0,0x0000000084300000)
 Metaspace       used 54981K, committed 56448K, reserved 1114112K
  class space    used 6000K, committed 6656K, reserved 1048576K
}
Event: 8.930 GC heap before
{Heap before GC invocations=54 (full 2):
 PSYoungGen      total 14336K, used 13533K [0x00000000d5580000, 0x00000000d6500000, 0x0000000100000000)
  eden space 12800K, 100% used [0x00000000d5580000,0x00000000d6200000,0x00000000d6200000)
  from space 1536K, 47% used [0x00000000d6200000,0x00000000d62b75a8,0x00000000d6380000)
  to   space 1024K, 0% used [0x00000000d6400000,0x00000000d6400000,0x00000000d6500000)
 ParOldGen       total 68608K, used 61597K [0x0000000080000000, 0x0000000084300000, 0x00000000d5580000)
  object space 68608K, 89% used [0x0000000080000000,0x0000000083c277d0,0x0000000084300000)
 Metaspace       used 55475K, committed 56896K, reserved 1114112K
  class space    used 6049K, committed 6656K, reserved 1048576K
}
Event: 8.931 GC heap after
{Heap after GC invocations=54 (full 2):
 PSYoungGen      total 13312K, used 1010K [0x00000000d5580000, 0x00000000d6700000, 0x0000000100000000)
  eden space 12288K, 0% used [0x00000000d5580000,0x00000000d5580000,0x00000000d6180000)
  from space 1024K, 98% used [0x00000000d6400000,0x00000000d64fc8c0,0x00000000d6500000)
  to   space 2560K, 0% used [0x00000000d6180000,0x00000000d6180000,0x00000000d6400000)
 ParOldGen       total 68608K, used 62551K [0x0000000080000000, 0x0000000084300000, 0x00000000d5580000)
  object space 68608K, 91% used [0x0000000080000000,0x0000000083d15e98,0x0000000084300000)
 Metaspace       used 55475K, committed 56896K, reserved 1114112K
  class space    used 6049K, committed 6656K, reserved 1048576K
}
Event: 9.076 GC heap before
{Heap before GC invocations=55 (full 2):
 PSYoungGen      total 13312K, used 13298K [0x00000000d5580000, 0x00000000d6700000, 0x0000000100000000)
  eden space 12288K, 100% used [0x00000000d5580000,0x00000000d6180000,0x00000000d6180000)
  from space 1024K, 98% used [0x00000000d6400000,0x00000000d64fc8c0,0x00000000d6500000)
  to   space 2560K, 0% used [0x00000000d6180000,0x00000000d6180000,0x00000000d6400000)
 ParOldGen       total 68608K, used 62551K [0x0000000080000000, 0x0000000084300000, 0x00000000d5580000)
  object space 68608K, 91% used [0x0000000080000000,0x0000000083d15e98,0x0000000084300000)
 Metaspace       used 55995K, committed 57408K, reserved 1114112K
  class space    used 6107K, committed 6720K, reserved 1048576K
}
Event: 9.079 GC heap after
{Heap after GC invocations=55 (full 2):
 PSYoungGen      total 14848K, used 2016K [0x00000000d5580000, 0x00000000d6680000, 0x0000000100000000)
  eden space 12288K, 0% used [0x00000000d5580000,0x00000000d5580000,0x00000000d6180000)
  from space 2560K, 78% used [0x00000000d6180000,0x00000000d6378030,0x00000000d6400000)
  to   space 2560K, 0% used [0x00000000d6400000,0x00000000d6400000,0x00000000d6680000)
 ParOldGen       total 68608K, used 63541K [0x0000000080000000, 0x0000000084300000, 0x00000000d5580000)
  object space 68608K, 92% used [0x0000000080000000,0x0000000083e0d460,0x0000000084300000)
 Metaspace       used 55995K, committed 57408K, reserved 1114112K
  class space    used 6107K, committed 6720K, reserved 1048576K
}
Event: 9.273 GC heap before
{Heap before GC invocations=56 (full 2):
 PSYoungGen      total 14848K, used 14304K [0x00000000d5580000, 0x00000000d6680000, 0x0000000100000000)
  eden space 12288K, 100% used [0x00000000d5580000,0x00000000d6180000,0x00000000d6180000)
  from space 2560K, 78% used [0x00000000d6180000,0x00000000d6378030,0x00000000d6400000)
  to   space 2560K, 0% used [0x00000000d6400000,0x00000000d6400000,0x00000000d6680000)
 ParOldGen       total 68608K, used 63541K [0x0000000080000000, 0x0000000084300000, 0x00000000d5580000)
  object space 68608K, 92% used [0x0000000080000000,0x0000000083e0d460,0x0000000084300000)
 Metaspace       used 56687K, committed 58112K, reserved 1114112K
  class space    used 6169K, committed 6784K, reserved 1048576K
}
Event: 9.276 GC heap after
{Heap after GC invocations=56 (full 2):
 PSYoungGen      total 14336K, used 1802K [0x00000000d5580000, 0x00000000d6600000, 0x0000000100000000)
  eden space 12288K, 0% used [0x00000000d5580000,0x00000000d5580000,0x00000000d6180000)
  from space 2048K, 88% used [0x00000000d6400000,0x00000000d65c2ba8,0x00000000d6600000)
  to   space 2048K, 0% used [0x00000000d6200000,0x00000000d6200000,0x00000000d6400000)
 ParOldGen       total 68608K, used 65467K [0x0000000080000000, 0x0000000084300000, 0x00000000d5580000)
  object space 68608K, 95% used [0x0000000080000000,0x0000000083feece0,0x0000000084300000)
 Metaspace       used 56687K, committed 58112K, reserved 1114112K
  class space    used 6169K, committed 6784K, reserved 1048576K
}
Event: 9.383 GC heap before
{Heap before GC invocations=57 (full 2):
 PSYoungGen      total 14336K, used 14090K [0x00000000d5580000, 0x00000000d6600000, 0x0000000100000000)
  eden space 12288K, 100% used [0x00000000d5580000,0x00000000d6180000,0x00000000d6180000)
  from space 2048K, 88% used [0x00000000d6400000,0x00000000d65c2ba8,0x00000000d6600000)
  to   space 2048K, 0% used [0x00000000d6200000,0x00000000d6200000,0x00000000d6400000)
 ParOldGen       total 68608K, used 65467K [0x0000000080000000, 0x0000000084300000, 0x00000000d5580000)
  object space 68608K, 95% used [0x0000000080000000,0x0000000083feece0,0x0000000084300000)
 Metaspace       used 56799K, committed 58240K, reserved 1114112K
  class space    used 6176K, committed 6784K, reserved 1048576K
}
Event: 9.386 GC heap after
{Heap after GC invocations=57 (full 2):
 PSYoungGen      total 14336K, used 2044K [0x00000000d5580000, 0x00000000d6b80000, 0x0000000100000000)
  eden space 12288K, 0% used [0x00000000d5580000,0x00000000d5580000,0x00000000d6180000)
  from space 2048K, 99% used [0x00000000d6200000,0x00000000d63ff0b8,0x00000000d6400000)
  to   space 5120K, 0% used [0x00000000d6680000,0x00000000d6680000,0x00000000d6b80000)
 ParOldGen       total 68608K, used 67688K [0x0000000080000000, 0x0000000084300000, 0x00000000d5580000)
  object space 68608K, 98% used [0x0000000080000000,0x000000008421a018,0x0000000084300000)
 Metaspace       used 56799K, committed 58240K, reserved 1114112K
  class space    used 6176K, committed 6784K, reserved 1048576K
}
Event: 9.557 GC heap before
{Heap before GC invocations=58 (full 2):
 PSYoungGen      total 14336K, used 14332K [0x00000000d5580000, 0x00000000d6b80000, 0x0000000100000000)
  eden space 12288K, 100% used [0x00000000d5580000,0x00000000d6180000,0x00000000d6180000)
  from space 2048K, 99% used [0x00000000d6200000,0x00000000d63ff0b8,0x00000000d6400000)
  to   space 5120K, 0% used [0x00000000d6680000,0x00000000d6680000,0x00000000d6b80000)
 ParOldGen       total 68608K, used 67688K [0x0000000080000000, 0x0000000084300000, 0x00000000d5580000)
  object space 68608K, 98% used [0x0000000080000000,0x000000008421a018,0x0000000084300000)
 Metaspace       used 57784K, committed 59136K, reserved 1114112K
  class space    used 6262K, committed 6848K, reserved 1048576K
}
Event: 10.560 GC heap after
{Heap after GC invocations=58 (full 2):
 PSYoungGen      total 17920K, used 1252K [0x00000000d5580000, 0x00000000d6980000, 0x0000000100000000)
  eden space 14848K, 0% used [0x00000000d5580000,0x00000000d5580000,0x00000000d6400000)
  from space 3072K, 40% used [0x00000000d6680000,0x00000000d67b9018,0x00000000d6980000)
  to   space 2560K, 0% used [0x00000000d6400000,0x00000000d6400000,0x00000000d6680000)
 ParOldGen       total 70144K, used 69692K [0x0000000080000000, 0x0000000084480000, 0x00000000d5580000)
  object space 70144K, 99% used [0x0000000080000000,0x000000008440f0d0,0x0000000084480000)
 Metaspace       used 57784K, committed 59136K, reserved 1114112K
  class space    used 6262K, committed 6848K, reserved 1048576K
}

