# JRE version: OpenJDK Runtime Environment Temurin-21.0.11+10 (21.0.11+10) (build 21.0.11+10-LTS)
# Java VM: OpenJDK 64-Bit Server VM Temurin-21.0.11+10 (21.0.11+10-LTS, mixed mode, sharing, tiered, compressed oops, compressed class ptrs, parallel gc, windows-amd64)
GC Precious Log:
 CardTable entry size: 512
 CPUs: 8 total, 8 available
 Memory: 7896M
 Large Page Support: Disabled
 NUMA Support: Disabled
 Compressed Oops: Enabled (32-bit)
 Alignments: Space 512K, Generation 512K, Heap 2M
 Heap Min Capacity: 100M
 Heap Initial Capacity: 100M
 Heap Max Capacity: 2G
 Pre-touch: Disabled
 Parallel Workers: 8
Heap:
 PSYoungGen      total 23040K, used 1008K [0x00000000d5580000, 0x00000000d6d00000, 0x0000000100000000)
  eden space 22016K, 0% used [0x00000000d5580000,0x00000000d5580000,0x00000000d6b00000)
  from space 1024K, 98% used [0x00000000d6c00000,0x00000000d6cfc000,0x00000000d6d00000)
  to   space 1024K, 0% used [0x00000000d6b00000,0x00000000d6b00000,0x00000000d6c00000)
 ParOldGen       total 68608K, used 65804K [0x0000000080000000, 0x0000000084300000, 0x00000000d5580000)
  object space 68608K, 95% used [0x0000000080000000,0x0000000084043248,0x0000000084300000)
 Metaspace       used 59373K, committed 60736K, reserved 1114112K
  class space    used 6365K, committed 6912K, reserved 1048576K
GC Heap History (20 events):
Event: 12.629 GC heap before
{Heap before GC invocations=49 (full 3):
 PSYoungGen      total 24064K, used 22819K [0x00000000d5580000, 0x00000000d6e80000, 0x0000000100000000)
  eden space 22016K, 100% used [0x00000000d5580000,0x00000000d6b00000,0x00000000d6b00000)
  from space 2048K, 39% used [0x00000000d6b00000,0x00000000d6bc8f10,0x00000000d6d00000)
  to   space 1536K, 0% used [0x00000000d6d00000,0x00000000d6d00000,0x00000000d6e80000)
 ParOldGen       total 68608K, used 60073K [0x0000000080000000, 0x0000000084300000, 0x00000000d5580000)
  object space 68608K, 87% used [0x0000000080000000,0x0000000083aaa500,0x0000000084300000)
 Metaspace       used 59119K, committed 60480K, reserved 1114112K
  class space    used 6360K, committed 6912K, reserved 1048576K
}
Event: 12.631 GC heap after
{Heap after GC invocations=49 (full 3):
 PSYoungGen      total 23040K, used 865K [0x00000000d5580000, 0x00000000d6e00000, 0x0000000100000000)
  eden space 22016K, 0% used [0x00000000d5580000,0x00000000d5580000,0x00000000d6b00000)
  from space 1024K, 84% used [0x00000000d6d00000,0x00000000d6dd8668,0x00000000d6e00000)
  to   space 1024K, 0% used [0x00000000d6c00000,0x00000000d6c00000,0x00000000d6d00000)
 ParOldGen       total 68608K, used 60569K [0x0000000080000000, 0x0000000084300000, 0x00000000d5580000)
  object space 68608K, 88% used [0x0000000080000000,0x0000000083b26518,0x0000000084300000)
 Metaspace       used 59119K, committed 60480K, reserved 1114112K
  class space    used 6360K, committed 6912K, reserved 1048576K
}
Event: 12.693 GC heap before
{Heap before GC invocations=50 (full 3):
 PSYoungGen      total 23040K, used 22881K [0x00000000d5580000, 0x00000000d6e00000, 0x0000000100000000)
  eden space 22016K, 100% used [0x00000000d5580000,0x00000000d6b00000,0x00000000d6b00000)
  from space 1024K, 84% used [0x00000000d6d00000,0x00000000d6dd8668,0x00000000d6e00000)
  to   space 1024K, 0% used [0x00000000d6c00000,0x00000000d6c00000,0x00000000d6d00000)
 ParOldGen       total 68608K, used 60569K [0x0000000080000000, 0x0000000084300000, 0x00000000d5580000)
  object space 68608K, 88% used [0x0000000080000000,0x0000000083b26518,0x0000000084300000)
 Metaspace       used 59147K, committed 60544K, reserved 1114112K
  class space    used 6360K, committed 6912K, reserved 1048576K
}
Event: 12.694 GC heap after
{Heap after GC invocations=50 (full 3):
 PSYoungGen      total 23040K, used 677K [0x00000000d5580000, 0x00000000d6d80000, 0x0000000100000000)
  eden space 22016K, 0% used [0x00000000d5580000,0x00000000d5580000,0x00000000d6b00000)
  from space 1024K, 66% used [0x00000000d6c00000,0x00000000d6ca9528,0x00000000d6d00000)
  to   space 512K, 0% used [0x00000000d6d00000,0x00000000d6d00000,0x00000000d6d80000)
 ParOldGen       total 68608K, used 61207K [0x0000000080000000, 0x0000000084300000, 0x00000000d5580000)
  object space 68608K, 89% used [0x0000000080000000,0x0000000083bc5eb8,0x0000000084300000)
 Metaspace       used 59147K, committed 60544K, reserved 1114112K
  class space    used 6360K, committed 6912K, reserved 1048576K
}
Event: 12.777 GC heap before
{Heap before GC invocations=51 (full 3):
 PSYoungGen      total 23040K, used 22693K [0x00000000d5580000, 0x00000000d6d80000, 0x0000000100000000)
  eden space 22016K, 100% used [0x00000000d5580000,0x00000000d6b00000,0x00000000d6b00000)
  from space 1024K, 66% used [0x00000000d6c00000,0x00000000d6ca9528,0x00000000d6d00000)
  to   space 512K, 0% used [0x00000000d6d00000,0x00000000d6d00000,0x00000000d6d80000)
 ParOldGen       total 68608K, used 61207K [0x0000000080000000, 0x0000000084300000, 0x00000000d5580000)
  object space 68608K, 89% used [0x0000000080000000,0x0000000083bc5eb8,0x0000000084300000)
 Metaspace       used 59202K, committed 60608K, reserved 1114112K
  class space    used 6364K, committed 6912K, reserved 1048576K
}
Event: 12.779 GC heap after
{Heap after GC invocations=51 (full 3):
 PSYoungGen      total 22528K, used 491K [0x00000000d5580000, 0x00000000d6e00000, 0x0000000100000000)
  eden space 22016K, 0% used [0x00000000d5580000,0x00000000d5580000,0x00000000d6b00000)
  from space 512K, 95% used [0x00000000d6d00000,0x00000000d6d7ae10,0x00000000d6d80000)
  to   space 1536K, 0% used [0x00000000d6b00000,0x00000000d6b00000,0x00000000d6c80000)
 ParOldGen       total 68608K, used 62029K [0x0000000080000000, 0x0000000084300000, 0x00000000d5580000)
  object space 68608K, 90% used [0x0000000080000000,0x0000000083c936c0,0x0000000084300000)
 Metaspace       used 59202K, committed 60608K, reserved 1114112K
  class space    used 6364K, committed 6912K, reserved 1048576K
}
Event: 12.812 GC heap before
{Heap before GC invocations=52 (full 3):
 PSYoungGen      total 22528K, used 22507K [0x00000000d5580000, 0x00000000d6e00000, 0x0000000100000000)
  eden space 22016K, 100% used [0x00000000d5580000,0x00000000d6b00000,0x00000000d6b00000)
  from space 512K, 95% used [0x00000000d6d00000,0x00000000d6d7ae10,0x00000000d6d80000)
  to   space 1536K, 0% used [0x00000000d6b00000,0x00000000d6b00000,0x00000000d6c80000)
 ParOldGen       total 68608K, used 62029K [0x0000000080000000, 0x0000000084300000, 0x00000000d5580000)
  object space 68608K, 90% used [0x0000000080000000,0x0000000083c936c0,0x0000000084300000)
 Metaspace       used 59232K, committed 60608K, reserved 1114112K
  class space    used 6364K, committed 6912K, reserved 1048576K
}
Event: 12.813 GC heap after
{Heap after GC invocations=52 (full 3):
 PSYoungGen      total 23552K, used 512K [0x00000000d5580000, 0x00000000d6d80000, 0x0000000100000000)
  eden space 22016K, 0% used [0x00000000d5580000,0x00000000d5580000,0x00000000d6b00000)
  from space 1536K, 33% used [0x00000000d6b00000,0x00000000d6b80000,0x00000000d6c80000)
  to   space 1024K, 0% used [0x00000000d6c80000,0x00000000d6c80000,0x00000000d6d80000)
 ParOldGen       total 68608K, used 62474K [0x0000000080000000, 0x0000000084300000, 0x00000000d5580000)
  object space 68608K, 91% used [0x0000000080000000,0x0000000083d029b0,0x0000000084300000)
 Metaspace       used 59232K, committed 60608K, reserved 1114112K
  class space    used 6364K, committed 6912K, reserved 1048576K
}
Event: 12.843 GC heap before
{Heap before GC invocations=53 (full 3):
 PSYoungGen      total 23552K, used 22528K [0x00000000d5580000, 0x00000000d6d80000, 0x0000000100000000)
  eden space 22016K, 100% used [0x00000000d5580000,0x00000000d6b00000,0x00000000d6b00000)
  from space 1536K, 33% used [0x00000000d6b00000,0x00000000d6b80000,0x00000000d6c80000)
  to   space 1024K, 0% used [0x00000000d6c80000,0x00000000d6c80000,0x00000000d6d80000)
 ParOldGen       total 68608K, used 62474K [0x0000000080000000, 0x0000000084300000, 0x00000000d5580000)
  object space 68608K, 91% used [0x0000000080000000,0x0000000083d029b0,0x0000000084300000)
 Metaspace       used 59237K, committed 60608K, reserved 1114112K
  class space    used 6364K, committed 6912K, reserved 1048576K
}
Event: 12.844 GC heap after
{Heap after GC invocations=53 (full 3):
 PSYoungGen      total 22528K, used 224K [0x00000000d5580000, 0x00000000d6d00000, 0x0000000100000000)
  eden space 22016K, 0% used [0x00000000d5580000,0x00000000d5580000,0x00000000d6b00000)
  from space 512K, 43% used [0x00000000d6c80000,0x00000000d6cb8000,0x00000000d6d00000)
  to   space 512K, 0% used [0x00000000d6c00000,0x00000000d6c00000,0x00000000d6c80000)
 ParOldGen       total 68608K, used 62578K [0x0000000080000000, 0x0000000084300000, 0x00000000d5580000)
  object space 68608K, 91% used [0x0000000080000000,0x0000000083d1c9b0,0x0000000084300000)
 Metaspace       used 59237K, committed 60608K, reserved 1114112K
  class space    used 6364K, committed 6912K, reserved 1048576K
}
Event: 12.892 GC heap before
{Heap before GC invocations=54 (full 3):
 PSYoungGen      total 22528K, used 22240K [0x00000000d5580000, 0x00000000d6d00000, 0x0000000100000000)
  eden space 22016K, 100% used [0x00000000d5580000,0x00000000d6b00000,0x00000000d6b00000)
  from space 512K, 43% used [0x00000000d6c80000,0x00000000d6cb8000,0x00000000d6d00000)
  to   space 512K, 0% used [0x00000000d6c00000,0x00000000d6c00000,0x00000000d6c80000)
 ParOldGen       total 68608K, used 62578K [0x0000000080000000, 0x0000000084300000, 0x00000000d5580000)
  object space 68608K, 91% used [0x0000000080000000,0x0000000083d1c9b0,0x0000000084300000)
 Metaspace       used 59264K, committed 60608K, reserved 1114112K
  class space    used 6364K, committed 6912K, reserved 1048576K
}
Event: 12.894 GC heap after
{Heap after GC invocations=54 (full 3):
 PSYoungGen      total 22528K, used 494K [0x00000000d5580000, 0x00000000d6e00000, 0x0000000100000000)
  eden space 22016K, 0% used [0x00000000d5580000,0x00000000d5580000,0x00000000d6b00000)
  from space 512K, 96% used [0x00000000d6c00000,0x00000000d6c7bae0,0x00000000d6c80000)
  to   space 1536K, 0% used [0x00000000d6c80000,0x00000000d6c80000,0x00000000d6e00000)
 ParOldGen       total 68608K, used 63227K [0x0000000080000000, 0x0000000084300000, 0x00000000d5580000)
  object space 68608K, 92% used [0x0000000080000000,0x0000000083dbed70,0x0000000084300000)
 Metaspace       used 59264K, committed 60608K, reserved 1114112K
  class space    used 6364K, committed 6912K, reserved 1048576K
}
Event: 12.946 GC heap before
{Heap before GC invocations=55 (full 3):
 PSYoungGen      total 22528K, used 22510K [0x00000000d5580000, 0x00000000d6e00000, 0x0000000100000000)
  eden space 22016K, 100% used [0x00000000d5580000,0x00000000d6b00000,0x00000000d6b00000)
  from space 512K, 96% used [0x00000000d6c00000,0x00000000d6c7bae0,0x00000000d6c80000)
  to   space 1536K, 0% used [0x00000000d6c80000,0x00000000d6c80000,0x00000000d6e00000)
 ParOldGen       total 68608K, used 63227K [0x0000000080000000, 0x0000000084300000, 0x00000000d5580000)
  object space 68608K, 92% used [0x0000000080000000,0x0000000083dbed70,0x0000000084300000)
 Metaspace       used 59275K, committed 60672K, reserved 1114112K
  class space    used 6364K, committed 6912K, reserved 1048576K
}
Event: 12.947 GC heap after
{Heap after GC invocations=55 (full 3):
 PSYoungGen      total 23040K, used 657K [0x00000000d5580000, 0x00000000d6d80000, 0x0000000100000000)
  eden space 22016K, 0% used [0x00000000d5580000,0x00000000d5580000,0x00000000d6b00000)
  from space 1024K, 64% used [0x00000000d6c80000,0x00000000d6d24400,0x00000000d6d80000)
  to   space 1024K, 0% used [0x00000000d6b80000,0x00000000d6b80000,0x00000000d6c80000)
 ParOldGen       total 68608K, used 63717K [0x0000000080000000, 0x0000000084300000, 0x00000000d5580000)
  object space 68608K, 92% used [0x0000000080000000,0x0000000083e39700,0x0000000084300000)
 Metaspace       used 59275K, committed 60672K, reserved 1114112K
  class space    used 6364K, committed 6912K, reserved 1048576K
}
Event: 12.997 GC heap before
{Heap before GC invocations=56 (full 3):
 PSYoungGen      total 23040K, used 22673K [0x00000000d5580000, 0x00000000d6d80000, 0x0000000100000000)
  eden space 22016K, 100% used [0x00000000d5580000,0x00000000d6b00000,0x00000000d6b00000)
  from space 1024K, 64% used [0x00000000d6c80000,0x00000000d6d24400,0x00000000d6d80000)
  to   space 1024K, 0% used [0x00000000d6b80000,0x00000000d6b80000,0x00000000d6c80000)
 ParOldGen       total 68608K, used 63717K [0x0000000080000000, 0x0000000084300000, 0x00000000d5580000)
  object space 68608K, 92% used [0x0000000080000000,0x0000000083e39700,0x0000000084300000)
 Metaspace       used 59297K, committed 60672K, reserved 1114112K
  class space    used 6364K, committed 6912K, reserved 1048576K
}
Event: 12.998 GC heap after
{Heap after GC invocations=56 (full 3):
 PSYoungGen      total 23040K, used 576K [0x00000000d5580000, 0x00000000d6d00000, 0x0000000100000000)
  eden space 22016K, 0% used [0x00000000d5580000,0x00000000d5580000,0x00000000d6b00000)
  from space 1024K, 56% used [0x00000000d6b80000,0x00000000d6c10000,0x00000000d6c80000)
  to   space 512K, 0% used [0x00000000d6c80000,0x00000000d6c80000,0x00000000d6d00000)
 ParOldGen       total 68608K, used 64260K [0x0000000080000000, 0x0000000084300000, 0x00000000d5580000)
  object space 68608K, 93% used [0x0000000080000000,0x0000000083ec1248,0x0000000084300000)
 Metaspace       used 59297K, committed 60672K, reserved 1114112K
  class space    used 6364K, committed 6912K, reserved 1048576K
}
Event: 13.043 GC heap before
{Heap before GC invocations=57 (full 3):
 PSYoungGen      total 23040K, used 22592K [0x00000000d5580000, 0x00000000d6d00000, 0x0000000100000000)
  eden space 22016K, 100% used [0x00000000d5580000,0x00000000d6b00000,0x00000000d6b00000)
  from space 1024K, 56% used [0x00000000d6b80000,0x00000000d6c10000,0x00000000d6c80000)
  to   space 512K, 0% used [0x00000000d6c80000,0x00000000d6c80000,0x00000000d6d00000)
 ParOldGen       total 68608K, used 64260K [0x0000000080000000, 0x0000000084300000, 0x00000000d5580000)
  object space 68608K, 93% used [0x0000000080000000,0x0000000083ec1248,0x0000000084300000)
 Metaspace       used 59357K, committed 60672K, reserved 1114112K
  class space    used 6365K, committed 6912K, reserved 1048576K
}
Event: 13.044 GC heap after
{Heap after GC invocations=57 (full 3):
 PSYoungGen      total 22528K, used 512K [0x00000000d5580000, 0x00000000d6e00000, 0x0000000100000000)
  eden space 22016K, 0% used [0x00000000d5580000,0x00000000d5580000,0x00000000d6b00000)
  from space 512K, 100% used [0x00000000d6c80000,0x00000000d6d00000,0x00000000d6d00000)
  to   space 1536K, 0% used [0x00000000d6b00000,0x00000000d6b00000,0x00000000d6c80000)
 ParOldGen       total 68608K, used 64748K [0x0000000080000000, 0x0000000084300000, 0x00000000d5580000)
  object space 68608K, 94% used [0x0000000080000000,0x0000000083f3b248,0x0000000084300000)
 Metaspace       used 59357K, committed 60672K, reserved 1114112K
  class space    used 6365K, committed 6912K, reserved 1048576K
}
Event: 13.091 GC heap before
{Heap before GC invocations=58 (full 3):
 PSYoungGen      total 22528K, used 22528K [0x00000000d5580000, 0x00000000d6e00000, 0x0000000100000000)
  eden space 22016K, 100% used [0x00000000d5580000,0x00000000d6b00000,0x00000000d6b00000)
  from space 512K, 100% used [0x00000000d6c80000,0x00000000d6d00000,0x00000000d6d00000)
  to   space 1536K, 0% used [0x00000000d6b00000,0x00000000d6b00000,0x00000000d6c80000)
 ParOldGen       total 68608K, used 64748K [0x0000000080000000, 0x0000000084300000, 0x00000000d5580000)
  object space 68608K, 94% used [0x0000000080000000,0x0000000083f3b248,0x0000000084300000)
 Metaspace       used 59360K, committed 60672K, reserved 1114112K
  class space    used 6365K, committed 6912K, reserved 1048576K
}
Event: 13.093 GC heap after
{Heap after GC invocations=58 (full 3):
 PSYoungGen      total 23040K, used 640K [0x00000000d5580000, 0x00000000d6d00000, 0x0000000100000000)
  eden space 22016K, 0% used [0x00000000d5580000,0x00000000d5580000,0x00000000d6b00000)
  from space 1024K, 62% used [0x00000000d6b00000,0x00000000d6ba0000,0x00000000d6c00000)
  to   space 1024K, 0% used [0x00000000d6c00000,0x00000000d6c00000,0x00000000d6d00000)
 ParOldGen       total 68608K, used 65068K [0x0000000080000000, 0x0000000084300000, 0x00000000d5580000)
  object space 68608K, 94% used [0x0000000080000000,0x0000000083f8b248,0x0000000084300000)
 Metaspace       used 59360K, committed 60672K, reserved 1114112K
  class space    used 6365K, committed 6912K, reserved 1048576K
}

