# JRE version: OpenJDK Runtime Environment Temurin-21.0.11+10 (21.0.11+10) (build 21.0.11+10-LTS)
# Java VM: OpenJDK 64-Bit Server VM Temurin-21.0.11+10 (21.0.11+10-LTS, mixed mode, sharing, tiered, compressed oops, compressed class ptrs, parallel gc, windows-amd64)
GC Precious Log:
 CardTable entry size: 512
 CPUs: 8 total, 8 available
 Memory: 7896M
 Large Page Support: Disabled
 NUMA Support: Disabled
 Compressed Oops: Enabled (32-bit)
 Alignments: Space 512K, Generation 512K, Heap 2M
 Heap Min Capacity: 100M
 Heap Initial Capacity: 100M
 Heap Max Capacity: 2G
 Pre-touch: Disabled
 Parallel Workers: 8
Heap:
 PSYoungGen      total 21504K, used 18165K [0x00000000d5580000, 0x00000000d6c00000, 0x0000000100000000)
  eden space 20480K, 88% used [0x00000000d5580000,0x00000000d673d5e0,0x00000000d6980000)
  from space 1024K, 0% used [0x00000000d6a00000,0x00000000d6a00000,0x00000000d6b00000)
  to   space 1024K, 0% used [0x00000000d6b00000,0x00000000d6b00000,0x00000000d6c00000)
 ParOldGen       total 68608K, used 49079K [0x0000000080000000, 0x0000000084300000, 0x00000000d5580000)
  object space 68608K, 71% used [0x0000000080000000,0x0000000082fedd90,0x0000000084300000)
 Metaspace       used 60152K, committed 61568K, reserved 1114112K
  class space    used 6407K, committed 6976K, reserved 1048576K
GC Heap History (20 events):
Event: 14.719 GC heap before
{Heap before GC invocations=33 (full 2):
 PSYoungGen      total 23552K, used 23360K [0x00000000d5580000, 0x00000000d6f80000, 0x0000000100000000)
  eden space 22016K, 100% used [0x00000000d5580000,0x00000000d6b00000,0x00000000d6b00000)
  from space 1536K, 87% used [0x00000000d6e00000,0x00000000d6f50000,0x00000000d6f80000)
  to   space 2048K, 0% used [0x00000000d6b80000,0x00000000d6b80000,0x00000000d6d80000)
 ParOldGen       total 68608K, used 53697K [0x0000000080000000, 0x0000000084300000, 0x00000000d5580000)
  object space 68608K, 78% used [0x0000000080000000,0x0000000083470490,0x0000000084300000)
 Metaspace       used 53759K, committed 55104K, reserved 1114112K
  class space    used 5868K, committed 6400K, reserved 1048576K
}
Event: 14.726 GC heap after
{Heap after GC invocations=33 (full 2):
 PSYoungGen      total 23552K, used 1408K [0x00000000d5580000, 0x00000000d6e80000, 0x0000000100000000)
  eden space 22016K, 0% used [0x00000000d5580000,0x00000000d5580000,0x00000000d6b00000)
  from space 1536K, 91% used [0x00000000d6b80000,0x00000000d6ce0000,0x00000000d6d00000)
  to   space 1536K, 0% used [0x00000000d6d00000,0x00000000d6d00000,0x00000000d6e80000)
 ParOldGen       total 68608K, used 54798K [0x0000000080000000, 0x0000000084300000, 0x00000000d5580000)
  object space 68608K, 79% used [0x0000000080000000,0x0000000083583b68,0x0000000084300000)
 Metaspace       used 53759K, committed 55104K, reserved 1114112K
  class space    used 5868K, committed 6400K, reserved 1048576K
}
Event: 15.385 GC heap before
{Heap before GC invocations=34 (full 2):
 PSYoungGen      total 23552K, used 23420K [0x00000000d5580000, 0x00000000d6e80000, 0x0000000100000000)
  eden space 22016K, 99% used [0x00000000d5580000,0x00000000d6aff018,0x00000000d6b00000)
  from space 1536K, 91% used [0x00000000d6b80000,0x00000000d6ce0000,0x00000000d6d00000)
  to   space 1536K, 0% used [0x00000000d6d00000,0x00000000d6d00000,0x00000000d6e80000)
 ParOldGen       total 68608K, used 54798K [0x0000000080000000, 0x0000000084300000, 0x00000000d5580000)
  object space 68608K, 79% used [0x0000000080000000,0x0000000083583b68,0x0000000084300000)
 Metaspace       used 54025K, committed 55360K, reserved 1114112K
  class space    used 5880K, committed 6400K, reserved 1048576K
}
Event: 15.392 GC heap after
{Heap after GC invocations=34 (full 2):
 PSYoungGen      total 22016K, used 1520K [0x00000000d5580000, 0x00000000d7200000, 0x0000000100000000)
  eden space 20480K, 0% used [0x00000000d5580000,0x00000000d5580000,0x00000000d6980000)
  from space 1536K, 98% used [0x00000000d6d00000,0x00000000d6e7c010,0x00000000d6e80000)
  to   space 3584K, 0% used [0x00000000d6980000,0x00000000d6980000,0x00000000d6d00000)
 ParOldGen       total 68608K, used 56342K [0x0000000080000000, 0x0000000084300000, 0x00000000d5580000)
  object space 68608K, 82% used [0x0000000080000000,0x0000000083705878,0x0000000084300000)
 Metaspace       used 54025K, committed 55360K, reserved 1114112K
  class space    used 5880K, committed 6400K, reserved 1048576K
}
Event: 15.884 GC heap before
{Heap before GC invocations=35 (full 2):
 PSYoungGen      total 22016K, used 22000K [0x00000000d5580000, 0x00000000d7200000, 0x0000000100000000)
  eden space 20480K, 100% used [0x00000000d5580000,0x00000000d6980000,0x00000000d6980000)
  from space 1536K, 98% used [0x00000000d6d00000,0x00000000d6e7c010,0x00000000d6e80000)
  to   space 3584K, 0% used [0x00000000d6980000,0x00000000d6980000,0x00000000d6d00000)
 ParOldGen       total 68608K, used 56342K [0x0000000080000000, 0x0000000084300000, 0x00000000d5580000)
  object space 68608K, 82% used [0x0000000080000000,0x0000000083705878,0x0000000084300000)
 Metaspace       used 54313K, committed 55616K, reserved 1114112K
  class space    used 5888K, committed 6400K, reserved 1048576K
}
Event: 15.888 GC heap after
{Heap after GC invocations=35 (full 2):
 PSYoungGen      total 22016K, used 1408K [0x00000000d5580000, 0x00000000d6d80000, 0x0000000100000000)
  eden space 20480K, 0% used [0x00000000d5580000,0x00000000d5580000,0x00000000d6980000)
  from space 1536K, 91% used [0x00000000d6980000,0x00000000d6ae0000,0x00000000d6b00000)
  to   space 2048K, 0% used [0x00000000d6b80000,0x00000000d6b80000,0x00000000d6d80000)
 ParOldGen       total 68608K, used 57134K [0x0000000080000000, 0x0000000084300000, 0x00000000d5580000)
  object space 68608K, 83% used [0x0000000080000000,0x00000000837cb878,0x0000000084300000)
 Metaspace       used 54313K, committed 55616K, reserved 1114112K
  class space    used 5888K, committed 6400K, reserved 1048576K
}
Event: 16.481 GC heap before
{Heap before GC invocations=36 (full 2):
 PSYoungGen      total 22016K, used 21888K [0x00000000d5580000, 0x00000000d6d80000, 0x0000000100000000)
  eden space 20480K, 100% used [0x00000000d5580000,0x00000000d6980000,0x00000000d6980000)
  from space 1536K, 91% used [0x00000000d6980000,0x00000000d6ae0000,0x00000000d6b00000)
  to   space 2048K, 0% used [0x00000000d6b80000,0x00000000d6b80000,0x00000000d6d80000)
 ParOldGen       total 68608K, used 57134K [0x0000000080000000, 0x0000000084300000, 0x00000000d5580000)
  object space 68608K, 83% used [0x0000000080000000,0x00000000837cb878,0x0000000084300000)
 Metaspace       used 54569K, committed 55872K, reserved 1114112K
  class space    used 5897K, committed 6400K, reserved 1048576K
}
Event: 16.487 GC heap after
{Heap after GC invocations=36 (full 2):
 PSYoungGen      total 22016K, used 1408K [0x00000000d5580000, 0x00000000d6d00000, 0x0000000100000000)
  eden space 20480K, 0% used [0x00000000d5580000,0x00000000d5580000,0x00000000d6980000)
  from space 1536K, 91% used [0x00000000d6b80000,0x00000000d6ce0020,0x00000000d6d00000)
  to   space 1536K, 0% used [0x00000000d6980000,0x00000000d6980000,0x00000000d6b00000)
 ParOldGen       total 68608K, used 58078K [0x0000000080000000, 0x0000000084300000, 0x00000000d5580000)
  object space 68608K, 84% used [0x0000000080000000,0x00000000838b7878,0x0000000084300000)
 Metaspace       used 54569K, committed 55872K, reserved 1114112K
  class space    used 5897K, committed 6400K, reserved 1048576K
}
Event: 17.019 GC heap before
{Heap before GC invocations=37 (full 2):
 PSYoungGen      total 22016K, used 21847K [0x00000000d5580000, 0x00000000d6d00000, 0x0000000100000000)
  eden space 20480K, 99% used [0x00000000d5580000,0x00000000d6975cf0,0x00000000d6980000)
  from space 1536K, 91% used [0x00000000d6b80000,0x00000000d6ce0020,0x00000000d6d00000)
  to   space 1536K, 0% used [0x00000000d6980000,0x00000000d6980000,0x00000000d6b00000)
 ParOldGen       total 68608K, used 58078K [0x0000000080000000, 0x0000000084300000, 0x00000000d5580000)
  object space 68608K, 84% used [0x0000000080000000,0x00000000838b7878,0x0000000084300000)
 Metaspace       used 55084K, committed 56448K, reserved 1114112K
  class space    used 5939K, committed 6464K, reserved 1048576K
}
Event: 17.023 GC heap after
{Heap after GC invocations=37 (full 2):
 PSYoungGen      total 22016K, used 416K [0x00000000d5580000, 0x00000000d6c00000, 0x0000000100000000)
  eden space 20480K, 0% used [0x00000000d5580000,0x00000000d5580000,0x00000000d6980000)
  from space 1536K, 27% used [0x00000000d6980000,0x00000000d69e8000,0x00000000d6b00000)
  to   space 1024K, 0% used [0x00000000d6b00000,0x00000000d6b00000,0x00000000d6c00000)
 ParOldGen       total 68608K, used 59006K [0x0000000080000000, 0x0000000084300000, 0x00000000d5580000)
  object space 68608K, 86% used [0x0000000080000000,0x000000008399f878,0x0000000084300000)
 Metaspace       used 55084K, committed 56448K, reserved 1114112K
  class space    used 5939K, committed 6464K, reserved 1048576K
}
Event: 17.645 GC heap before
{Heap before GC invocations=38 (full 2):
 PSYoungGen      total 22016K, used 20888K [0x00000000d5580000, 0x00000000d6c00000, 0x0000000100000000)
  eden space 20480K, 99% used [0x00000000d5580000,0x00000000d697e3b0,0x00000000d6980000)
  from space 1536K, 27% used [0x00000000d6980000,0x00000000d69e8000,0x00000000d6b00000)
  to   space 1024K, 0% used [0x00000000d6b00000,0x00000000d6b00000,0x00000000d6c00000)
 ParOldGen       total 68608K, used 59006K [0x0000000080000000, 0x0000000084300000, 0x00000000d5580000)
  object space 68608K, 86% used [0x0000000080000000,0x000000008399f878,0x0000000084300000)
 Metaspace       used 55842K, committed 57216K, reserved 1114112K
  class space    used 6017K, committed 6592K, reserved 1048576K
}
Event: 17.648 GC heap after
{Heap after GC invocations=38 (full 2):
 PSYoungGen      total 21504K, used 576K [0x00000000d5580000, 0x00000000d6c00000, 0x0000000100000000)
  eden space 20480K, 0% used [0x00000000d5580000,0x00000000d5580000,0x00000000d6980000)
  from space 1024K, 56% used [0x00000000d6b00000,0x00000000d6b90010,0x00000000d6c00000)
  to   space 1024K, 0% used [0x00000000d6a00000,0x00000000d6a00000,0x00000000d6b00000)
 ParOldGen       total 68608K, used 59310K [0x0000000080000000, 0x0000000084300000, 0x00000000d5580000)
  object space 68608K, 86% used [0x0000000080000000,0x00000000839eb878,0x0000000084300000)
 Metaspace       used 55842K, committed 57216K, reserved 1114112K
  class space    used 6017K, committed 6592K, reserved 1048576K
}
Event: 18.029 GC heap before
{Heap before GC invocations=39 (full 2):
 PSYoungGen      total 21504K, used 21056K [0x00000000d5580000, 0x00000000d6c00000, 0x0000000100000000)
  eden space 20480K, 100% used [0x00000000d5580000,0x00000000d6980000,0x00000000d6980000)
  from space 1024K, 56% used [0x00000000d6b00000,0x00000000d6b90010,0x00000000d6c00000)
  to   space 1024K, 0% used [0x00000000d6a00000,0x00000000d6a00000,0x00000000d6b00000)
 ParOldGen       total 68608K, used 59310K [0x0000000080000000, 0x0000000084300000, 0x00000000d5580000)
  object space 68608K, 86% used [0x0000000080000000,0x00000000839eb878,0x0000000084300000)
 Metaspace       used 56569K, committed 57920K, reserved 1114112K
  class space    used 6068K, committed 6592K, reserved 1048576K
}
Event: 18.034 GC heap after
{Heap after GC invocations=39 (full 2):
 PSYoungGen      total 21504K, used 1015K [0x00000000d5580000, 0x00000000d6d80000, 0x0000000100000000)
  eden space 20480K, 0% used [0x00000000d5580000,0x00000000d5580000,0x00000000d6980000)
  from space 1024K, 99% used [0x00000000d6a00000,0x00000000d6afdf48,0x00000000d6b00000)
  to   space 2048K, 0% used [0x00000000d6b80000,0x00000000d6b80000,0x00000000d6d80000)
 ParOldGen       total 68608K, used 60088K [0x0000000080000000, 0x0000000084300000, 0x00000000d5580000)
  object space 68608K, 87% used [0x0000000080000000,0x0000000083aae0d0,0x0000000084300000)
 Metaspace       used 56569K, committed 57920K, reserved 1114112K
  class space    used 6068K, committed 6592K, reserved 1048576K
}
Event: 18.344 GC heap before
{Heap before GC invocations=40 (full 2):
 PSYoungGen      total 21504K, used 21491K [0x00000000d5580000, 0x00000000d6d80000, 0x0000000100000000)
  eden space 20480K, 99% used [0x00000000d5580000,0x00000000d697ee70,0x00000000d6980000)
  from space 1024K, 99% used [0x00000000d6a00000,0x00000000d6afdf48,0x00000000d6b00000)
  to   space 2048K, 0% used [0x00000000d6b80000,0x00000000d6b80000,0x00000000d6d80000)
 ParOldGen       total 68608K, used 60088K [0x0000000080000000, 0x0000000084300000, 0x00000000d5580000)
  object space 68608K, 87% used [0x0000000080000000,0x0000000083aae0d0,0x0000000084300000)
 Metaspace       used 56586K, committed 57920K, reserved 1114112K
  class space    used 6068K, committed 6592K, reserved 1048576K
}
Event: 18.346 GC heap after
{Heap after GC invocations=40 (full 2):
 PSYoungGen      total 21504K, used 528K [0x00000000d5580000, 0x00000000d6c80000, 0x0000000100000000)
  eden space 20480K, 0% used [0x00000000d5580000,0x00000000d5580000,0x00000000d6980000)
  from space 1024K, 51% used [0x00000000d6b80000,0x00000000d6c04360,0x00000000d6c80000)
  to   space 1024K, 0% used [0x00000000d6a00000,0x00000000d6a00000,0x00000000d6b00000)
 ParOldGen       total 68608K, used 61309K [0x0000000080000000, 0x0000000084300000, 0x00000000d5580000)
  object space 68608K, 89% used [0x0000000080000000,0x0000000083bdf418,0x0000000084300000)
 Metaspace       used 56586K, committed 57920K, reserved 1114112K
  class space    used 6068K, committed 6592K, reserved 1048576K
}
Event: 18.998 GC heap before
{Heap before GC invocations=41 (full 2):
 PSYoungGen      total 21504K, used 12679K [0x00000000d5580000, 0x00000000d6c80000, 0x0000000100000000)
  eden space 20480K, 59% used [0x00000000d5580000,0x00000000d615dbb8,0x00000000d6980000)
  from space 1024K, 51% used [0x00000000d6b80000,0x00000000d6c04360,0x00000000d6c80000)
  to   space 1024K, 0% used [0x00000000d6a00000,0x00000000d6a00000,0x00000000d6b00000)
 ParOldGen       total 68608K, used 61309K [0x0000000080000000, 0x0000000084300000, 0x00000000d5580000)
  object space 68608K, 89% used [0x0000000080000000,0x0000000083bdf418,0x0000000084300000)
 Metaspace       used 58478K, committed 59776K, reserved 1114112K
  class space    used 6260K, committed 6784K, reserved 1048576K
}
Event: 19.001 GC heap after
{Heap after GC invocations=41 (full 2):
 PSYoungGen      total 21504K, used 608K [0x00000000d5580000, 0x00000000d6c00000, 0x0000000100000000)
  eden space 20480K, 0% used [0x00000000d5580000,0x00000000d5580000,0x00000000d6980000)
  from space 1024K, 59% used [0x00000000d6a00000,0x00000000d6a98000,0x00000000d6b00000)
  to   space 1024K, 0% used [0x00000000d6b00000,0x00000000d6b00000,0x00000000d6c00000)
 ParOldGen       total 68608K, used 61405K [0x0000000080000000, 0x0000000084300000, 0x00000000d5580000)
  object space 68608K, 89% used [0x0000000080000000,0x0000000083bf7418,0x0000000084300000)
 Metaspace       used 58478K, committed 59776K, reserved 1114112K
  class space    used 6260K, committed 6784K, reserved 1048576K
}
Event: 19.001 GC heap before
{Heap before GC invocations=42 (full 3):
 PSYoungGen      total 21504K, used 608K [0x00000000d5580000, 0x00000000d6c00000, 0x0000000100000000)
  eden space 20480K, 0% used [0x00000000d5580000,0x00000000d5580000,0x00000000d6980000)
  from space 1024K, 59% used [0x00000000d6a00000,0x00000000d6a98000,0x00000000d6b00000)
  to   space 1024K, 0% used [0x00000000d6b00000,0x00000000d6b00000,0x00000000d6c00000)
 ParOldGen       total 68608K, used 61405K [0x0000000080000000, 0x0000000084300000, 0x00000000d5580000)
  object space 68608K, 89% used [0x0000000080000000,0x0000000083bf7418,0x0000000084300000)
 Metaspace       used 58478K, committed 59776K, reserved 1114112K
  class space    used 6260K, committed 6784K, reserved 1048576K
}
Event: 19.219 GC heap after
{Heap after GC invocations=42 (full 3):
 PSYoungGen      total 21504K, used 0K [0x00000000d5580000, 0x00000000d6c00000, 0x0000000100000000)
  eden space 20480K, 0% used [0x00000000d5580000,0x00000000d5580000,0x00000000d6980000)
  from space 1024K, 0% used [0x00000000d6a00000,0x00000000d6a00000,0x00000000d6b00000)
  to   space 1024K, 0% used [0x00000000d6b00000,0x00000000d6b00000,0x00000000d6c00000)
 ParOldGen       total 68608K, used 49079K [0x0000000080000000, 0x0000000084300000, 0x00000000d5580000)
  object space 68608K, 71% used [0x0000000080000000,0x0000000082fedd90,0x0000000084300000)
 Metaspace       used 58472K, committed 59776K, reserved 1114112K
  class space    used 6258K, committed 6784K, reserved 1048576K
}

