# JRE version: OpenJDK Runtime Environment Temurin-21.0.11+10 (21.0.11+10) (build 21.0.11+10-LTS)
# Java VM: OpenJDK 64-Bit Server VM Temurin-21.0.11+10 (21.0.11+10-LTS, mixed mode, sharing, tiered, compressed oops, compressed class ptrs, parallel gc, windows-amd64)
GC Precious Log:
 CardTable entry size: 512
 CPUs: 8 total, 8 available
 Memory: 7896M
 Large Page Support: Disabled
 NUMA Support: Disabled
 Compressed Oops: Enabled (32-bit)
 Alignments: Space 512K, Generation 512K, Heap 2M
 Heap Min Capacity: 100M
 Heap Initial Capacity: 100M
 Heap Max Capacity: 2G
 Pre-touch: Disabled
 Parallel Workers: 8
Heap:
 PSYoungGen      total 22528K, used 20141K [0x00000000d5580000, 0x00000000d7300000, 0x0000000100000000)
  eden space 22016K, 89% used [0x00000000d5580000,0x00000000d68c91f0,0x00000000d6b00000)
  from space 512K, 76% used [0x00000000d7280000,0x00000000d72e2268,0x00000000d7300000)
  to   space 1024K, 0% used [0x00000000d7100000,0x00000000d7100000,0x00000000d7200000)
 ParOldGen       total 68608K, used 32892K [0x0000000080000000, 0x0000000084300000, 0x00000000d5580000)
  object space 68608K, 47% used [0x0000000080000000,0x000000008201f360,0x0000000084300000)
 Metaspace       used 48958K, committed 50240K, reserved 1114112K
  class space    used 5357K, committed 5888K, reserved 1048576K
GC Heap History (20 events):
Event: 8.907 GC heap before
{Heap before GC invocations=13 (full 1):
 PSYoungGen      total 24576K, used 24112K [0x00000000d5580000, 0x00000000d7100000, 0x0000000100000000)
  eden space 22528K, 99% used [0x00000000d5580000,0x00000000d6b7fb48,0x00000000d6b80000)
  from space 2048K, 77% used [0x00000000d6e80000,0x00000000d700c8a8,0x00000000d7080000)
  to   space 512K, 0% used [0x00000000d7080000,0x00000000d7080000,0x00000000d7100000)
 ParOldGen       total 68608K, used 16503K [0x0000000080000000, 0x0000000084300000, 0x00000000d5580000)
  object space 68608K, 24% used [0x0000000080000000,0x000000008101dda8,0x0000000084300000)
 Metaspace       used 34109K, committed 35136K, reserved 1114112K
  class space    used 3524K, committed 3968K, reserved 1048576K
}
Event: 8.910 GC heap after
{Heap after GC invocations=13 (full 1):
 PSYoungGen      total 22528K, used 480K [0x00000000d5580000, 0x00000000d7100000, 0x0000000100000000)
  eden space 22016K, 0% used [0x00000000d5580000,0x00000000d5580000,0x00000000d6b00000)
  from space 512K, 93% used [0x00000000d7080000,0x00000000d70f81d0,0x00000000d7100000)
  to   space 3072K, 0% used [0x00000000d6b00000,0x00000000d6b00000,0x00000000d6e00000)
 ParOldGen       total 68608K, used 18829K [0x0000000080000000, 0x0000000084300000, 0x00000000d5580000)
  object space 68608K, 27% used [0x0000000080000000,0x0000000081263490,0x0000000084300000)
 Metaspace       used 34109K, committed 35136K, reserved 1114112K
  class space    used 3524K, committed 3968K, reserved 1048576K
}
Event: 8.957 GC heap before
{Heap before GC invocations=14 (full 1):
 PSYoungGen      total 22528K, used 6148K [0x00000000d5580000, 0x00000000d7100000, 0x0000000100000000)
  eden space 22016K, 25% used [0x00000000d5580000,0x00000000d5b09130,0x00000000d6b00000)
  from space 512K, 93% used [0x00000000d7080000,0x00000000d70f81d0,0x00000000d7100000)
  to   space 3072K, 0% used [0x00000000d6b00000,0x00000000d6b00000,0x00000000d6e00000)
 ParOldGen       total 68608K, used 18829K [0x0000000080000000, 0x0000000084300000, 0x00000000d5580000)
  object space 68608K, 27% used [0x0000000080000000,0x0000000081263490,0x0000000084300000)
 Metaspace       used 34860K, committed 35840K, reserved 1114112K
  class space    used 3616K, committed 4032K, reserved 1048576K
}
Event: 8.959 GC heap after
{Heap after GC invocations=14 (full 1):
 PSYoungGen      total 25088K, used 512K [0x00000000d5580000, 0x00000000d7100000, 0x0000000100000000)
  eden space 22016K, 0% used [0x00000000d5580000,0x00000000d5580000,0x00000000d6b00000)
  from space 3072K, 16% used [0x00000000d6b00000,0x00000000d6b80350,0x00000000d6e00000)
  to   space 1536K, 0% used [0x00000000d6f80000,0x00000000d6f80000,0x00000000d7100000)
 ParOldGen       total 68608K, used 19309K [0x0000000080000000, 0x0000000084300000, 0x00000000d5580000)
  object space 68608K, 28% used [0x0000000080000000,0x00000000812db598,0x0000000084300000)
 Metaspace       used 34860K, committed 35840K, reserved 1114112K
  class space    used 3616K, committed 4032K, reserved 1048576K
}
Event: 8.959 GC heap before
{Heap before GC invocations=15 (full 2):
 PSYoungGen      total 25088K, used 512K [0x00000000d5580000, 0x00000000d7100000, 0x0000000100000000)
  eden space 22016K, 0% used [0x00000000d5580000,0x00000000d5580000,0x00000000d6b00000)
  from space 3072K, 16% used [0x00000000d6b00000,0x00000000d6b80350,0x00000000d6e00000)
  to   space 1536K, 0% used [0x00000000d6f80000,0x00000000d6f80000,0x00000000d7100000)
 ParOldGen       total 68608K, used 19309K [0x0000000080000000, 0x0000000084300000, 0x00000000d5580000)
  object space 68608K, 28% used [0x0000000080000000,0x00000000812db598,0x0000000084300000)
 Metaspace       used 34860K, committed 35840K, reserved 1114112K
  class space    used 3616K, committed 4032K, reserved 1048576K
}
Event: 8.994 GC heap after
{Heap after GC invocations=15 (full 2):
 PSYoungGen      total 25088K, used 0K [0x00000000d5580000, 0x00000000d7100000, 0x0000000100000000)
  eden space 22016K, 0% used [0x00000000d5580000,0x00000000d5580000,0x00000000d6b00000)
  from space 3072K, 0% used [0x00000000d6b00000,0x00000000d6b00000,0x00000000d6e00000)
  to   space 1536K, 0% used [0x00000000d6f80000,0x00000000d6f80000,0x00000000d7100000)
 ParOldGen       total 68608K, used 18789K [0x0000000080000000, 0x0000000084300000, 0x00000000d5580000)
  object space 68608K, 27% used [0x0000000080000000,0x00000000812597e8,0x0000000084300000)
 Metaspace       used 34860K, committed 35840K, reserved 1114112K
  class space    used 3616K, committed 4032K, reserved 1048576K
}
Event: 9.184 GC heap before
{Heap before GC invocations=16 (full 2):
 PSYoungGen      total 25088K, used 22001K [0x00000000d5580000, 0x00000000d7100000, 0x0000000100000000)
  eden space 22016K, 99% used [0x00000000d5580000,0x00000000d6afc438,0x00000000d6b00000)
  from space 3072K, 0% used [0x00000000d6b00000,0x00000000d6b00000,0x00000000d6e00000)
  to   space 1536K, 0% used [0x00000000d6f80000,0x00000000d6f80000,0x00000000d7100000)
 ParOldGen       total 68608K, used 18789K [0x0000000080000000, 0x0000000084300000, 0x00000000d5580000)
  object space 68608K, 27% used [0x0000000080000000,0x00000000812597e8,0x0000000084300000)
 Metaspace       used 36539K, committed 37632K, reserved 1114112K
  class space    used 3869K, committed 4416K, reserved 1048576K
}
Event: 9.186 GC heap after
{Heap after GC invocations=16 (full 2):
 PSYoungGen      total 23552K, used 1521K [0x00000000d5580000, 0x00000000d7200000, 0x0000000100000000)
  eden space 22016K, 0% used [0x00000000d5580000,0x00000000d5580000,0x00000000d6b00000)
  from space 1536K, 99% used [0x00000000d6f80000,0x00000000d70fc658,0x00000000d7100000)
  to   space 3584K, 0% used [0x00000000d6b00000,0x00000000d6b00000,0x00000000d6e80000)
 ParOldGen       total 68608K, used 19973K [0x0000000080000000, 0x0000000084300000, 0x00000000d5580000)
  object space 68608K, 29% used [0x0000000080000000,0x00000000813817f8,0x0000000084300000)
 Metaspace       used 36539K, committed 37632K, reserved 1114112K
  class space    used 3869K, committed 4416K, reserved 1048576K
}
Event: 9.313 GC heap before
{Heap before GC invocations=17 (full 2):
 PSYoungGen      total 23552K, used 23537K [0x00000000d5580000, 0x00000000d7200000, 0x0000000100000000)
  eden space 22016K, 100% used [0x00000000d5580000,0x00000000d6b00000,0x00000000d6b00000)
  from space 1536K, 99% used [0x00000000d6f80000,0x00000000d70fc658,0x00000000d7100000)
  to   space 3584K, 0% used [0x00000000d6b00000,0x00000000d6b00000,0x00000000d6e80000)
 ParOldGen       total 68608K, used 19973K [0x0000000080000000, 0x0000000084300000, 0x00000000d5580000)
  object space 68608K, 29% used [0x0000000080000000,0x00000000813817f8,0x0000000084300000)
 Metaspace       used 38472K, committed 39680K, reserved 1114112K
  class space    used 4090K, committed 4608K, reserved 1048576K
}
Event: 9.317 GC heap after
{Heap after GC invocations=17 (full 2):
 PSYoungGen      total 23552K, used 1248K [0x00000000d5580000, 0x00000000d7000000, 0x0000000100000000)
  eden space 22016K, 0% used [0x00000000d5580000,0x00000000d5580000,0x00000000d6b00000)
  from space 1536K, 81% used [0x00000000d6b00000,0x00000000d6c38000,0x00000000d6c80000)
  to   space 2048K, 0% used [0x00000000d6e00000,0x00000000d6e00000,0x00000000d7000000)
 ParOldGen       total 68608K, used 21328K [0x0000000080000000, 0x0000000084300000, 0x00000000d5580000)
  object space 68608K, 31% used [0x0000000080000000,0x00000000814d4228,0x0000000084300000)
 Metaspace       used 38472K, committed 39680K, reserved 1114112K
  class space    used 4090K, committed 4608K, reserved 1048576K
}
Event: 9.569 GC heap before
{Heap before GC invocations=18 (full 2):
 PSYoungGen      total 23552K, used 23264K [0x00000000d5580000, 0x00000000d7000000, 0x0000000100000000)
  eden space 22016K, 100% used [0x00000000d5580000,0x00000000d6b00000,0x00000000d6b00000)
  from space 1536K, 81% used [0x00000000d6b00000,0x00000000d6c38000,0x00000000d6c80000)
  to   space 2048K, 0% used [0x00000000d6e00000,0x00000000d6e00000,0x00000000d7000000)
 ParOldGen       total 68608K, used 21328K [0x0000000080000000, 0x0000000084300000, 0x00000000d5580000)
  object space 68608K, 31% used [0x0000000080000000,0x00000000814d4228,0x0000000084300000)
 Metaspace       used 40337K, committed 41472K, reserved 1114112K
  class space    used 4320K, committed 4800K, reserved 1048576K
}
Event: 9.572 GC heap after
{Heap after GC invocations=18 (full 2):
 PSYoungGen      total 23552K, used 1376K [0x00000000d5580000, 0x00000000d6f80000, 0x0000000100000000)
  eden space 22016K, 0% used [0x00000000d5580000,0x00000000d5580000,0x00000000d6b00000)
  from space 1536K, 89% used [0x00000000d6e00000,0x00000000d6f58000,0x00000000d6f80000)
  to   space 1536K, 0% used [0x00000000d6b00000,0x00000000d6b00000,0x00000000d6c80000)
 ParOldGen       total 68608K, used 22342K [0x0000000080000000, 0x0000000084300000, 0x00000000d5580000)
  object space 68608K, 32% used [0x0000000080000000,0x00000000815d19c0,0x0000000084300000)
 Metaspace       used 40337K, committed 41472K, reserved 1114112K
  class space    used 4320K, committed 4800K, reserved 1048576K
}
Event: 9.765 GC heap before
{Heap before GC invocations=19 (full 2):
 PSYoungGen      total 23552K, used 23392K [0x00000000d5580000, 0x00000000d6f80000, 0x0000000100000000)
  eden space 22016K, 100% used [0x00000000d5580000,0x00000000d6b00000,0x00000000d6b00000)
  from space 1536K, 89% used [0x00000000d6e00000,0x00000000d6f58000,0x00000000d6f80000)
  to   space 1536K, 0% used [0x00000000d6b00000,0x00000000d6b00000,0x00000000d6c80000)
 ParOldGen       total 68608K, used 22342K [0x0000000080000000, 0x0000000084300000, 0x00000000d5580000)
  object space 68608K, 32% used [0x0000000080000000,0x00000000815d19c0,0x0000000084300000)
 Metaspace       used 41713K, committed 42880K, reserved 1114112K
  class space    used 4499K, committed 4992K, reserved 1048576K
}
Event: 9.772 GC heap after
{Heap after GC invocations=19 (full 2):
 PSYoungGen      total 23552K, used 1524K [0x00000000d5580000, 0x00000000d7d00000, 0x0000000100000000)
  eden space 22016K, 0% used [0x00000000d5580000,0x00000000d5580000,0x00000000d6b00000)
  from space 1536K, 99% used [0x00000000d6b00000,0x00000000d6c7d040,0x00000000d6c80000)
  to   space 9216K, 0% used [0x00000000d7400000,0x00000000d7400000,0x00000000d7d00000)
 ParOldGen       total 68608K, used 28834K [0x0000000080000000, 0x0000000084300000, 0x00000000d5580000)
  object space 68608K, 42% used [0x0000000080000000,0x0000000081c28908,0x0000000084300000)
 Metaspace       used 41713K, committed 42880K, reserved 1114112K
  class space    used 4499K, committed 4992K, reserved 1048576K
}
Event: 10.188 GC heap before
{Heap before GC invocations=20 (full 2):
 PSYoungGen      total 23552K, used 23540K [0x00000000d5580000, 0x00000000d7d00000, 0x0000000100000000)
  eden space 22016K, 100% used [0x00000000d5580000,0x00000000d6b00000,0x00000000d6b00000)
  from space 1536K, 99% used [0x00000000d6b00000,0x00000000d6c7d040,0x00000000d6c80000)
  to   space 9216K, 0% used [0x00000000d7400000,0x00000000d7400000,0x00000000d7d00000)
 ParOldGen       total 68608K, used 28834K [0x0000000080000000, 0x0000000084300000, 0x00000000d5580000)
  object space 68608K, 42% used [0x0000000080000000,0x0000000081c28908,0x0000000084300000)
 Metaspace       used 44185K, committed 45312K, reserved 1114112K
  class space    used 4833K, committed 5312K, reserved 1048576K
}
Event: 10.191 GC heap after
{Heap after GC invocations=20 (full 2):
 PSYoungGen      total 23552K, used 1472K [0x00000000d5580000, 0x00000000d7580000, 0x0000000100000000)
  eden space 22016K, 0% used [0x00000000d5580000,0x00000000d5580000,0x00000000d6b00000)
  from space 1536K, 95% used [0x00000000d7400000,0x00000000d7570000,0x00000000d7580000)
  to   space 4096K, 0% used [0x00000000d6d80000,0x00000000d6d80000,0x00000000d7180000)
 ParOldGen       total 68608K, used 30346K [0x0000000080000000, 0x0000000084300000, 0x00000000d5580000)
  object space 68608K, 44% used [0x0000000080000000,0x0000000081da2b58,0x0000000084300000)
 Metaspace       used 44185K, committed 45312K, reserved 1114112K
  class space    used 4833K, committed 5312K, reserved 1048576K
}
Event: 10.559 GC heap before
{Heap before GC invocations=21 (full 2):
 PSYoungGen      total 23552K, used 23488K [0x00000000d5580000, 0x00000000d7580000, 0x0000000100000000)
  eden space 22016K, 100% used [0x00000000d5580000,0x00000000d6b00000,0x00000000d6b00000)
  from space 1536K, 95% used [0x00000000d7400000,0x00000000d7570000,0x00000000d7580000)
  to   space 4096K, 0% used [0x00000000d6d80000,0x00000000d6d80000,0x00000000d7180000)
 ParOldGen       total 68608K, used 30346K [0x0000000080000000, 0x0000000084300000, 0x00000000d5580000)
  object space 68608K, 44% used [0x0000000080000000,0x0000000081da2b58,0x0000000084300000)
 Metaspace       used 46806K, committed 47936K, reserved 1114112K
  class space    used 5145K, committed 5632K, reserved 1048576K
}
Event: 10.564 GC heap after
{Heap after GC invocations=21 (full 2):
 PSYoungGen      total 26112K, used 1408K [0x00000000d5580000, 0x00000000d7480000, 0x0000000100000000)
  eden space 22016K, 0% used [0x00000000d5580000,0x00000000d5580000,0x00000000d6b00000)
  from space 4096K, 34% used [0x00000000d6d80000,0x00000000d6ee0010,0x00000000d7180000)
  to   space 2048K, 0% used [0x00000000d7280000,0x00000000d7280000,0x00000000d7480000)
 ParOldGen       total 68608K, used 31634K [0x0000000080000000, 0x0000000084300000, 0x00000000d5580000)
  object space 68608K, 46% used [0x0000000080000000,0x0000000081ee4b58,0x0000000084300000)
 Metaspace       used 46806K, committed 47936K, reserved 1114112K
  class space    used 5145K, committed 5632K, reserved 1048576K
}
Event: 11.081 GC heap before
{Heap before GC invocations=22 (full 2):
 PSYoungGen      total 26112K, used 23424K [0x00000000d5580000, 0x00000000d7480000, 0x0000000100000000)
  eden space 22016K, 100% used [0x00000000d5580000,0x00000000d6b00000,0x00000000d6b00000)
  from space 4096K, 34% used [0x00000000d6d80000,0x00000000d6ee0010,0x00000000d7180000)
  to   space 2048K, 0% used [0x00000000d7280000,0x00000000d7280000,0x00000000d7480000)
 ParOldGen       total 68608K, used 31634K [0x0000000080000000, 0x0000000084300000, 0x00000000d5580000)
  object space 68608K, 46% used [0x0000000080000000,0x0000000081ee4b58,0x0000000084300000)
 Metaspace       used 47306K, committed 48448K, reserved 1114112K
  class space    used 5194K, committed 5632K, reserved 1048576K
}
Event: 11.083 GC heap after
{Heap after GC invocations=22 (full 2):
 PSYoungGen      total 22528K, used 392K [0x00000000d5580000, 0x00000000d7300000, 0x0000000100000000)
  eden space 22016K, 0% used [0x00000000d5580000,0x00000000d5580000,0x00000000d6b00000)
  from space 512K, 76% used [0x00000000d7280000,0x00000000d72e2268,0x00000000d7300000)
  to   space 1024K, 0% used [0x00000000d7100000,0x00000000d7100000,0x00000000d7200000)
 ParOldGen       total 68608K, used 32892K [0x0000000080000000, 0x0000000084300000, 0x00000000d5580000)
  object space 68608K, 47% used [0x0000000080000000,0x000000008201f360,0x0000000084300000)
 Metaspace       used 47306K, committed 48448K, reserved 1114112K
  class space    used 5194K, committed 5632K, reserved 1048576K
}

