# JRE version: OpenJDK Runtime Environment Temurin-21.0.11+10 (21.0.11+10) (build 21.0.11+10-LTS)
# Java VM: OpenJDK 64-Bit Server VM Temurin-21.0.11+10 (21.0.11+10-LTS, mixed mode, sharing, tiered, compressed oops, compressed class ptrs, parallel gc, windows-amd64)
GC Precious Log:
 CardTable entry size: 512
 CPUs: 8 total, 8 available
 Memory: 7896M
 Large Page Support: Disabled
 NUMA Support: Disabled
 Compressed Oops: Enabled (32-bit)
 Alignments: Space 512K, Generation 512K, Heap 2M
 Heap Min Capacity: 100M
 Heap Initial Capacity: 100M
 Heap Max Capacity: 2G
 Pre-touch: Disabled
 Parallel Workers: 8
Heap:
 PSYoungGen      total 13824K, used 9936K [0x00000000d5580000, 0x00000000d6480000, 0x0000000100000000)
  eden space 12288K, 68% used [0x00000000d5580000,0x00000000d5db8cd8,0x00000000d6180000)
  from space 1536K, 98% used [0x00000000d6300000,0x00000000d647b678,0x00000000d6480000)
  to   space 1536K, 0% used [0x00000000d6180000,0x00000000d6180000,0x00000000d6300000)
 ParOldGen       total 87552K, used 87127K [0x0000000080000000, 0x0000000085580000, 0x00000000d5580000)
  object space 87552K, 99% used [0x0000000080000000,0x0000000085515de0,0x0000000085580000)
 Metaspace       used 64462K, committed 66048K, reserved 1114112K
  class space    used 6799K, committed 7488K, reserved 1048576K
GC Heap History (20 events):
Event: 19.130 GC heap before
{Heap before GC invocations=82 (full 3):
 PSYoungGen      total 13312K, used 13248K [0x00000000d5580000, 0x00000000d6400000, 0x0000000100000000)
  eden space 12800K, 100% used [0x00000000d5580000,0x00000000d6200000,0x00000000d6200000)
  from space 512K, 87% used [0x00000000d6380000,0x00000000d63f0000,0x00000000d6400000)
  to   space 512K, 0% used [0x00000000d6300000,0x00000000d6300000,0x00000000d6380000)
 ParOldGen       total 79872K, used 79826K [0x0000000080000000, 0x0000000084e00000, 0x00000000d5580000)
  object space 79872K, 99% used [0x0000000080000000,0x0000000084df4928,0x0000000084e00000)
 Metaspace       used 63870K, committed 65408K, reserved 1114112K
  class space    used 6768K, committed 7424K, reserved 1048576K
}
Event: 19.131 GC heap after
{Heap after GC invocations=82 (full 3):
 PSYoungGen      total 13312K, used 416K [0x00000000d5580000, 0x00000000d6400000, 0x0000000100000000)
  eden space 12800K, 0% used [0x00000000d5580000,0x00000000d5580000,0x00000000d6200000)
  from space 512K, 81% used [0x00000000d6300000,0x00000000d6368000,0x00000000d6380000)
  to   space 512K, 0% used [0x00000000d6380000,0x00000000d6380000,0x00000000d6400000)
 ParOldGen       total 80384K, used 80106K [0x0000000080000000, 0x0000000084e80000, 0x00000000d5580000)
  object space 80384K, 99% used [0x0000000080000000,0x0000000084e3a928,0x0000000084e80000)
 Metaspace       used 63870K, committed 65408K, reserved 1114112K
  class space    used 6768K, committed 7424K, reserved 1048576K
}
Event: 19.168 GC heap before
{Heap before GC invocations=83 (full 3):
 PSYoungGen      total 13312K, used 13216K [0x00000000d5580000, 0x00000000d6400000, 0x0000000100000000)
  eden space 12800K, 100% used [0x00000000d5580000,0x00000000d6200000,0x00000000d6200000)
  from space 512K, 81% used [0x00000000d6300000,0x00000000d6368000,0x00000000d6380000)
  to   space 512K, 0% used [0x00000000d6380000,0x00000000d6380000,0x00000000d6400000)
 ParOldGen       total 80384K, used 80106K [0x0000000080000000, 0x0000000084e80000, 0x00000000d5580000)
  object space 80384K, 99% used [0x0000000080000000,0x0000000084e3a928,0x0000000084e80000)
 Metaspace       used 63874K, committed 65408K, reserved 1114112K
  class space    used 6768K, committed 7424K, reserved 1048576K
}
Event: 19.169 GC heap after
{Heap after GC invocations=83 (full 3):
 PSYoungGen      total 13312K, used 352K [0x00000000d5580000, 0x00000000d6400000, 0x0000000100000000)
  eden space 12800K, 0% used [0x00000000d5580000,0x00000000d5580000,0x00000000d6200000)
  from space 512K, 68% used [0x00000000d6380000,0x00000000d63d8000,0x00000000d6400000)
  to   space 512K, 0% used [0x00000000d6300000,0x00000000d6300000,0x00000000d6380000)
 ParOldGen       total 80896K, used 80426K [0x0000000080000000, 0x0000000084f00000, 0x00000000d5580000)
  object space 80896K, 99% used [0x0000000080000000,0x0000000084e8a928,0x0000000084f00000)
 Metaspace       used 63874K, committed 65408K, reserved 1114112K
  class space    used 6768K, committed 7424K, reserved 1048576K
}
Event: 19.203 GC heap before
{Heap before GC invocations=84 (full 3):
 PSYoungGen      total 13312K, used 13152K [0x00000000d5580000, 0x00000000d6400000, 0x0000000100000000)
  eden space 12800K, 100% used [0x00000000d5580000,0x00000000d6200000,0x00000000d6200000)
  from space 512K, 68% used [0x00000000d6380000,0x00000000d63d8000,0x00000000d6400000)
  to   space 512K, 0% used [0x00000000d6300000,0x00000000d6300000,0x00000000d6380000)
 ParOldGen       total 80896K, used 80426K [0x0000000080000000, 0x0000000084f00000, 0x00000000d5580000)
  object space 80896K, 99% used [0x0000000080000000,0x0000000084e8a928,0x0000000084f00000)
 Metaspace       used 63885K, committed 65472K, reserved 1114112K
  class space    used 6768K, committed 7424K, reserved 1048576K
}
Event: 19.204 GC heap after
{Heap after GC invocations=84 (full 3):
 PSYoungGen      total 13312K, used 384K [0x00000000d5580000, 0x00000000d6400000, 0x0000000100000000)
  eden space 12800K, 0% used [0x00000000d5580000,0x00000000d5580000,0x00000000d6200000)
  from space 512K, 75% used [0x00000000d6300000,0x00000000d6360000,0x00000000d6380000)
  to   space 512K, 0% used [0x00000000d6380000,0x00000000d6380000,0x00000000d6400000)
 ParOldGen       total 80896K, used 80706K [0x0000000080000000, 0x0000000084f00000, 0x00000000d5580000)
  object space 80896K, 99% used [0x0000000080000000,0x0000000084ed0928,0x0000000084f00000)
 Metaspace       used 63885K, committed 65472K, reserved 1114112K
  class space    used 6768K, committed 7424K, reserved 1048576K
}
Event: 19.223 GC heap before
{Heap before GC invocations=85 (full 3):
 PSYoungGen      total 13312K, used 13184K [0x00000000d5580000, 0x00000000d6400000, 0x0000000100000000)
  eden space 12800K, 100% used [0x00000000d5580000,0x00000000d6200000,0x00000000d6200000)
  from space 512K, 75% used [0x00000000d6300000,0x00000000d6360000,0x00000000d6380000)
  to   space 512K, 0% used [0x00000000d6380000,0x00000000d6380000,0x00000000d6400000)
 ParOldGen       total 80896K, used 80706K [0x0000000080000000, 0x0000000084f00000, 0x00000000d5580000)
  object space 80896K, 99% used [0x0000000080000000,0x0000000084ed0928,0x0000000084f00000)
 Metaspace       used 63885K, committed 65472K, reserved 1114112K
  class space    used 6768K, committed 7424K, reserved 1048576K
}
Event: 19.225 GC heap after
{Heap after GC invocations=85 (full 3):
 PSYoungGen      total 13312K, used 488K [0x00000000d5580000, 0x00000000d6400000, 0x0000000100000000)
  eden space 12800K, 0% used [0x00000000d5580000,0x00000000d5580000,0x00000000d6200000)
  from space 512K, 95% used [0x00000000d6380000,0x00000000d63fa368,0x00000000d6400000)
  to   space 512K, 0% used [0x00000000d6300000,0x00000000d6300000,0x00000000d6380000)
 ParOldGen       total 81920K, used 81770K [0x0000000080000000, 0x0000000085000000, 0x00000000d5580000)
  object space 81920K, 99% used [0x0000000080000000,0x0000000084fda928,0x0000000085000000)
 Metaspace       used 63885K, committed 65472K, reserved 1114112K
  class space    used 6768K, committed 7424K, reserved 1048576K
}
Event: 19.248 GC heap before
{Heap before GC invocations=86 (full 3):
 PSYoungGen      total 13312K, used 13288K [0x00000000d5580000, 0x00000000d6400000, 0x0000000100000000)
  eden space 12800K, 100% used [0x00000000d5580000,0x00000000d6200000,0x00000000d6200000)
  from space 512K, 95% used [0x00000000d6380000,0x00000000d63fa368,0x00000000d6400000)
  to   space 512K, 0% used [0x00000000d6300000,0x00000000d6300000,0x00000000d6380000)
 ParOldGen       total 81920K, used 81770K [0x0000000080000000, 0x0000000085000000, 0x00000000d5580000)
  object space 81920K, 99% used [0x0000000080000000,0x0000000084fda928,0x0000000085000000)
 Metaspace       used 63886K, committed 65472K, reserved 1114112K
  class space    used 6768K, committed 7424K, reserved 1048576K
}
Event: 19.249 GC heap after
{Heap after GC invocations=86 (full 3):
 PSYoungGen      total 13312K, used 352K [0x00000000d5580000, 0x00000000d6400000, 0x0000000100000000)
  eden space 12800K, 0% used [0x00000000d5580000,0x00000000d5580000,0x00000000d6200000)
  from space 512K, 68% used [0x00000000d6300000,0x00000000d6358000,0x00000000d6380000)
  to   space 512K, 0% used [0x00000000d6380000,0x00000000d6380000,0x00000000d6400000)
 ParOldGen       total 82432K, used 82104K [0x0000000080000000, 0x0000000085080000, 0x00000000d5580000)
  object space 82432K, 99% used [0x0000000080000000,0x000000008502e120,0x0000000085080000)
 Metaspace       used 63886K, committed 65472K, reserved 1114112K
  class space    used 6768K, committed 7424K, reserved 1048576K
}
Event: 19.278 GC heap before
{Heap before GC invocations=87 (full 3):
 PSYoungGen      total 13312K, used 13152K [0x00000000d5580000, 0x00000000d6400000, 0x0000000100000000)
  eden space 12800K, 100% used [0x00000000d5580000,0x00000000d6200000,0x00000000d6200000)
  from space 512K, 68% used [0x00000000d6300000,0x00000000d6358000,0x00000000d6380000)
  to   space 512K, 0% used [0x00000000d6380000,0x00000000d6380000,0x00000000d6400000)
 ParOldGen       total 82432K, used 82104K [0x0000000080000000, 0x0000000085080000, 0x00000000d5580000)
  object space 82432K, 99% used [0x0000000080000000,0x000000008502e120,0x0000000085080000)
 Metaspace       used 63887K, committed 65472K, reserved 1114112K
  class space    used 6768K, committed 7424K, reserved 1048576K
}
Event: 19.279 GC heap after
{Heap after GC invocations=87 (full 3):
 PSYoungGen      total 13312K, used 487K [0x00000000d5580000, 0x00000000d6400000, 0x0000000100000000)
  eden space 12800K, 0% used [0x00000000d5580000,0x00000000d5580000,0x00000000d6200000)
  from space 512K, 95% used [0x00000000d6380000,0x00000000d63f9c70,0x00000000d6400000)
  to   space 1024K, 0% used [0x00000000d6200000,0x00000000d6200000,0x00000000d6300000)
 ParOldGen       total 82944K, used 82463K [0x0000000080000000, 0x0000000085100000, 0x00000000d5580000)
  object space 82944K, 99% used [0x0000000080000000,0x0000000085087d18,0x0000000085100000)
 Metaspace       used 63887K, committed 65472K, reserved 1114112K
  class space    used 6768K, committed 7424K, reserved 1048576K
}
Event: 19.310 GC heap before
{Heap before GC invocations=88 (full 3):
 PSYoungGen      total 13312K, used 13287K [0x00000000d5580000, 0x00000000d6400000, 0x0000000100000000)
  eden space 12800K, 100% used [0x00000000d5580000,0x00000000d6200000,0x00000000d6200000)
  from space 512K, 95% used [0x00000000d6380000,0x00000000d63f9c70,0x00000000d6400000)
  to   space 1024K, 0% used [0x00000000d6200000,0x00000000d6200000,0x00000000d6300000)
 ParOldGen       total 82944K, used 82463K [0x0000000080000000, 0x0000000085100000, 0x00000000d5580000)
  object space 82944K, 99% used [0x0000000080000000,0x0000000085087d18,0x0000000085100000)
 Metaspace       used 63908K, committed 65472K, reserved 1114112K
  class space    used 6768K, committed 7424K, reserved 1048576K
}
Event: 19.311 GC heap after
{Heap after GC invocations=88 (full 3):
 PSYoungGen      total 13824K, used 687K [0x00000000d5580000, 0x00000000d6400000, 0x0000000100000000)
  eden space 12800K, 0% used [0x00000000d5580000,0x00000000d5580000,0x00000000d6200000)
  from space 1024K, 67% used [0x00000000d6200000,0x00000000d62abdb0,0x00000000d6300000)
  to   space 1024K, 0% used [0x00000000d6300000,0x00000000d6300000,0x00000000d6400000)
 ParOldGen       total 83456K, used 82979K [0x0000000080000000, 0x0000000085180000, 0x00000000d5580000)
  object space 83456K, 99% used [0x0000000080000000,0x0000000085108ec0,0x0000000085180000)
 Metaspace       used 63908K, committed 65472K, reserved 1114112K
  class space    used 6768K, committed 7424K, reserved 1048576K
}
Event: 19.363 GC heap before
{Heap before GC invocations=89 (full 3):
 PSYoungGen      total 13824K, used 13487K [0x00000000d5580000, 0x00000000d6400000, 0x0000000100000000)
  eden space 12800K, 100% used [0x00000000d5580000,0x00000000d6200000,0x00000000d6200000)
  from space 1024K, 67% used [0x00000000d6200000,0x00000000d62abdb0,0x00000000d6300000)
  to   space 1024K, 0% used [0x00000000d6300000,0x00000000d6300000,0x00000000d6400000)
 ParOldGen       total 83456K, used 82979K [0x0000000080000000, 0x0000000085180000, 0x00000000d5580000)
  object space 83456K, 99% used [0x0000000080000000,0x0000000085108ec0,0x0000000085180000)
 Metaspace       used 63961K, committed 65536K, reserved 1114112K
  class space    used 6780K, committed 7424K, reserved 1048576K
}
Event: 19.365 GC heap after
{Heap after GC invocations=89 (full 3):
 PSYoungGen      total 13312K, used 975K [0x00000000d5580000, 0x00000000d6500000, 0x0000000100000000)
  eden space 12288K, 0% used [0x00000000d5580000,0x00000000d5580000,0x00000000d6180000)
  from space 1024K, 95% used [0x00000000d6300000,0x00000000d63f3f80,0x00000000d6400000)
  to   space 1536K, 0% used [0x00000000d6180000,0x00000000d6180000,0x00000000d6300000)
 ParOldGen       total 83968K, used 83524K [0x0000000080000000, 0x0000000085200000, 0x00000000d5580000)
  object space 83968K, 99% used [0x0000000080000000,0x0000000085191350,0x0000000085200000)
 Metaspace       used 63961K, committed 65536K, reserved 1114112K
  class space    used 6780K, committed 7424K, reserved 1048576K
}
Event: 21.641 GC heap before
{Heap before GC invocations=90 (full 3):
 PSYoungGen      total 13312K, used 13263K [0x00000000d5580000, 0x00000000d6500000, 0x0000000100000000)
  eden space 12288K, 100% used [0x00000000d5580000,0x00000000d6180000,0x00000000d6180000)
  from space 1024K, 95% used [0x00000000d6300000,0x00000000d63f3f80,0x00000000d6400000)
  to   space 1536K, 0% used [0x00000000d6180000,0x00000000d6180000,0x00000000d6300000)
 ParOldGen       total 83968K, used 83524K [0x0000000080000000, 0x0000000085200000, 0x00000000d5580000)
  object space 83968K, 99% used [0x0000000080000000,0x0000000085191350,0x0000000085200000)
 Metaspace       used 64268K, committed 65792K, reserved 1114112K
  class space    used 6797K, committed 7424K, reserved 1048576K
}
Event: 21.645 GC heap after
{Heap after GC invocations=90 (full 3):
 PSYoungGen      total 13824K, used 1405K [0x00000000d5580000, 0x00000000d6480000, 0x0000000100000000)
  eden space 12288K, 0% used [0x00000000d5580000,0x00000000d5580000,0x00000000d6180000)
  from space 1536K, 91% used [0x00000000d6180000,0x00000000d62df678,0x00000000d6300000)
  to   space 1536K, 0% used [0x00000000d6300000,0x00000000d6300000,0x00000000d6480000)
 ParOldGen       total 84480K, used 83982K [0x0000000080000000, 0x0000000085280000, 0x00000000d5580000)
  object space 84480K, 99% used [0x0000000080000000,0x0000000085203930,0x0000000085280000)
 Metaspace       used 64268K, committed 65792K, reserved 1114112K
  class space    used 6797K, committed 7424K, reserved 1048576K
}
Event: 21.771 GC heap before
{Heap before GC invocations=91 (full 3):
 PSYoungGen      total 13824K, used 13693K [0x00000000d5580000, 0x00000000d6480000, 0x0000000100000000)
  eden space 12288K, 100% used [0x00000000d5580000,0x00000000d6180000,0x00000000d6180000)
  from space 1536K, 91% used [0x00000000d6180000,0x00000000d62df678,0x00000000d6300000)
  to   space 1536K, 0% used [0x00000000d6300000,0x00000000d6300000,0x00000000d6480000)
 ParOldGen       total 84480K, used 83982K [0x0000000080000000, 0x0000000085280000, 0x00000000d5580000)
  object space 84480K, 99% used [0x0000000080000000,0x0000000085203930,0x0000000085280000)
 Metaspace       used 64381K, committed 65984K, reserved 1114112K
  class space    used 6799K, committed 7488K, reserved 1048576K
}
Event: 23.779 GC heap after
{Heap after GC invocations=91 (full 3):
 PSYoungGen      total 13824K, used 1517K [0x00000000d5580000, 0x00000000d6480000, 0x0000000100000000)
  eden space 12288K, 0% used [0x00000000d5580000,0x00000000d5580000,0x00000000d6180000)
  from space 1536K, 98% used [0x00000000d6300000,0x00000000d647b678,0x00000000d6480000)
  to   space 1536K, 0% used [0x00000000d6180000,0x00000000d6180000,0x00000000d6300000)
 ParOldGen       total 87552K, used 87127K [0x0000000080000000, 0x0000000085580000, 0x00000000d5580000)
  object space 87552K, 99% used [0x0000000080000000,0x0000000085515de0,0x0000000085580000)
 Metaspace       used 64381K, committed 65984K, reserved 1114112K
  class space    used 6799K, committed 7488K, reserved 1048576K
}

