# JRE version: OpenJDK Runtime Environment Temurin-21.0.11+10 (21.0.11+10) (build 21.0.11+10-LTS)
# Java VM: OpenJDK 64-Bit Server VM Temurin-21.0.11+10 (21.0.11+10-LTS, mixed mode, sharing, tiered, compressed oops, compressed class ptrs, parallel gc, windows-amd64)
GC Precious Log:
 CardTable entry size: 512
 CPUs: 8 total, 8 available
 Memory: 7896M
 Large Page Support: Disabled
 NUMA Support: Disabled
 Compressed Oops: Enabled (32-bit)
 Alignments: Space 512K, Generation 512K, Heap 2M
 Heap Min Capacity: 100M
 Heap Initial Capacity: 100M
 Heap Max Capacity: 2G
 Pre-touch: Disabled
 Parallel Workers: 8
Heap:
 PSYoungGen      total 14336K, used 1664K [0x00000000d5580000, 0x00000000d6780000, 0x0000000100000000)
  eden space 13824K, 8% used [0x00000000d5580000,0x00000000d56b2fc8,0x00000000d6300000)
  from space 512K, 85% used [0x00000000d6700000,0x00000000d676d040,0x00000000d6780000)
  to   space 512K, 0% used [0x00000000d6680000,0x00000000d6680000,0x00000000d6700000)
 ParOldGen       total 407552K, used 407414K [0x0000000080000000, 0x0000000098e00000, 0x00000000d5580000)
  object space 407552K, 99% used [0x0000000080000000,0x0000000098ddd998,0x0000000098e00000)
 Metaspace       used 64744K, committed 66304K, reserved 1114112K
  class space    used 6992K, committed 7680K, reserved 1048576K
GC Heap History (20 events):
Event: 38.467 GC heap before
{Heap before GC invocations=331 (full 3):
 PSYoungGen      total 15360K, used 15360K [0x00000000d5580000, 0x00000000d6c80000, 0x0000000100000000)
  eden space 13824K, 100% used [0x00000000d5580000,0x00000000d6300000,0x00000000d6300000)
  from space 1536K, 100% used [0x00000000d6480000,0x00000000d6600000,0x00000000d6600000)
  to   space 3072K, 0% used [0x00000000d6980000,0x00000000d6980000,0x00000000d6c80000)
 ParOldGen       total 398848K, used 398344K [0x0000000080000000, 0x0000000098580000, 0x00000000d5580000)
  object space 398848K, 99% used [0x0000000080000000,0x00000000985023b8,0x0000000098580000)
 Metaspace       used 62802K, committed 64320K, reserved 1114112K
  class space    used 6847K, committed 7488K, reserved 1048576K
}
Event: 38.470 GC heap after
{Heap after GC invocations=331 (full 3):
 PSYoungGen      total 15360K, used 1280K [0x00000000d5580000, 0x00000000d6b00000, 0x0000000100000000)
  eden space 13824K, 0% used [0x00000000d5580000,0x00000000d5580000,0x00000000d6300000)
  from space 1536K, 83% used [0x00000000d6980000,0x00000000d6ac0000,0x00000000d6b00000)
  to   space 2048K, 0% used [0x00000000d6700000,0x00000000d6700000,0x00000000d6900000)
 ParOldGen       total 399872K, used 399710K [0x0000000080000000, 0x0000000098680000, 0x00000000d5580000)
  object space 399872K, 99% used [0x0000000080000000,0x0000000098657ad0,0x0000000098680000)
 Metaspace       used 62802K, committed 64320K, reserved 1114112K
  class space    used 6847K, committed 7488K, reserved 1048576K
}
Event: 38.581 GC heap before
{Heap before GC invocations=332 (full 3):
 PSYoungGen      total 15360K, used 15104K [0x00000000d5580000, 0x00000000d6b00000, 0x0000000100000000)
  eden space 13824K, 100% used [0x00000000d5580000,0x00000000d6300000,0x00000000d6300000)
  from space 1536K, 83% used [0x00000000d6980000,0x00000000d6ac0000,0x00000000d6b00000)
  to   space 2048K, 0% used [0x00000000d6700000,0x00000000d6700000,0x00000000d6900000)
 ParOldGen       total 399872K, used 399710K [0x0000000080000000, 0x0000000098680000, 0x00000000d5580000)
  object space 399872K, 99% used [0x0000000080000000,0x0000000098657ad0,0x0000000098680000)
 Metaspace       used 62972K, committed 64448K, reserved 1114112K
  class space    used 6847K, committed 7488K, reserved 1048576K
}
Event: 38.583 GC heap after
{Heap after GC invocations=332 (full 3):
 PSYoungGen      total 15360K, used 1184K [0x00000000d5580000, 0x00000000d6a00000, 0x0000000100000000)
  eden space 13824K, 0% used [0x00000000d5580000,0x00000000d5580000,0x00000000d6300000)
  from space 1536K, 77% used [0x00000000d6700000,0x00000000d6828000,0x00000000d6880000)
  to   space 1536K, 0% used [0x00000000d6880000,0x00000000d6880000,0x00000000d6a00000)
 ParOldGen       total 400896K, used 400772K [0x0000000080000000, 0x0000000098780000, 0x00000000d5580000)
  object space 400896K, 99% used [0x0000000080000000,0x00000000987611b8,0x0000000098780000)
 Metaspace       used 62972K, committed 64448K, reserved 1114112K
  class space    used 6847K, committed 7488K, reserved 1048576K
}
Event: 38.841 GC heap before
{Heap before GC invocations=333 (full 3):
 PSYoungGen      total 15360K, used 15008K [0x00000000d5580000, 0x00000000d6a00000, 0x0000000100000000)
  eden space 13824K, 100% used [0x00000000d5580000,0x00000000d6300000,0x00000000d6300000)
  from space 1536K, 77% used [0x00000000d6700000,0x00000000d6828000,0x00000000d6880000)
  to   space 1536K, 0% used [0x00000000d6880000,0x00000000d6880000,0x00000000d6a00000)
 ParOldGen       total 400896K, used 400772K [0x0000000080000000, 0x0000000098780000, 0x00000000d5580000)
  object space 400896K, 99% used [0x0000000080000000,0x00000000987611b8,0x0000000098780000)
 Metaspace       used 63267K, committed 64768K, reserved 1114112K
  class space    used 6891K, committed 7552K, reserved 1048576K
}
Event: 38.844 GC heap after
{Heap after GC invocations=333 (full 3):
 PSYoungGen      total 15360K, used 1376K [0x00000000d5580000, 0x00000000d6a00000, 0x0000000100000000)
  eden space 13824K, 0% used [0x00000000d5580000,0x00000000d5580000,0x00000000d6300000)
  from space 1536K, 89% used [0x00000000d6880000,0x00000000d69d8000,0x00000000d6a00000)
  to   space 1536K, 0% used [0x00000000d6700000,0x00000000d6700000,0x00000000d6880000)
 ParOldGen       total 401920K, used 401714K [0x0000000080000000, 0x0000000098880000, 0x00000000d5580000)
  object space 401920K, 99% used [0x0000000080000000,0x000000009884c890,0x0000000098880000)
 Metaspace       used 63267K, committed 64768K, reserved 1114112K
  class space    used 6891K, committed 7552K, reserved 1048576K
}
Event: 39.222 GC heap before
{Heap before GC invocations=334 (full 3):
 PSYoungGen      total 15360K, used 15200K [0x00000000d5580000, 0x00000000d6a00000, 0x0000000100000000)
  eden space 13824K, 100% used [0x00000000d5580000,0x00000000d6300000,0x00000000d6300000)
  from space 1536K, 89% used [0x00000000d6880000,0x00000000d69d8000,0x00000000d6a00000)
  to   space 1536K, 0% used [0x00000000d6700000,0x00000000d6700000,0x00000000d6880000)
 ParOldGen       total 401920K, used 401714K [0x0000000080000000, 0x0000000098880000, 0x00000000d5580000)
  object space 401920K, 99% used [0x0000000080000000,0x000000009884c890,0x0000000098880000)
 Metaspace       used 63387K, committed 64960K, reserved 1114112K
  class space    used 6892K, committed 7552K, reserved 1048576K
}
Event: 39.225 GC heap after
{Heap after GC invocations=334 (full 3):
 PSYoungGen      total 15360K, used 1536K [0x00000000d5580000, 0x00000000d6900000, 0x0000000100000000)
  eden space 13824K, 0% used [0x00000000d5580000,0x00000000d5580000,0x00000000d6300000)
  from space 1536K, 100% used [0x00000000d6700000,0x00000000d6880000,0x00000000d6880000)
  to   space 512K, 0% used [0x00000000d6880000,0x00000000d6880000,0x00000000d6900000)
 ParOldGen       total 402944K, used 402793K [0x0000000080000000, 0x0000000098980000, 0x00000000d5580000)
  object space 402944K, 99% used [0x0000000080000000,0x000000009895a5a0,0x0000000098980000)
 Metaspace       used 63387K, committed 64960K, reserved 1114112K
  class space    used 6892K, committed 7552K, reserved 1048576K
}
Event: 39.669 GC heap before
{Heap before GC invocations=335 (full 3):
 PSYoungGen      total 15360K, used 15360K [0x00000000d5580000, 0x00000000d6900000, 0x0000000100000000)
  eden space 13824K, 100% used [0x00000000d5580000,0x00000000d6300000,0x00000000d6300000)
  from space 1536K, 100% used [0x00000000d6700000,0x00000000d6880000,0x00000000d6880000)
  to   space 512K, 0% used [0x00000000d6880000,0x00000000d6880000,0x00000000d6900000)
 ParOldGen       total 402944K, used 402793K [0x0000000080000000, 0x0000000098980000, 0x00000000d5580000)
  object space 402944K, 99% used [0x0000000080000000,0x000000009895a5a0,0x0000000098980000)
 Metaspace       used 63609K, committed 65088K, reserved 1114112K
  class space    used 6893K, committed 7552K, reserved 1048576K
}
Event: 39.673 GC heap after
{Heap after GC invocations=335 (full 3):
 PSYoungGen      total 14336K, used 512K [0x00000000d5580000, 0x00000000d6900000, 0x0000000100000000)
  eden space 13824K, 0% used [0x00000000d5580000,0x00000000d5580000,0x00000000d6300000)
  from space 512K, 100% used [0x00000000d6880000,0x00000000d6900000,0x00000000d6900000)
  to   space 2048K, 0% used [0x00000000d6500000,0x00000000d6500000,0x00000000d6700000)
 ParOldGen       total 404480K, used 404149K [0x0000000080000000, 0x0000000098b00000, 0x00000000d5580000)
  object space 404480K, 99% used [0x0000000080000000,0x0000000098aad5b0,0x0000000098b00000)
 Metaspace       used 63609K, committed 65088K, reserved 1114112K
  class space    used 6893K, committed 7552K, reserved 1048576K
}
Event: 40.064 GC heap before
{Heap before GC invocations=336 (full 3):
 PSYoungGen      total 14336K, used 14336K [0x00000000d5580000, 0x00000000d6900000, 0x0000000100000000)
  eden space 13824K, 100% used [0x00000000d5580000,0x00000000d6300000,0x00000000d6300000)
  from space 512K, 100% used [0x00000000d6880000,0x00000000d6900000,0x00000000d6900000)
  to   space 2048K, 0% used [0x00000000d6500000,0x00000000d6500000,0x00000000d6700000)
 ParOldGen       total 404480K, used 404149K [0x0000000080000000, 0x0000000098b00000, 0x00000000d5580000)
  object space 404480K, 99% used [0x0000000080000000,0x0000000098aad5b0,0x0000000098b00000)
 Metaspace       used 63664K, committed 65152K, reserved 1114112K
  class space    used 6893K, committed 7552K, reserved 1048576K
}
Event: 40.065 GC heap after
{Heap after GC invocations=336 (full 3):
 PSYoungGen      total 15872K, used 736K [0x00000000d5580000, 0x00000000d6900000, 0x0000000100000000)
  eden space 13824K, 0% used [0x00000000d5580000,0x00000000d5580000,0x00000000d6300000)
  from space 2048K, 35% used [0x00000000d6500000,0x00000000d65b8000,0x00000000d6700000)
  to   space 1536K, 0% used [0x00000000d6780000,0x00000000d6780000,0x00000000d6900000)
 ParOldGen       total 404992K, used 404605K [0x0000000080000000, 0x0000000098b80000, 0x00000000d5580000)
  object space 404992K, 99% used [0x0000000080000000,0x0000000098b1f5b0,0x0000000098b80000)
 Metaspace       used 63664K, committed 65152K, reserved 1114112K
  class space    used 6893K, committed 7552K, reserved 1048576K
}
Event: 40.549 GC heap before
{Heap before GC invocations=337 (full 3):
 PSYoungGen      total 15872K, used 14560K [0x00000000d5580000, 0x00000000d6900000, 0x0000000100000000)
  eden space 13824K, 100% used [0x00000000d5580000,0x00000000d6300000,0x00000000d6300000)
  from space 2048K, 35% used [0x00000000d6500000,0x00000000d65b8000,0x00000000d6700000)
  to   space 1536K, 0% used [0x00000000d6780000,0x00000000d6780000,0x00000000d6900000)
 ParOldGen       total 404992K, used 404605K [0x0000000080000000, 0x0000000098b80000, 0x00000000d5580000)
  object space 404992K, 99% used [0x0000000080000000,0x0000000098b1f5b0,0x0000000098b80000)
 Metaspace       used 63764K, committed 65280K, reserved 1114112K
  class space    used 6901K, committed 7552K, reserved 1048576K
}
Event: 40.552 GC heap after
{Heap after GC invocations=337 (full 3):
 PSYoungGen      total 14848K, used 992K [0x00000000d5580000, 0x00000000d6880000, 0x0000000100000000)
  eden space 13824K, 0% used [0x00000000d5580000,0x00000000d5580000,0x00000000d6300000)
  from space 1024K, 96% used [0x00000000d6780000,0x00000000d6878000,0x00000000d6880000)
  to   space 1536K, 0% used [0x00000000d6580000,0x00000000d6580000,0x00000000d6700000)
 ParOldGen       total 405504K, used 405077K [0x0000000080000000, 0x0000000098c00000, 0x00000000d5580000)
  object space 405504K, 99% used [0x0000000080000000,0x0000000098b955b0,0x0000000098c00000)
 Metaspace       used 63764K, committed 65280K, reserved 1114112K
  class space    used 6901K, committed 7552K, reserved 1048576K
}
Event: 40.753 GC heap before
{Heap before GC invocations=338 (full 3):
 PSYoungGen      total 14848K, used 14816K [0x00000000d5580000, 0x00000000d6880000, 0x0000000100000000)
  eden space 13824K, 100% used [0x00000000d5580000,0x00000000d6300000,0x00000000d6300000)
  from space 1024K, 96% used [0x00000000d6780000,0x00000000d6878000,0x00000000d6880000)
  to   space 1536K, 0% used [0x00000000d6580000,0x00000000d6580000,0x00000000d6700000)
 ParOldGen       total 405504K, used 405077K [0x0000000080000000, 0x0000000098c00000, 0x00000000d5580000)
  object space 405504K, 99% used [0x0000000080000000,0x0000000098b955b0,0x0000000098c00000)
 Metaspace       used 63861K, committed 65344K, reserved 1114112K
  class space    used 6904K, committed 7552K, reserved 1048576K
}
Event: 40.755 GC heap after
{Heap after GC invocations=338 (full 3):
 PSYoungGen      total 15360K, used 384K [0x00000000d5580000, 0x00000000d6800000, 0x0000000100000000)
  eden space 13824K, 0% used [0x00000000d5580000,0x00000000d5580000,0x00000000d6300000)
  from space 1536K, 25% used [0x00000000d6580000,0x00000000d65e0000,0x00000000d6700000)
  to   space 1024K, 0% used [0x00000000d6700000,0x00000000d6700000,0x00000000d6800000)
 ParOldGen       total 406016K, used 405867K [0x0000000080000000, 0x0000000098c80000, 0x00000000d5580000)
  object space 406016K, 99% used [0x0000000080000000,0x0000000098c5acc8,0x0000000098c80000)
 Metaspace       used 63861K, committed 65344K, reserved 1114112K
  class space    used 6904K, committed 7552K, reserved 1048576K
}
Event: 51.199 GC heap before
{Heap before GC invocations=339 (full 3):
 PSYoungGen      total 15360K, used 14134K [0x00000000d5580000, 0x00000000d6800000, 0x0000000100000000)
  eden space 13824K, 99% used [0x00000000d5580000,0x00000000d62edba8,0x00000000d6300000)
  from space 1536K, 25% used [0x00000000d6580000,0x00000000d65e0000,0x00000000d6700000)
  to   space 1024K, 0% used [0x00000000d6700000,0x00000000d6700000,0x00000000d6800000)
 ParOldGen       total 406016K, used 405867K [0x0000000080000000, 0x0000000098c80000, 0x00000000d5580000)
  object space 406016K, 99% used [0x0000000080000000,0x0000000098c5acc8,0x0000000098c80000)
 Metaspace       used 64207K, committed 65728K, reserved 1114112K
  class space    used 6940K, committed 7616K, reserved 1048576K
}
Event: 51.203 GC heap after
{Heap after GC invocations=339 (full 3):
 PSYoungGen      total 14848K, used 512K [0x00000000d5580000, 0x00000000d6800000, 0x0000000100000000)
  eden space 13824K, 0% used [0x00000000d5580000,0x00000000d5580000,0x00000000d6300000)
  from space 1024K, 50% used [0x00000000d6700000,0x00000000d6780020,0x00000000d6800000)
  to   space 1024K, 0% used [0x00000000d6600000,0x00000000d6600000,0x00000000d6700000)
 ParOldGen       total 406528K, used 406027K [0x0000000080000000, 0x0000000098d00000, 0x00000000d5580000)
  object space 406528K, 99% used [0x0000000080000000,0x0000000098c82cc8,0x0000000098d00000)
 Metaspace       used 64207K, committed 65728K, reserved 1114112K
  class space    used 6940K, committed 7616K, reserved 1048576K
}
Event: 324.237 GC heap before
{Heap before GC invocations=340 (full 3):
 PSYoungGen      total 14848K, used 14336K [0x00000000d5580000, 0x00000000d6800000, 0x0000000100000000)
  eden space 13824K, 100% used [0x00000000d5580000,0x00000000d6300000,0x00000000d6300000)
  from space 1024K, 50% used [0x00000000d6700000,0x00000000d6780020,0x00000000d6800000)
  to   space 1024K, 0% used [0x00000000d6600000,0x00000000d6600000,0x00000000d6700000)
 ParOldGen       total 406528K, used 406027K [0x0000000080000000, 0x0000000098d00000, 0x00000000d5580000)
  object space 406528K, 99% used [0x0000000080000000,0x0000000098c82cc8,0x0000000098d00000)
 Metaspace       used 64739K, committed 66304K, reserved 1114112K
  class space    used 6992K, committed 7680K, reserved 1048576K
}
Event: 324.304 GC heap after
{Heap after GC invocations=340 (full 3):
 PSYoungGen      total 14848K, used 579K [0x00000000d5580000, 0x00000000d6780000, 0x0000000100000000)
  eden space 13824K, 0% used [0x00000000d5580000,0x00000000d5580000,0x00000000d6300000)
  from space 1024K, 56% used [0x00000000d6600000,0x00000000d6690f88,0x00000000d6700000)
  to   space 512K, 0% used [0x00000000d6700000,0x00000000d6700000,0x00000000d6780000)
 ParOldGen       total 406528K, used 406259K [0x0000000080000000, 0x0000000098d00000, 0x00000000d5580000)
  object space 406528K, 99% used [0x0000000080000000,0x0000000098cbcce8,0x0000000098d00000)
 Metaspace       used 64739K, committed 66304K, reserved 1114112K
  class space    used 6992K, committed 7680K, reserved 1048576K
}

