# JRE version: Java(TM) SE Runtime Environment (21.0.10+8) (build 21.0.10+8-LTS-217)
# Java VM: Java HotSpot(TM) 64-Bit Server VM (21.0.10+8-LTS-217, mixed mode, emulated-client, sharing, tiered, compressed oops, compressed class ptrs, g1 gc, windows-amd64)
GC Precious Log:
 CardTable entry size: 512
 Card Set container configuration: InlinePtr #cards 5 size 8 Array Of Cards #cards 12 size 40 Howl #buckets 4 coarsen threshold 1843 Howl Bitmap #cards 512 size 80 coarsen threshold 460 Card regions per heap region 1 cards per card region 2048
 CPUs: 8 total, 8 available
 Memory: 7896M
 Large Page Support: Disabled
 NUMA Support: Disabled
 Compressed Oops: Enabled (32-bit)
 Heap Region Size: 1M
 Heap Min Capacity: 8M
 Heap Initial Capacity: 124M
 Heap Max Capacity: 1976M
 Pre-touch: Disabled
 Parallel Workers: 8
 Concurrent Workers: 2
 Concurrent Refinement Workers: 8
 Periodic GC: Disabled
Heap:
 garbage-first heap   total 75776K, used 25747K [0x0000000084800000, 0x0000000100000000)
  region size 1024K, 3 young (3072K), 3 survivors (3072K)
 Metaspace       used 54675K, committed 55296K, reserved 1114112K
  class space    used 7789K, committed 8064K, reserved 1048576K
GC Heap History (17 events):
Event: 0.909 GC heap before
{Heap before GC invocations=0 (full 0):
 garbage-first heap   total 126976K, used 23552K [0x0000000084800000, 0x0000000100000000)
  region size 1024K, 23 young (23552K), 0 survivors (0K)
 Metaspace       used 5308K, committed 5504K, reserved 1114112K
  class space    used 680K, committed 768K, reserved 1048576K
}
Event: 0.919 GC heap after
{Heap after GC invocations=1 (full 0):
 garbage-first heap   total 126976K, used 7829K [0x0000000084800000, 0x0000000100000000)
  region size 1024K, 3 young (3072K), 3 survivors (3072K)
 Metaspace       used 5308K, committed 5504K, reserved 1114112K
  class space    used 680K, committed 768K, reserved 1048576K
}
Event: 1.454 GC heap before
{Heap before GC invocations=1 (full 0):
 garbage-first heap   total 126976K, used 35477K [0x0000000084800000, 0x0000000100000000)
  region size 1024K, 30 young (30720K), 3 survivors (3072K)
 Metaspace       used 11148K, committed 11456K, reserved 1114112K
  class space    used 1621K, committed 1792K, reserved 1048576K
}
Event: 1.460 GC heap after
{Heap after GC invocations=2 (full 0):
 garbage-first heap   total 126976K, used 10185K [0x0000000084800000, 0x0000000100000000)
  region size 1024K, 3 young (3072K), 3 survivors (3072K)
 Metaspace       used 11148K, committed 11456K, reserved 1114112K
  class space    used 1621K, committed 1792K, reserved 1048576K
}
Event: 2.143 GC heap before
{Heap before GC invocations=2 (full 0):
 garbage-first heap   total 126976K, used 57289K [0x0000000084800000, 0x0000000100000000)
  region size 1024K, 51 young (52224K), 3 survivors (3072K)
 Metaspace       used 19487K, committed 19776K, reserved 1114112K
  class space    used 2615K, committed 2752K, reserved 1048576K
}
Event: 2.154 GC heap after
{Heap after GC invocations=3 (full 0):
 garbage-first heap   total 126976K, used 15201K [0x0000000084800000, 0x0000000100000000)
  region size 1024K, 7 young (7168K), 7 survivors (7168K)
 Metaspace       used 19487K, committed 19776K, reserved 1114112K
  class space    used 2615K, committed 2752K, reserved 1048576K
}
Event: 3.051 GC heap before
{Heap before GC invocations=4 (full 0):
 garbage-first heap   total 55296K, used 55137K [0x0000000084800000, 0x0000000100000000)
  region size 1024K, 46 young (47104K), 7 survivors (7168K)
 Metaspace       used 25422K, committed 25856K, reserved 1114112K
  class space    used 3568K, committed 3776K, reserved 1048576K
}
Event: 3.063 GC heap after
{Heap after GC invocations=5 (full 0):
 garbage-first heap   total 65536K, used 17692K [0x0000000084800000, 0x0000000100000000)
  region size 1024K, 8 young (8192K), 8 survivors (8192K)
 Metaspace       used 25422K, committed 25856K, reserved 1114112K
  class space    used 3568K, committed 3776K, reserved 1048576K
}
Event: 3.754 GC heap before
{Heap before GC invocations=5 (full 0):
 garbage-first heap   total 65536K, used 48412K [0x0000000084800000, 0x0000000100000000)
  region size 1024K, 38 young (38912K), 8 survivors (8192K)
 Metaspace       used 30926K, committed 31424K, reserved 1114112K
  class space    used 4319K, committed 4544K, reserved 1048576K
}
Event: 3.768 GC heap after
{Heap after GC invocations=6 (full 0):
 garbage-first heap   total 78848K, used 20768K [0x0000000084800000, 0x0000000100000000)
  region size 1024K, 4 young (4096K), 4 survivors (4096K)
 Metaspace       used 30926K, committed 31424K, reserved 1114112K
  class space    used 4319K, committed 4544K, reserved 1048576K
}
Event: 3.857 GC heap before
{Heap before GC invocations=6 (full 0):
 garbage-first heap   total 78848K, used 23840K [0x0000000084800000, 0x0000000100000000)
  region size 1024K, 8 young (8192K), 4 survivors (4096K)
 Metaspace       used 32445K, committed 32960K, reserved 1114112K
  class space    used 4466K, committed 4672K, reserved 1048576K
}
Event: 3.863 GC heap after
{Heap after GC invocations=7 (full 0):
 garbage-first heap   total 78848K, used 20634K [0x0000000084800000, 0x0000000100000000)
  region size 1024K, 4 young (4096K), 4 survivors (4096K)
 Metaspace       used 32445K, committed 32960K, reserved 1114112K
  class space    used 4466K, committed 4672K, reserved 1048576K
}
Event: 4.846 GC heap before
{Heap before GC invocations=8 (full 0):
 garbage-first heap   total 75776K, used 61594K [0x0000000084800000, 0x0000000100000000)
  region size 1024K, 44 young (45056K), 4 survivors (4096K)
 Metaspace       used 42824K, committed 43328K, reserved 1114112K
  class space    used 5997K, committed 6208K, reserved 1048576K
}
Event: 4.860 GC heap after
{Heap after GC invocations=9 (full 0):
 garbage-first heap   total 75776K, used 23724K [0x0000000084800000, 0x0000000100000000)
  region size 1024K, 4 young (4096K), 4 survivors (4096K)
 Metaspace       used 42824K, committed 43328K, reserved 1114112K
  class space    used 5997K, committed 6208K, reserved 1048576K
}
Event: 5.663 GC heap before
{Heap before GC invocations=9 (full 0):
 garbage-first heap   total 75776K, used 61612K [0x0000000084800000, 0x0000000100000000)
  region size 1024K, 42 young (43008K), 4 survivors (4096K)
 Metaspace       used 51986K, committed 52544K, reserved 1114112K
  class space    used 7420K, committed 7680K, reserved 1048576K
}
Event: 5.674 GC heap after
{Heap after GC invocations=10 (full 0):
 garbage-first heap   total 75776K, used 25185K [0x0000000084800000, 0x0000000100000000)
  region size 1024K, 2 young (2048K), 2 survivors (2048K)
 Metaspace       used 51986K, committed 52544K, reserved 1114112K
  class space    used 7420K, committed 7680K, reserved 1048576K
}
Event: 5.988 GC heap before
{Heap before GC invocations=10 (full 0):
 garbage-first heap   total 75776K, used 34401K [0x0000000084800000, 0x0000000100000000)
  region size 1024K, 12 young (12288K), 2 survivors (2048K)
 Metaspace       used 54675K, committed 55296K, reserved 1114112K
  class space    used 7789K, committed 8064K, reserved 1048576K
}

